
1:     file format elf64-x86-64


Disassembly of section .text:

0000000000400144 <_start>:
  400144:	48 31 ed             	xor    %rbp,%rbp
  400147:	5f                   	pop    %rdi
  400148:	48 89 e6             	mov    %rsp,%rsi
  40014b:	48 83 e4 f0          	and    $0xfffffffffffffff0,%rsp
  40014f:	e8 0d 00 00 00       	callq  400161 <main>
  400154:	48 89 c7             	mov    %rax,%rdi
  400157:	48 c7 c0 3c 00 00 00 	mov    $0x3c,%rax
  40015e:	0f 05                	syscall 
  400160:	f4                   	hlt    

0000000000400161 <main>:
  400161:	55                   	push   %rbp
  400162:	48 89 e5             	mov    %rsp,%rbp
  400165:	41 57                	push   %r15
  400167:	41 56                	push   %r14
  400169:	41 55                	push   %r13
  40016b:	41 54                	push   %r12
  40016d:	53                   	push   %rbx
  40016e:	48 83 ec 48          	sub    $0x48,%rsp
  400172:	89 7d 9c             	mov    %edi,-0x64(%rbp)
  400175:	48 89 75 90          	mov    %rsi,-0x70(%rbp)
  400179:	48 89 e0             	mov    %rsp,%rax
  40017c:	48 89 c3             	mov    %rax,%rbx
  40017f:	c7 45 c4 e8 03 00 00 	movl   $0x3e8,-0x3c(%rbp)
  400186:	83 7d 9c 02          	cmpl   $0x2,-0x64(%rbp)
  40018a:	75 16                	jne    4001a2 <main+0x41>
  40018c:	48 8b 45 90          	mov    -0x70(%rbp),%rax
  400190:	48 83 c0 08          	add    $0x8,%rax
  400194:	48 8b 00             	mov    (%rax),%rax
  400197:	48 89 c7             	mov    %rax,%rdi
  40019a:	e8 f3 00 00 00       	callq  400292 <atol>
  40019f:	89 45 cc             	mov    %eax,-0x34(%rbp)
  4001a2:	8b 45 cc             	mov    -0x34(%rbp),%eax
  4001a5:	89 c7                	mov    %eax,%edi
  4001a7:	e8 45 01 00 00       	callq  4002f1 <srand>
  4001ac:	e8 36 01 00 00       	callq  4002e7 <rand>
  4001b1:	99                   	cltd   
  4001b2:	f7 7d c4             	idivl  -0x3c(%rbp)
  4001b5:	89 d0                	mov    %edx,%eax
  4001b7:	83 c0 01             	add    $0x1,%eax
  4001ba:	89 45 c0             	mov    %eax,-0x40(%rbp)
  4001bd:	8b 45 c0             	mov    -0x40(%rbp),%eax
  4001c0:	48 63 d0             	movslq %eax,%rdx
  4001c3:	48 83 ea 01          	sub    $0x1,%rdx
  4001c7:	48 89 55 b8          	mov    %rdx,-0x48(%rbp)
  4001cb:	48 63 d0             	movslq %eax,%rdx
  4001ce:	49 89 d6             	mov    %rdx,%r14
  4001d1:	41 bf 00 00 00 00    	mov    $0x0,%r15d
  4001d7:	48 63 d0             	movslq %eax,%rdx
  4001da:	49 89 d4             	mov    %rdx,%r12
  4001dd:	41 bd 00 00 00 00    	mov    $0x0,%r13d
  4001e3:	48 98                	cltq   
  4001e5:	48 c1 e0 02          	shl    $0x2,%rax
  4001e9:	48 8d 50 03          	lea    0x3(%rax),%rdx
  4001ed:	b8 10 00 00 00       	mov    $0x10,%eax
  4001f2:	48 83 e8 01          	sub    $0x1,%rax
  4001f6:	48 01 d0             	add    %rdx,%rax
  4001f9:	b9 10 00 00 00       	mov    $0x10,%ecx
  4001fe:	ba 00 00 00 00       	mov    $0x0,%edx
  400203:	48 f7 f1             	div    %rcx
  400206:	48 6b c0 10          	imul   $0x10,%rax,%rax
  40020a:	48 29 c4             	sub    %rax,%rsp
  40020d:	48 89 e0             	mov    %rsp,%rax
  400210:	48 83 c0 03          	add    $0x3,%rax
  400214:	48 c1 e8 02          	shr    $0x2,%rax
  400218:	48 c1 e0 02          	shl    $0x2,%rax
  40021c:	48 89 45 b0          	mov    %rax,-0x50(%rbp)
  400220:	c7 45 c8 00 00 00 00 	movl   $0x0,-0x38(%rbp)
  400227:	eb 18                	jmp    400241 <main+0xe0>
  400229:	e8 b9 00 00 00       	callq  4002e7 <rand>
  40022e:	89 c1                	mov    %eax,%ecx
  400230:	48 8b 45 b0          	mov    -0x50(%rbp),%rax
  400234:	8b 55 c8             	mov    -0x38(%rbp),%edx
  400237:	48 63 d2             	movslq %edx,%rdx
  40023a:	89 0c 90             	mov    %ecx,(%rax,%rdx,4)
  40023d:	83 45 c8 01          	addl   $0x1,-0x38(%rbp)
  400241:	8b 45 c8             	mov    -0x38(%rbp),%eax
  400244:	3b 45 c0             	cmp    -0x40(%rbp),%eax
  400247:	7c e0                	jl     400229 <main+0xc8>
  400249:	e8 99 00 00 00       	callq  4002e7 <rand>
  40024e:	99                   	cltd   
  40024f:	f7 7d c0             	idivl  -0x40(%rbp)
  400252:	89 55 ac             	mov    %edx,-0x54(%rbp)
  400255:	48 8b 45 b0          	mov    -0x50(%rbp),%rax
  400259:	8b 55 ac             	mov    -0x54(%rbp),%edx
  40025c:	48 63 d2             	movslq %edx,%rdx
  40025f:	8b 04 90             	mov    (%rax,%rdx,4),%eax
  400262:	89 c6                	mov    %eax,%esi
  400264:	bf b0 15 40 00       	mov    $0x4015b0,%edi
  400269:	b8 00 00 00 00       	mov    $0x0,%eax
  40026e:	e8 bb 00 00 00       	callq  40032e <printf>
  400273:	48 8b 45 b0          	mov    -0x50(%rbp),%rax
  400277:	8b 55 ac             	mov    -0x54(%rbp),%edx
  40027a:	48 63 d2             	movslq %edx,%rdx
  40027d:	8b 04 90             	mov    (%rax,%rdx,4),%eax
  400280:	48 89 dc             	mov    %rbx,%rsp
  400283:	48 8d 65 d8          	lea    -0x28(%rbp),%rsp
  400287:	5b                   	pop    %rbx
  400288:	41 5c                	pop    %r12
  40028a:	41 5d                	pop    %r13
  40028c:	41 5e                	pop    %r14
  40028e:	41 5f                	pop    %r15
  400290:	5d                   	pop    %rbp
  400291:	c3                   	retq   

0000000000400292 <atol>:
  400292:	8a 07                	mov    (%rdi),%al
  400294:	8d 50 f7             	lea    -0x9(%rax),%edx
  400297:	80 fa 04             	cmp    $0x4,%dl
  40029a:	77 05                	ja     4002a1 <atol+0xf>
  40029c:	48 ff c7             	inc    %rdi
  40029f:	eb f1                	jmp    400292 <atol>
  4002a1:	3c 20                	cmp    $0x20,%al
  4002a3:	74 f7                	je     40029c <atol+0xa>
  4002a5:	3c 2b                	cmp    $0x2b,%al
  4002a7:	74 09                	je     4002b2 <atol+0x20>
  4002a9:	3c 2d                	cmp    $0x2d,%al
  4002ab:	75 0c                	jne    4002b9 <atol+0x27>
  4002ad:	83 ca ff             	or     $0xffffffff,%edx
  4002b0:	eb 02                	jmp    4002b4 <atol+0x22>
  4002b2:	31 d2                	xor    %edx,%edx
  4002b4:	48 ff c7             	inc    %rdi
  4002b7:	eb 02                	jmp    4002bb <atol+0x29>
  4002b9:	31 d2                	xor    %edx,%edx
  4002bb:	31 c0                	xor    %eax,%eax
  4002bd:	48 0f be 0f          	movsbq (%rdi),%rcx
  4002c1:	0f be f1             	movsbl %cl,%esi
  4002c4:	83 ee 30             	sub    $0x30,%esi
  4002c7:	83 fe 09             	cmp    $0x9,%esi
  4002ca:	77 0e                	ja     4002da <atol+0x48>
  4002cc:	48 6b c0 0a          	imul   $0xa,%rax,%rax
  4002d0:	48 ff c7             	inc    %rdi
  4002d3:	48 8d 44 08 d0       	lea    -0x30(%rax,%rcx,1),%rax
  4002d8:	eb e3                	jmp    4002bd <atol+0x2b>
  4002da:	48 89 c1             	mov    %rax,%rcx
  4002dd:	48 f7 d9             	neg    %rcx
  4002e0:	85 d2                	test   %edx,%edx
  4002e2:	48 0f 45 c1          	cmovne %rcx,%rax
  4002e6:	c3                   	retq   

00000000004002e7 <rand>:
  4002e7:	bf 00 20 60 00       	mov    $0x602000,%edi
  4002ec:	e9 11 00 00 00       	jmpq   400302 <rand_r>

00000000004002f1 <srand>:
  4002f1:	b8 17 00 00 00       	mov    $0x17,%eax
  4002f6:	85 ff                	test   %edi,%edi
  4002f8:	0f 45 c7             	cmovne %edi,%eax
  4002fb:	89 05 ff 1c 20 00    	mov    %eax,0x201cff(%rip)        # 602000 <memmove+0x200aa6>
  400301:	c3                   	retq   

0000000000400302 <rand_r>:
  400302:	8b 07                	mov    (%rdi),%eax
  400304:	be c8 ad 00 00       	mov    $0xadc8,%esi
  400309:	99                   	cltd   
  40030a:	f7 fe                	idiv   %esi
  40030c:	8b 07                	mov    (%rdi),%eax
  40030e:	be 38 52 ff ff       	mov    $0xffff5238,%esi
  400313:	69 ca 8f bc 00 00    	imul   $0xbc8f,%edx,%ecx
  400319:	99                   	cltd   
  40031a:	f7 fe                	idiv   %esi
  40031c:	69 c0 47 0d 00 00    	imul   $0xd47,%eax,%eax
  400322:	01 c8                	add    %ecx,%eax
  400324:	79 05                	jns    40032b <rand_r+0x29>
  400326:	05 ff ff ff 7f       	add    $0x7fffffff,%eax
  40032b:	89 07                	mov    %eax,(%rdi)
  40032d:	c3                   	retq   

000000000040032e <printf>:
  40032e:	48 81 ec d8 00 00 00 	sub    $0xd8,%rsp
  400335:	84 c0                	test   %al,%al
  400337:	48 89 74 24 28       	mov    %rsi,0x28(%rsp)
  40033c:	48 89 54 24 30       	mov    %rdx,0x30(%rsp)
  400341:	48 89 4c 24 38       	mov    %rcx,0x38(%rsp)
  400346:	4c 89 44 24 40       	mov    %r8,0x40(%rsp)
  40034b:	4c 89 4c 24 48       	mov    %r9,0x48(%rsp)
  400350:	74 37                	je     400389 <printf+0x5b>
  400352:	0f 29 44 24 50       	movaps %xmm0,0x50(%rsp)
  400357:	0f 29 4c 24 60       	movaps %xmm1,0x60(%rsp)
  40035c:	0f 29 54 24 70       	movaps %xmm2,0x70(%rsp)
  400361:	0f 29 9c 24 80 00 00 	movaps %xmm3,0x80(%rsp)
  400368:	00 
  400369:	0f 29 a4 24 90 00 00 	movaps %xmm4,0x90(%rsp)
  400370:	00 
  400371:	0f 29 ac 24 a0 00 00 	movaps %xmm5,0xa0(%rsp)
  400378:	00 
  400379:	0f 29 b4 24 b0 00 00 	movaps %xmm6,0xb0(%rsp)
  400380:	00 
  400381:	0f 29 bc 24 c0 00 00 	movaps %xmm7,0xc0(%rsp)
  400388:	00 
  400389:	48 8d 84 24 e0 00 00 	lea    0xe0(%rsp),%rax
  400390:	00 
  400391:	48 8d 74 24 08       	lea    0x8(%rsp),%rsi
  400396:	48 89 44 24 10       	mov    %rax,0x10(%rsp)
  40039b:	48 8d 44 24 20       	lea    0x20(%rsp),%rax
  4003a0:	c7 44 24 08 08 00 00 	movl   $0x8,0x8(%rsp)
  4003a7:	00 
  4003a8:	c7 44 24 0c 30 00 00 	movl   $0x30,0xc(%rsp)
  4003af:	00 
  4003b0:	48 89 44 24 18       	mov    %rax,0x18(%rsp)
  4003b5:	e8 27 00 00 00       	callq  4003e1 <vprintf>
  4003ba:	48 81 c4 d8 00 00 00 	add    $0xd8,%rsp
  4003c1:	c3                   	retq   

00000000004003c2 <__stdio_outs>:
  4003c2:	53                   	push   %rbx
  4003c3:	48 89 f2             	mov    %rsi,%rdx
  4003c6:	48 89 f3             	mov    %rsi,%rbx
  4003c9:	48 89 fe             	mov    %rdi,%rsi
  4003cc:	bf 01 00 00 00       	mov    $0x1,%edi
  4003d1:	e8 33 00 00 00       	callq  400409 <__libc_write>
  4003d6:	48 39 d8             	cmp    %rbx,%rax
  4003d9:	0f 94 c0             	sete   %al
  4003dc:	0f b6 c0             	movzbl %al,%eax
  4003df:	5b                   	pop    %rbx
  4003e0:	c3                   	retq   

00000000004003e1 <vprintf>:
  4003e1:	48 83 ec 18          	sub    $0x18,%rsp
  4003e5:	48 89 f2             	mov    %rsi,%rdx
  4003e8:	48 89 fe             	mov    %rdi,%rsi
  4003eb:	48 89 e7             	mov    %rsp,%rdi
  4003ee:	48 c7 04 24 00 00 00 	movq   $0x0,(%rsp)
  4003f5:	00 
  4003f6:	48 c7 44 24 08 c2 03 	movq   $0x4003c2,0x8(%rsp)
  4003fd:	40 00 
  4003ff:	e8 9a 00 00 00       	callq  40049e <__v_printf>
  400404:	48 83 c4 18          	add    $0x18,%rsp
  400408:	c3                   	retq   

0000000000400409 <__libc_write>:
  400409:	b0 01                	mov    $0x1,%al
  40040b:	e9 a7 0c 00 00       	jmpq   4010b7 <__unified_syscall>
  400410:	41 56                	push   %r14
  400412:	85 d2                	test   %edx,%edx
  400414:	41 55                	push   %r13
  400416:	41 54                	push   %r12
  400418:	55                   	push   %rbp
  400419:	53                   	push   %rbx
  40041a:	89 d3                	mov    %edx,%ebx
  40041c:	7e 70                	jle    40048e <__libc_write+0x85>
  40041e:	89 d0                	mov    %edx,%eax
  400420:	03 07                	add    (%rdi),%eax
  400422:	49 89 fc             	mov    %rdi,%r12
  400425:	72 6b                	jb     400492 <__libc_write+0x89>
  400427:	48 89 f5             	mov    %rsi,%rbp
  40042a:	41 89 ce             	mov    %ecx,%r14d
  40042d:	41 89 d5             	mov    %edx,%r13d
  400430:	41 83 fd 0f          	cmp    $0xf,%r13d
  400434:	76 27                	jbe    40045d <__libc_write+0x54>
  400436:	31 ff                	xor    %edi,%edi
  400438:	41 83 fe 30          	cmp    $0x30,%r14d
  40043c:	48 8b 55 00          	mov    0x0(%rbp),%rdx
  400440:	40 0f 94 c7          	sete   %dil
  400444:	be 10 00 00 00       	mov    $0x10,%esi
  400449:	41 83 ed 10          	sub    $0x10,%r13d
  40044d:	48 c1 e7 04          	shl    $0x4,%rdi
  400451:	48 81 c7 c0 15 40 00 	add    $0x4015c0,%rdi
  400458:	ff 55 08             	callq  *0x8(%rbp)
  40045b:	eb d3                	jmp    400430 <__libc_write+0x27>
  40045d:	41 89 dd             	mov    %ebx,%r13d
  400460:	41 83 e5 f0          	and    $0xfffffff0,%r13d
  400464:	83 e3 0f             	and    $0xf,%ebx
  400467:	74 21                	je     40048a <__libc_write+0x81>
  400469:	31 ff                	xor    %edi,%edi
  40046b:	41 83 fe 30          	cmp    $0x30,%r14d
  40046f:	89 de                	mov    %ebx,%esi
  400471:	40 0f 94 c7          	sete   %dil
  400475:	41 01 dd             	add    %ebx,%r13d
  400478:	48 8b 55 00          	mov    0x0(%rbp),%rdx
  40047c:	48 c1 e7 04          	shl    $0x4,%rdi
  400480:	48 81 c7 c0 15 40 00 	add    $0x4015c0,%rdi
  400487:	ff 55 08             	callq  *0x8(%rbp)
  40048a:	45 01 2c 24          	add    %r13d,(%r12)
  40048e:	31 c0                	xor    %eax,%eax
  400490:	eb 03                	jmp    400495 <__libc_write+0x8c>
  400492:	83 c8 ff             	or     $0xffffffff,%eax
  400495:	5b                   	pop    %rbx
  400496:	5d                   	pop    %rbp
  400497:	41 5c                	pop    %r12
  400499:	41 5d                	pop    %r13
  40049b:	41 5e                	pop    %r14
  40049d:	c3                   	retq   

000000000040049e <__v_printf>:
  40049e:	41 57                	push   %r15
  4004a0:	41 56                	push   %r14
  4004a2:	41 55                	push   %r13
  4004a4:	41 54                	push   %r12
  4004a6:	55                   	push   %rbp
  4004a7:	53                   	push   %rbx
  4004a8:	48 89 d3             	mov    %rdx,%rbx
  4004ab:	48 81 ec d8 00 00 00 	sub    $0xd8,%rsp
  4004b2:	48 8d 44 24 51       	lea    0x51(%rsp),%rax
  4004b7:	48 89 7c 24 08       	mov    %rdi,0x8(%rsp)
  4004bc:	48 89 34 24          	mov    %rsi,(%rsp)
  4004c0:	c7 44 24 44 00 00 00 	movl   $0x0,0x44(%rsp)
  4004c7:	00 
  4004c8:	48 89 44 24 28       	mov    %rax,0x28(%rsp)
  4004cd:	48 8b 04 24          	mov    (%rsp),%rax
  4004d1:	80 38 00             	cmpb   $0x0,(%rax)
  4004d4:	0f 84 0d 09 00 00    	je     400de7 <__v_printf+0x949>
  4004da:	8a 10                	mov    (%rax),%dl
  4004dc:	49 89 c4             	mov    %rax,%r12
  4004df:	48 89 c5             	mov    %rax,%rbp
  4004e2:	4c 2b 24 24          	sub    (%rsp),%r12
  4004e6:	48 ff c0             	inc    %rax
  4004e9:	80 fa 25             	cmp    $0x25,%dl
  4004ec:	74 04                	je     4004f2 <__v_printf+0x54>
  4004ee:	84 d2                	test   %dl,%dl
  4004f0:	75 e8                	jne    4004da <__v_printf+0x3c>
  4004f2:	4d 85 e4             	test   %r12,%r12
  4004f5:	74 2e                	je     400525 <__v_printf+0x87>
  4004f7:	0f 88 f0 08 00 00    	js     400ded <__v_printf+0x94f>
  4004fd:	44 89 e0             	mov    %r12d,%eax
  400500:	03 44 24 44          	add    0x44(%rsp),%eax
  400504:	0f 82 e3 08 00 00    	jb     400ded <__v_printf+0x94f>
  40050a:	48 8b 44 24 08       	mov    0x8(%rsp),%rax
  40050f:	4c 89 e6             	mov    %r12,%rsi
  400512:	48 8b 3c 24          	mov    (%rsp),%rdi
  400516:	48 8b 10             	mov    (%rax),%rdx
  400519:	ff 50 08             	callq  *0x8(%rax)
  40051c:	44 01 64 24 44       	add    %r12d,0x44(%rsp)
  400521:	48 89 2c 24          	mov    %rbp,(%rsp)
  400525:	48 8b 04 24          	mov    (%rsp),%rax
  400529:	80 38 25             	cmpb   $0x25,(%rax)
  40052c:	75 9f                	jne    4004cd <__v_printf+0x2f>
  40052e:	48 89 c7             	mov    %rax,%rdi
  400531:	45 31 e4             	xor    %r12d,%r12d
  400534:	45 31 ed             	xor    %r13d,%r13d
  400537:	48 ff c7             	inc    %rdi
  40053a:	45 31 ff             	xor    %r15d,%r15d
  40053d:	45 31 d2             	xor    %r10d,%r10d
  400540:	c6 44 24 10 00       	movb   $0x0,0x10(%rsp)
  400545:	c6 44 24 38 00       	movb   $0x0,0x38(%rsp)
  40054a:	45 31 c9             	xor    %r9d,%r9d
  40054d:	c6 44 24 1f 00       	movb   $0x0,0x1f(%rsp)
  400552:	c6 44 24 1e 20       	movb   $0x20,0x1e(%rsp)
  400557:	48 8d 47 01          	lea    0x1(%rdi),%rax
  40055b:	48 89 04 24          	mov    %rax,(%rsp)
  40055f:	8a 07                	mov    (%rdi),%al
  400561:	3c 63                	cmp    $0x63,%al
  400563:	88 44 24 43          	mov    %al,0x43(%rsp)
  400567:	0f 84 3d 02 00 00    	je     4007aa <__v_printf+0x30c>
  40056d:	0f 87 82 00 00 00    	ja     4005f5 <__v_printf+0x157>
  400573:	3c 2d                	cmp    $0x2d,%al
  400575:	75 07                	jne    40057e <__v_printf+0xe0>
  400577:	c6 44 24 1f 01       	movb   $0x1,0x1f(%rsp)
  40057c:	eb 21                	jmp    40059f <__v_printf+0x101>
  40057e:	77 42                	ja     4005c2 <__v_printf+0x124>
  400580:	3c 23                	cmp    $0x23,%al
  400582:	0f 84 e0 00 00 00    	je     400668 <__v_printf+0x1ca>
  400588:	77 1b                	ja     4005a5 <__v_printf+0x107>
  40058a:	84 c0                	test   %al,%al
  40058c:	0f 84 5b 08 00 00    	je     400ded <__v_printf+0x94f>
  400592:	3c 20                	cmp    $0x20,%al
  400594:	0f 85 33 ff ff ff    	jne    4004cd <__v_printf+0x2f>
  40059a:	c6 44 24 38 01       	movb   $0x1,0x38(%rsp)
  40059f:	48 8b 3c 24          	mov    (%rsp),%rdi
  4005a3:	eb b2                	jmp    400557 <__v_printf+0xb9>
  4005a5:	3c 2a                	cmp    $0x2a,%al
  4005a7:	0f 84 3c 01 00 00    	je     4006e9 <__v_printf+0x24b>
  4005ad:	3c 2b                	cmp    $0x2b,%al
  4005af:	0f 84 c9 00 00 00    	je     40067e <__v_printf+0x1e0>
  4005b5:	3c 25                	cmp    $0x25,%al
  4005b7:	0f 85 10 ff ff ff    	jne    4004cd <__v_printf+0x2f>
  4005bd:	e9 0e 02 00 00       	jmpq   4007d0 <__v_printf+0x332>
  4005c2:	3c 39                	cmp    $0x39,%al
  4005c4:	77 15                	ja     4005db <__v_printf+0x13d>
  4005c6:	3c 30                	cmp    $0x30,%al
  4005c8:	0f 83 ba 00 00 00    	jae    400688 <__v_printf+0x1ea>
  4005ce:	3c 2e                	cmp    $0x2e,%al
  4005d0:	0f 84 55 01 00 00    	je     40072b <__v_printf+0x28d>
  4005d6:	e9 f2 fe ff ff       	jmpq   4004cd <__v_printf+0x2f>
  4005db:	3c 58                	cmp    $0x58,%al
  4005dd:	0f 84 2e 04 00 00    	je     400a11 <__v_printf+0x573>
  4005e3:	3c 62                	cmp    $0x62,%al
  4005e5:	0f 84 8b 04 00 00    	je     400a76 <__v_printf+0x5d8>
  4005eb:	3c 4c                	cmp    $0x4c,%al
  4005ed:	0f 85 da fe ff ff    	jne    4004cd <__v_printf+0x2f>
  4005f3:	eb 7e                	jmp    400673 <__v_printf+0x1d5>
  4005f5:	3c 6c                	cmp    $0x6c,%al
  4005f7:	74 7d                	je     400676 <__v_printf+0x1d8>
  4005f9:	77 2c                	ja     400627 <__v_printf+0x189>
  4005fb:	3c 67                	cmp    $0x67,%al
  4005fd:	77 15                	ja     400614 <__v_printf+0x176>
  4005ff:	3c 66                	cmp    $0x66,%al
  400601:	0f 83 13 06 00 00    	jae    400c1a <__v_printf+0x77c>
  400607:	3c 64                	cmp    $0x64,%al
  400609:	0f 84 3b 04 00 00    	je     400a4a <__v_printf+0x5ac>
  40060f:	e9 b9 fe ff ff       	jmpq   4004cd <__v_printf+0x2f>
  400614:	3c 69                	cmp    $0x69,%al
  400616:	0f 84 2e 04 00 00    	je     400a4a <__v_printf+0x5ac>
  40061c:	72 4d                	jb     40066b <__v_printf+0x1cd>
  40061e:	3c 6a                	cmp    $0x6a,%al
  400620:	74 54                	je     400676 <__v_printf+0x1d8>
  400622:	e9 a6 fe ff ff       	jmpq   4004cd <__v_printf+0x2f>
  400627:	3c 73                	cmp    $0x73,%al
  400629:	0f 84 ca 01 00 00    	je     4007f9 <__v_printf+0x35b>
  40062f:	77 19                	ja     40064a <__v_printf+0x1ac>
  400631:	3c 70                	cmp    $0x70,%al
  400633:	0f 84 cd 03 00 00    	je     400a06 <__v_printf+0x568>
  400639:	3c 71                	cmp    $0x71,%al
  40063b:	74 36                	je     400673 <__v_printf+0x1d5>
  40063d:	3c 6f                	cmp    $0x6f,%al
  40063f:	0f 84 12 04 00 00    	je     400a57 <__v_printf+0x5b9>
  400645:	e9 83 fe ff ff       	jmpq   4004cd <__v_printf+0x2f>
  40064a:	3c 78                	cmp    $0x78,%al
  40064c:	0f 84 ca 03 00 00    	je     400a1c <__v_printf+0x57e>
  400652:	3c 7a                	cmp    $0x7a,%al
  400654:	74 20                	je     400676 <__v_printf+0x1d8>
  400656:	3c 75                	cmp    $0x75,%al
  400658:	0f 85 6f fe ff ff    	jne    4004cd <__v_printf+0x2f>
  40065e:	b9 0a 00 00 00       	mov    $0xa,%ecx
  400663:	e9 1a 04 00 00       	jmpq   400a82 <__v_printf+0x5e4>
  400668:	41 b1 ff             	mov    $0xff,%r9b
  40066b:	41 ff cf             	dec    %r15d
  40066e:	e9 2c ff ff ff       	jmpq   40059f <__v_printf+0x101>
  400673:	41 ff c7             	inc    %r15d
  400676:	41 ff c7             	inc    %r15d
  400679:	e9 21 ff ff ff       	jmpq   40059f <__v_printf+0x101>
  40067e:	c6 44 24 10 01       	movb   $0x1,0x10(%rsp)
  400683:	e9 17 ff ff ff       	jmpq   40059f <__v_printf+0x101>
  400688:	45 84 d2             	test   %r10b,%r10b
  40068b:	44 89 4c 24 20       	mov    %r9d,0x20(%rsp)
  400690:	44 89 14 24          	mov    %r10d,(%rsp)
  400694:	0f 85 53 07 00 00    	jne    400ded <__v_printf+0x94f>
  40069a:	48 8d 74 24 48       	lea    0x48(%rsp),%rsi
  40069f:	ba 0a 00 00 00       	mov    $0xa,%edx
  4006a4:	e8 8d 08 00 00       	callq  400f36 <strtoul>
  4006a9:	3d 00 28 00 00       	cmp    $0x2800,%eax
  4006ae:	41 89 c5             	mov    %eax,%r13d
  4006b1:	0f 87 36 07 00 00    	ja     400ded <__v_printf+0x94f>
  4006b7:	80 7c 24 1f 00       	cmpb   $0x0,0x1f(%rsp)
  4006bc:	44 8b 14 24          	mov    (%rsp),%r10d
  4006c0:	44 8b 4c 24 20       	mov    0x20(%rsp),%r9d
  4006c5:	75 14                	jne    4006db <__v_printf+0x23d>
  4006c7:	80 7c 24 43 30       	cmpb   $0x30,0x43(%rsp)
  4006cc:	40 8a 74 24 1e       	mov    0x1e(%rsp),%sil
  4006d1:	b0 30                	mov    $0x30,%al
  4006d3:	0f 44 f0             	cmove  %eax,%esi
  4006d6:	40 88 74 24 1e       	mov    %sil,0x1e(%rsp)
  4006db:	48 8b 44 24 48       	mov    0x48(%rsp),%rax
  4006e0:	48 89 04 24          	mov    %rax,(%rsp)
  4006e4:	e9 b6 fe ff ff       	jmpq   40059f <__v_printf+0x101>
  4006e9:	8b 13                	mov    (%rbx),%edx
  4006eb:	83 fa 30             	cmp    $0x30,%edx
  4006ee:	73 0d                	jae    4006fd <__v_printf+0x25f>
  4006f0:	89 d0                	mov    %edx,%eax
  4006f2:	83 c2 08             	add    $0x8,%edx
  4006f5:	48 03 43 10          	add    0x10(%rbx),%rax
  4006f9:	89 13                	mov    %edx,(%rbx)
  4006fb:	eb 0c                	jmp    400709 <__v_printf+0x26b>
  4006fd:	48 8b 43 08          	mov    0x8(%rbx),%rax
  400701:	48 8d 50 08          	lea    0x8(%rax),%rdx
  400705:	48 89 53 08          	mov    %rdx,0x8(%rbx)
  400709:	44 8b 28             	mov    (%rax),%r13d
  40070c:	45 85 ed             	test   %r13d,%r13d
  40070f:	79 08                	jns    400719 <__v_printf+0x27b>
  400711:	41 f7 dd             	neg    %r13d
  400714:	c6 44 24 1f 01       	movb   $0x1,0x1f(%rsp)
  400719:	41 81 fd 00 28 00 00 	cmp    $0x2800,%r13d
  400720:	0f 86 79 fe ff ff    	jbe    40059f <__v_printf+0x101>
  400726:	e9 c2 06 00 00       	jmpq   400ded <__v_printf+0x94f>
  40072b:	80 7f 01 2a          	cmpb   $0x2a,0x1(%rdi)
  40072f:	75 34                	jne    400765 <__v_printf+0x2c7>
  400731:	8b 13                	mov    (%rbx),%edx
  400733:	83 fa 30             	cmp    $0x30,%edx
  400736:	73 0d                	jae    400745 <__v_printf+0x2a7>
  400738:	89 d0                	mov    %edx,%eax
  40073a:	83 c2 08             	add    $0x8,%edx
  40073d:	48 03 43 10          	add    0x10(%rbx),%rax
  400741:	89 13                	mov    %edx,(%rbx)
  400743:	eb 0c                	jmp    400751 <__v_printf+0x2b3>
  400745:	48 8b 43 08          	mov    0x8(%rbx),%rax
  400749:	48 8d 50 08          	lea    0x8(%rax),%rdx
  40074d:	48 89 53 08          	mov    %rdx,0x8(%rbx)
  400751:	45 31 e4             	xor    %r12d,%r12d
  400754:	83 38 00             	cmpl   $0x0,(%rax)
  400757:	44 0f 49 20          	cmovns (%rax),%r12d
  40075b:	48 8d 47 02          	lea    0x2(%rdi),%rax
  40075f:	48 89 04 24          	mov    %rax,(%rsp)
  400763:	eb 30                	jmp    400795 <__v_printf+0x2f7>
  400765:	48 8b 3c 24          	mov    (%rsp),%rdi
  400769:	48 8d 74 24 48       	lea    0x48(%rsp),%rsi
  40076e:	ba 0a 00 00 00       	mov    $0xa,%edx
  400773:	44 89 4c 24 20       	mov    %r9d,0x20(%rsp)
  400778:	45 31 e4             	xor    %r12d,%r12d
  40077b:	e8 de 06 00 00       	callq  400e5e <strtol>
  400780:	48 85 c0             	test   %rax,%rax
  400783:	44 8b 4c 24 20       	mov    0x20(%rsp),%r9d
  400788:	4c 0f 49 e0          	cmovns %rax,%r12
  40078c:	48 8b 44 24 48       	mov    0x48(%rsp),%rax
  400791:	48 89 04 24          	mov    %rax,(%rsp)
  400795:	41 81 fc 00 28 00 00 	cmp    $0x2800,%r12d
  40079c:	0f 87 4b 06 00 00    	ja     400ded <__v_printf+0x94f>
  4007a2:	41 b2 01             	mov    $0x1,%r10b
  4007a5:	e9 f5 fd ff ff       	jmpq   40059f <__v_printf+0x101>
  4007aa:	8b 13                	mov    (%rbx),%edx
  4007ac:	83 fa 30             	cmp    $0x30,%edx
  4007af:	73 0d                	jae    4007be <__v_printf+0x320>
  4007b1:	89 d0                	mov    %edx,%eax
  4007b3:	83 c2 08             	add    $0x8,%edx
  4007b6:	48 03 43 10          	add    0x10(%rbx),%rax
  4007ba:	89 13                	mov    %edx,(%rbx)
  4007bc:	eb 0c                	jmp    4007ca <__v_printf+0x32c>
  4007be:	48 8b 43 08          	mov    0x8(%rbx),%rax
  4007c2:	48 8d 50 08          	lea    0x8(%rax),%rdx
  4007c6:	48 89 53 08          	mov    %rdx,0x8(%rbx)
  4007ca:	8b 00                	mov    (%rax),%eax
  4007cc:	88 44 24 43          	mov    %al,0x43(%rsp)
  4007d0:	83 7c 24 44 ff       	cmpl   $0xffffffff,0x44(%rsp)
  4007d5:	0f 83 12 06 00 00    	jae    400ded <__v_printf+0x94f>
  4007db:	48 8b 44 24 08       	mov    0x8(%rsp),%rax
  4007e0:	be 01 00 00 00       	mov    $0x1,%esi
  4007e5:	48 8d 7c 24 43       	lea    0x43(%rsp),%rdi
  4007ea:	48 8b 10             	mov    (%rax),%rdx
  4007ed:	ff 50 08             	callq  *0x8(%rax)
  4007f0:	ff 44 24 44          	incl   0x44(%rsp)
  4007f4:	e9 d4 fc ff ff       	jmpq   4004cd <__v_printf+0x2f>
  4007f9:	8b 13                	mov    (%rbx),%edx
  4007fb:	83 fa 30             	cmp    $0x30,%edx
  4007fe:	73 0d                	jae    40080d <__v_printf+0x36f>
  400800:	89 d0                	mov    %edx,%eax
  400802:	83 c2 08             	add    $0x8,%edx
  400805:	48 03 43 10          	add    0x10(%rbx),%rax
  400809:	89 13                	mov    %edx,(%rbx)
  40080b:	eb 0c                	jmp    400819 <__v_printf+0x37b>
  40080d:	48 8b 43 08          	mov    0x8(%rbx),%rax
  400811:	48 8d 50 08          	lea    0x8(%rax),%rdx
  400815:	48 89 53 08          	mov    %rdx,0x8(%rbx)
  400819:	48 8b 00             	mov    (%rax),%rax
  40081c:	bf b4 15 40 00       	mov    $0x4015b4,%edi
  400821:	48 85 c0             	test   %rax,%rax
  400824:	48 0f 45 f8          	cmovne %rax,%rdi
  400828:	31 c0                	xor    %eax,%eax
  40082a:	48 83 c9 ff          	or     $0xffffffffffffffff,%rcx
  40082e:	48 89 7c 24 48       	mov    %rdi,0x48(%rsp)
  400833:	f2 ae                	repnz scas %es:(%rdi),%al
  400835:	45 84 d2             	test   %r10b,%r10b
  400838:	48 f7 d1             	not    %rcx
  40083b:	48 8d 69 ff          	lea    -0x1(%rcx),%rbp
  40083f:	74 12                	je     400853 <__v_printf+0x3b5>
  400841:	45 89 e4             	mov    %r12d,%r12d
  400844:	4c 39 e5             	cmp    %r12,%rbp
  400847:	49 0f 47 ec          	cmova  %r12,%rbp
  40084b:	45 31 e4             	xor    %r12d,%r12d
  40084e:	45 31 d2             	xor    %r10d,%r10d
  400851:	eb 03                	jmp    400856 <__v_printf+0x3b8>
  400853:	45 31 e4             	xor    %r12d,%r12d
  400856:	45 31 f6             	xor    %r14d,%r14d
  400859:	41 b7 20             	mov    $0x20,%r15b
  40085c:	c6 44 24 1e 20       	movb   $0x20,0x1e(%rsp)
  400861:	44 89 e0             	mov    %r12d,%eax
  400864:	4c 8b 44 24 48       	mov    0x48(%rsp),%r8
  400869:	44 09 e8             	or     %r13d,%eax
  40086c:	75 2f                	jne    40089d <__v_printf+0x3ff>
  40086e:	48 85 ed             	test   %rbp,%rbp
  400871:	0f 88 76 05 00 00    	js     400ded <__v_printf+0x94f>
  400877:	89 e8                	mov    %ebp,%eax
  400879:	03 44 24 44          	add    0x44(%rsp),%eax
  40087d:	0f 82 6a 05 00 00    	jb     400ded <__v_printf+0x94f>
  400883:	48 8b 44 24 08       	mov    0x8(%rsp),%rax
  400888:	48 89 ee             	mov    %rbp,%rsi
  40088b:	4c 89 c7             	mov    %r8,%rdi
  40088e:	48 8b 10             	mov    (%rax),%rdx
  400891:	ff 50 08             	callq  *0x8(%rax)
  400894:	01 6c 24 44          	add    %ebp,0x44(%rsp)
  400898:	e9 30 fc ff ff       	jmpq   4004cd <__v_printf+0x2f>
  40089d:	45 84 c9             	test   %r9b,%r9b
  4008a0:	7e 06                	jle    4008a8 <__v_printf+0x40a>
  4008a2:	45 0f be c9          	movsbl %r9b,%r9d
  4008a6:	eb 0b                	jmp    4008b3 <__v_printf+0x415>
  4008a8:	45 31 c9             	xor    %r9d,%r9d
  4008ab:	45 84 f6             	test   %r14b,%r14b
  4008ae:	74 15                	je     4008c5 <__v_printf+0x427>
  4008b0:	41 b1 01             	mov    $0x1,%r9b
  4008b3:	49 63 c1             	movslq %r9d,%rax
  4008b6:	45 29 cd             	sub    %r9d,%r13d
  4008b9:	49 8d 14 00          	lea    (%r8,%rax,1),%rdx
  4008bd:	48 29 c5             	sub    %rax,%rbp
  4008c0:	48 89 54 24 48       	mov    %rdx,0x48(%rsp)
  4008c5:	45 85 ed             	test   %r13d,%r13d
  4008c8:	75 05                	jne    4008cf <__v_printf+0x431>
  4008ca:	45 84 d2             	test   %r10b,%r10b
  4008cd:	75 09                	jne    4008d8 <__v_printf+0x43a>
  4008cf:	45 84 d2             	test   %r10b,%r10b
  4008d2:	44 0f 44 e5          	cmove  %ebp,%r12d
  4008d6:	eb 03                	jmp    4008db <__v_printf+0x43d>
  4008d8:	45 89 e5             	mov    %r12d,%r13d
  4008db:	44 8a 74 24 1f       	mov    0x1f(%rsp),%r14b
  4008e0:	41 80 f6 01          	xor    $0x1,%r14b
  4008e4:	74 07                	je     4008ed <__v_printf+0x44f>
  4008e6:	80 7c 24 1e 20       	cmpb   $0x20,0x1e(%rsp)
  4008eb:	74 07                	je     4008f4 <__v_printf+0x456>
  4008ed:	45 85 c9             	test   %r9d,%r9d
  4008f0:	75 39                	jne    40092b <__v_printf+0x48d>
  4008f2:	eb 64                	jmp    400958 <__v_printf+0x4ba>
  4008f4:	48 8b 74 24 08       	mov    0x8(%rsp),%rsi
  4008f9:	44 89 ea             	mov    %r13d,%edx
  4008fc:	48 8d 7c 24 44       	lea    0x44(%rsp),%rdi
  400901:	44 29 e2             	sub    %r12d,%edx
  400904:	b9 20 00 00 00       	mov    $0x20,%ecx
  400909:	44 89 4c 24 38       	mov    %r9d,0x38(%rsp)
  40090e:	4c 89 44 24 10       	mov    %r8,0x10(%rsp)
  400913:	e8 f8 fa ff ff       	callq  400410 <__libc_write+0x7>
  400918:	85 c0                	test   %eax,%eax
  40091a:	4c 8b 44 24 10       	mov    0x10(%rsp),%r8
  40091f:	44 8b 4c 24 38       	mov    0x38(%rsp),%r9d
  400924:	74 c7                	je     4008ed <__v_printf+0x44f>
  400926:	e9 c2 04 00 00       	jmpq   400ded <__v_printf+0x94f>
  40092b:	44 89 c8             	mov    %r9d,%eax
  40092e:	03 44 24 44          	add    0x44(%rsp),%eax
  400932:	0f 82 b5 04 00 00    	jb     400ded <__v_printf+0x94f>
  400938:	48 8b 44 24 08       	mov    0x8(%rsp),%rax
  40093d:	49 63 f1             	movslq %r9d,%rsi
  400940:	44 89 4c 24 10       	mov    %r9d,0x10(%rsp)
  400945:	4c 89 c7             	mov    %r8,%rdi
  400948:	48 8b 10             	mov    (%rax),%rdx
  40094b:	ff 50 08             	callq  *0x8(%rax)
  40094e:	44 8b 4c 24 10       	mov    0x10(%rsp),%r9d
  400953:	44 01 4c 24 44       	add    %r9d,0x44(%rsp)
  400958:	45 84 f6             	test   %r14b,%r14b
  40095b:	74 07                	je     400964 <__v_printf+0x4c6>
  40095d:	80 7c 24 1e 20       	cmpb   $0x20,0x1e(%rsp)
  400962:	75 21                	jne    400985 <__v_printf+0x4e7>
  400964:	48 8b 74 24 08       	mov    0x8(%rsp),%rsi
  400969:	44 89 e2             	mov    %r12d,%edx
  40096c:	48 8d 7c 24 44       	lea    0x44(%rsp),%rdi
  400971:	29 ea                	sub    %ebp,%edx
  400973:	41 0f b6 cf          	movzbl %r15b,%ecx
  400977:	e8 94 fa ff ff       	callq  400410 <__libc_write+0x7>
  40097c:	85 c0                	test   %eax,%eax
  40097e:	74 28                	je     4009a8 <__v_printf+0x50a>
  400980:	e9 68 04 00 00       	jmpq   400ded <__v_printf+0x94f>
  400985:	0f b6 4c 24 1e       	movzbl 0x1e(%rsp),%ecx
  40098a:	48 8b 74 24 08       	mov    0x8(%rsp),%rsi
  40098f:	44 89 ea             	mov    %r13d,%edx
  400992:	48 8d 7c 24 44       	lea    0x44(%rsp),%rdi
  400997:	44 29 e2             	sub    %r12d,%edx
  40099a:	e8 71 fa ff ff       	callq  400410 <__libc_write+0x7>
  40099f:	85 c0                	test   %eax,%eax
  4009a1:	74 c1                	je     400964 <__v_printf+0x4c6>
  4009a3:	e9 45 04 00 00       	jmpq   400ded <__v_printf+0x94f>
  4009a8:	48 85 ed             	test   %rbp,%rbp
  4009ab:	0f 88 3c 04 00 00    	js     400ded <__v_printf+0x94f>
  4009b1:	89 e8                	mov    %ebp,%eax
  4009b3:	03 44 24 44          	add    0x44(%rsp),%eax
  4009b7:	0f 82 30 04 00 00    	jb     400ded <__v_printf+0x94f>
  4009bd:	48 8b 44 24 08       	mov    0x8(%rsp),%rax
  4009c2:	48 89 ee             	mov    %rbp,%rsi
  4009c5:	48 8b 7c 24 48       	mov    0x48(%rsp),%rdi
  4009ca:	48 8b 10             	mov    (%rax),%rdx
  4009cd:	ff 50 08             	callq  *0x8(%rax)
  4009d0:	01 6c 24 44          	add    %ebp,0x44(%rsp)
  4009d4:	80 7c 24 1f 00       	cmpb   $0x0,0x1f(%rsp)
  4009d9:	0f 84 ee fa ff ff    	je     4004cd <__v_printf+0x2f>
  4009df:	0f b6 4c 24 1e       	movzbl 0x1e(%rsp),%ecx
  4009e4:	48 8b 74 24 08       	mov    0x8(%rsp),%rsi
  4009e9:	44 89 ea             	mov    %r13d,%edx
  4009ec:	48 8d 7c 24 44       	lea    0x44(%rsp),%rdi
  4009f1:	44 29 e2             	sub    %r12d,%edx
  4009f4:	e8 17 fa ff ff       	callq  400410 <__libc_write+0x7>
  4009f9:	85 c0                	test   %eax,%eax
  4009fb:	0f 84 cc fa ff ff    	je     4004cd <__v_printf+0x2f>
  400a01:	e9 e7 03 00 00       	jmpq   400ded <__v_printf+0x94f>
  400a06:	c6 44 24 43 78       	movb   $0x78,0x43(%rsp)
  400a0b:	41 b7 01             	mov    $0x1,%r15b
  400a0e:	41 b1 02             	mov    $0x2,%r9b
  400a11:	80 7c 24 43 58       	cmpb   $0x58,0x43(%rsp)
  400a16:	41 0f 94 c0          	sete   %r8b
  400a1a:	eb 03                	jmp    400a1f <__v_printf+0x581>
  400a1c:	45 31 c0             	xor    %r8d,%r8d
  400a1f:	31 ed                	xor    %ebp,%ebp
  400a21:	45 84 c9             	test   %r9b,%r9b
  400a24:	74 13                	je     400a39 <__v_printf+0x59b>
  400a26:	8a 44 24 43          	mov    0x43(%rsp),%al
  400a2a:	c6 44 24 51 30       	movb   $0x30,0x51(%rsp)
  400a2f:	41 b1 02             	mov    $0x2,%r9b
  400a32:	40 b5 02             	mov    $0x2,%bpl
  400a35:	88 44 24 52          	mov    %al,0x52(%rsp)
  400a39:	45 39 e5             	cmp    %r12d,%r13d
  400a3c:	b9 10 00 00 00       	mov    $0x10,%ecx
  400a41:	45 0f 42 ec          	cmovb  %r12d,%r13d
  400a45:	45 31 f6             	xor    %r14d,%r14d
  400a48:	eb 40                	jmp    400a8a <__v_printf+0x5ec>
  400a4a:	b9 0a 00 00 00       	mov    $0xa,%ecx
  400a4f:	45 31 c0             	xor    %r8d,%r8d
  400a52:	41 b6 01             	mov    $0x1,%r14b
  400a55:	eb 31                	jmp    400a88 <__v_printf+0x5ea>
  400a57:	45 84 c9             	test   %r9b,%r9b
  400a5a:	74 21                	je     400a7d <__v_printf+0x5df>
  400a5c:	c6 44 24 51 30       	movb   $0x30,0x51(%rsp)
  400a61:	b9 08 00 00 00       	mov    $0x8,%ecx
  400a66:	41 b1 01             	mov    $0x1,%r9b
  400a69:	45 31 c0             	xor    %r8d,%r8d
  400a6c:	45 31 f6             	xor    %r14d,%r14d
  400a6f:	bd 01 00 00 00       	mov    $0x1,%ebp
  400a74:	eb 14                	jmp    400a8a <__v_printf+0x5ec>
  400a76:	b9 02 00 00 00       	mov    $0x2,%ecx
  400a7b:	eb 05                	jmp    400a82 <__v_printf+0x5e4>
  400a7d:	b9 08 00 00 00       	mov    $0x8,%ecx
  400a82:	45 31 c0             	xor    %r8d,%r8d
  400a85:	45 31 f6             	xor    %r14d,%r14d
  400a88:	31 ed                	xor    %ebp,%ebp
  400a8a:	48 8b 44 24 28       	mov    0x28(%rsp),%rax
  400a8f:	45 84 ff             	test   %r15b,%r15b
  400a92:	48 89 44 24 48       	mov    %rax,0x48(%rsp)
  400a97:	8b 03                	mov    (%rbx),%eax
  400a99:	7e 50                	jle    400aeb <__v_printf+0x64d>
  400a9b:	41 80 ff 01          	cmp    $0x1,%r15b
  400a9f:	74 25                	je     400ac6 <__v_printf+0x628>
  400aa1:	83 f8 30             	cmp    $0x30,%eax
  400aa4:	73 0d                	jae    400ab3 <__v_printf+0x615>
  400aa6:	89 c2                	mov    %eax,%edx
  400aa8:	83 c0 08             	add    $0x8,%eax
  400aab:	48 03 53 10          	add    0x10(%rbx),%rdx
  400aaf:	89 03                	mov    %eax,(%rbx)
  400ab1:	eb 0c                	jmp    400abf <__v_printf+0x621>
  400ab3:	48 8b 53 08          	mov    0x8(%rbx),%rdx
  400ab7:	48 8d 42 08          	lea    0x8(%rdx),%rax
  400abb:	48 89 43 08          	mov    %rax,0x8(%rbx)
  400abf:	48 8b 12             	mov    (%rdx),%rdx
  400ac2:	31 c0                	xor    %eax,%eax
  400ac4:	eb 53                	jmp    400b19 <__v_printf+0x67b>
  400ac6:	83 f8 30             	cmp    $0x30,%eax
  400ac9:	73 0d                	jae    400ad8 <__v_printf+0x63a>
  400acb:	89 c2                	mov    %eax,%edx
  400acd:	83 c0 08             	add    $0x8,%eax
  400ad0:	48 03 53 10          	add    0x10(%rbx),%rdx
  400ad4:	89 03                	mov    %eax,(%rbx)
  400ad6:	eb 0c                	jmp    400ae4 <__v_printf+0x646>
  400ad8:	48 8b 53 08          	mov    0x8(%rbx),%rdx
  400adc:	48 8d 42 08          	lea    0x8(%rdx),%rax
  400ae0:	48 89 43 08          	mov    %rax,0x8(%rbx)
  400ae4:	48 8b 02             	mov    (%rdx),%rax
  400ae7:	31 d2                	xor    %edx,%edx
  400ae9:	eb 2e                	jmp    400b19 <__v_printf+0x67b>
  400aeb:	83 f8 30             	cmp    $0x30,%eax
  400aee:	73 0d                	jae    400afd <__v_printf+0x65f>
  400af0:	89 c2                	mov    %eax,%edx
  400af2:	83 c0 08             	add    $0x8,%eax
  400af5:	48 03 53 10          	add    0x10(%rbx),%rdx
  400af9:	89 03                	mov    %eax,(%rbx)
  400afb:	eb 0c                	jmp    400b09 <__v_printf+0x66b>
  400afd:	48 8b 53 08          	mov    0x8(%rbx),%rdx
  400b01:	48 8d 42 08          	lea    0x8(%rdx),%rax
  400b05:	48 89 43 08          	mov    %rax,0x8(%rbx)
  400b09:	8b 12                	mov    (%rdx),%edx
  400b0b:	45 84 f6             	test   %r14b,%r14b
  400b0e:	48 63 c2             	movslq %edx,%rax
  400b11:	75 11                	jne    400b24 <__v_printf+0x686>
  400b13:	89 d0                	mov    %edx,%eax
  400b15:	31 d2                	xor    %edx,%edx
  400b17:	eb 35                	jmp    400b4e <__v_printf+0x6b0>
  400b19:	45 84 f6             	test   %r14b,%r14b
  400b1c:	0f 84 d0 02 00 00    	je     400df2 <__v_printf+0x954>
  400b22:	eb 02                	jmp    400b26 <__v_printf+0x688>
  400b24:	31 d2                	xor    %edx,%edx
  400b26:	48 89 d6             	mov    %rdx,%rsi
  400b29:	48 c1 ee 3f          	shr    $0x3f,%rsi
  400b2d:	74 11                	je     400b40 <__v_printf+0x6a2>
  400b2f:	41 80 ff 01          	cmp    $0x1,%r15b
  400b33:	7e 0b                	jle    400b40 <__v_printf+0x6a2>
  400b35:	48 f7 da             	neg    %rdx
  400b38:	41 b6 02             	mov    $0x2,%r14b
  400b3b:	e9 b2 02 00 00       	jmpq   400df2 <__v_printf+0x954>
  400b40:	48 85 c0             	test   %rax,%rax
  400b43:	41 b6 01             	mov    $0x1,%r14b
  400b46:	79 06                	jns    400b4e <__v_printf+0x6b0>
  400b48:	48 f7 d8             	neg    %rax
  400b4b:	41 b6 02             	mov    $0x2,%r14b
  400b4e:	45 84 ff             	test   %r15b,%r15b
  400b51:	0f 89 9b 02 00 00    	jns    400df2 <__v_printf+0x954>
  400b57:	41 fe c7             	inc    %r15b
  400b5a:	74 05                	je     400b61 <__v_printf+0x6c3>
  400b5c:	0f b6 c0             	movzbl %al,%eax
  400b5f:	eb 03                	jmp    400b64 <__v_printf+0x6c6>
  400b61:	0f b7 c0             	movzwl %ax,%eax
  400b64:	48 89 ef             	mov    %rbp,%rdi
  400b67:	48 03 7c 24 48       	add    0x48(%rsp),%rdi
  400b6c:	41 83 e0 01          	and    $0x1,%r8d
  400b70:	48 89 c2             	mov    %rax,%rdx
  400b73:	be 7b 00 00 00       	mov    $0x7b,%esi
  400b78:	44 89 4c 24 30       	mov    %r9d,0x30(%rsp)
  400b7d:	44 89 54 24 20       	mov    %r10d,0x20(%rsp)
  400b82:	e8 04 09 00 00       	callq  40148b <__ltostr>
  400b87:	44 8b 4c 24 30       	mov    0x30(%rsp),%r9d
  400b8c:	44 8b 54 24 20       	mov    0x20(%rsp),%r10d
  400b91:	83 f8 01             	cmp    $0x1,%eax
  400b94:	48 8b 54 24 48       	mov    0x48(%rsp),%rdx
  400b99:	75 1a                	jne    400bb5 <__v_printf+0x717>
  400b9b:	45 84 d2             	test   %r10b,%r10b
  400b9e:	74 15                	je     400bb5 <__v_printf+0x717>
  400ba0:	80 3c 2a 30          	cmpb   $0x30,(%rdx,%rbp,1)
  400ba4:	75 0f                	jne    400bb5 <__v_printf+0x717>
  400ba6:	45 84 c9             	test   %r9b,%r9b
  400ba9:	41 b1 00             	mov    $0x0,%r9b
  400bac:	7f 0e                	jg     400bbc <__v_printf+0x71e>
  400bae:	45 85 e4             	test   %r12d,%r12d
  400bb1:	74 09                	je     400bbc <__v_printf+0x71e>
  400bb3:	eb 09                	jmp    400bbe <__v_printf+0x720>
  400bb5:	48 98                	cltq   
  400bb7:	48 01 c5             	add    %rax,%rbp
  400bba:	eb 02                	jmp    400bbe <__v_printf+0x720>
  400bbc:	31 ed                	xor    %ebp,%ebp
  400bbe:	41 80 fe 02          	cmp    $0x2,%r14b
  400bc2:	75 15                	jne    400bd9 <__v_printf+0x73b>
  400bc4:	48 8d 42 ff          	lea    -0x1(%rdx),%rax
  400bc8:	48 ff c5             	inc    %rbp
  400bcb:	48 89 44 24 48       	mov    %rax,0x48(%rsp)
  400bd0:	c6 42 ff 2d          	movb   $0x2d,-0x1(%rdx)
  400bd4:	e9 06 02 00 00       	jmpq   400ddf <__v_printf+0x941>
  400bd9:	45 84 f6             	test   %r14b,%r14b
  400bdc:	41 b7 30             	mov    $0x30,%r15b
  400bdf:	0f 84 7c fc ff ff    	je     400861 <__v_printf+0x3c3>
  400be5:	45 31 f6             	xor    %r14d,%r14d
  400be8:	8a 44 24 38          	mov    0x38(%rsp),%al
  400bec:	0a 44 24 10          	or     0x10(%rsp),%al
  400bf0:	0f 84 6b fc ff ff    	je     400861 <__v_printf+0x3c3>
  400bf6:	80 7c 24 10 01       	cmpb   $0x1,0x10(%rsp)
  400bfb:	48 8d 42 ff          	lea    -0x1(%rdx),%rax
  400bff:	41 b6 01             	mov    $0x1,%r14b
  400c02:	48 89 44 24 48       	mov    %rax,0x48(%rsp)
  400c07:	19 c0                	sbb    %eax,%eax
  400c09:	48 ff c5             	inc    %rbp
  400c0c:	83 e0 f5             	and    $0xfffffff5,%eax
  400c0f:	83 c0 2b             	add    $0x2b,%eax
  400c12:	88 42 ff             	mov    %al,-0x1(%rdx)
  400c15:	e9 47 fc ff ff       	jmpq   400861 <__v_printf+0x3c3>
  400c1a:	8b 53 04             	mov    0x4(%rbx),%edx
  400c1d:	31 ed                	xor    %ebp,%ebp
  400c1f:	3c 67                	cmp    $0x67,%al
  400c21:	40 0f 94 c5          	sete   %bpl
  400c25:	81 fa b0 00 00 00    	cmp    $0xb0,%edx
  400c2b:	73 0e                	jae    400c3b <__v_printf+0x79d>
  400c2d:	89 d0                	mov    %edx,%eax
  400c2f:	83 c2 10             	add    $0x10,%edx
  400c32:	48 03 43 10          	add    0x10(%rbx),%rax
  400c36:	89 53 04             	mov    %edx,0x4(%rbx)
  400c39:	eb 0c                	jmp    400c47 <__v_printf+0x7a9>
  400c3b:	48 8b 43 08          	mov    0x8(%rbx),%rax
  400c3f:	48 8d 50 08          	lea    0x8(%rax),%rdx
  400c43:	48 89 53 08          	mov    %rdx,0x8(%rbx)
  400c47:	f2 0f 10 08          	movsd  (%rax),%xmm1
  400c4b:	48 8b 44 24 28       	mov    0x28(%rsp),%rax
  400c50:	45 85 ed             	test   %r13d,%r13d
  400c53:	41 b6 01             	mov    $0x1,%r14b
  400c56:	f2 0f 11 4c 24 20    	movsd  %xmm1,0x20(%rsp)
  400c5c:	48 89 44 24 48       	mov    %rax,0x48(%rsp)
  400c61:	b8 01 00 00 00       	mov    $0x1,%eax
  400c66:	44 0f 44 e8          	cmove  %eax,%r13d
  400c6a:	45 84 d2             	test   %r10b,%r10b
  400c6d:	b0 06                	mov    $0x6,%al
  400c6f:	44 0f 44 e0          	cmove  %eax,%r12d
  400c73:	80 7c 24 10 00       	cmpb   $0x0,0x10(%rsp)
  400c78:	75 0b                	jne    400c85 <__v_printf+0x7e7>
  400c7a:	0f 57 c0             	xorps  %xmm0,%xmm0
  400c7d:	66 0f 2e c1          	ucomisd %xmm1,%xmm0
  400c81:	41 0f 97 c6          	seta   %r14b
  400c85:	48 8d 7c 24 51       	lea    0x51(%rsp),%rdi
  400c8a:	f2 0f 10 44 24 20    	movsd  0x20(%rsp),%xmm0
  400c90:	41 89 e8             	mov    %ebp,%r8d
  400c93:	44 89 e1             	mov    %r12d,%ecx
  400c96:	44 89 ea             	mov    %r13d,%edx
  400c99:	be 7f 00 00 00       	mov    $0x7f,%esi
  400c9e:	44 89 54 24 30       	mov    %r10d,0x30(%rsp)
  400ca3:	44 89 4c 24 3c       	mov    %r9d,0x3c(%rsp)
  400ca8:	e8 52 04 00 00       	callq  4010ff <__dtostr>
  400cad:	44 8b 54 24 30       	mov    0x30(%rsp),%r10d
  400cb2:	4c 63 f8             	movslq %eax,%r15
  400cb5:	45 84 d2             	test   %r10b,%r10b
  400cb8:	74 64                	je     400d1e <__v_printf+0x880>
  400cba:	48 8b 54 24 48       	mov    0x48(%rsp),%rdx
  400cbf:	be 2e 00 00 00       	mov    $0x2e,%esi
  400cc4:	48 89 d7             	mov    %rdx,%rdi
  400cc7:	48 89 54 24 30       	mov    %rdx,0x30(%rsp)
  400ccc:	e8 6b 01 00 00       	callq  400e3c <strchr>
  400cd1:	48 85 c0             	test   %rax,%rax
  400cd4:	48 8b 54 24 30       	mov    0x30(%rsp),%rdx
  400cd9:	44 8b 4c 24 3c       	mov    0x3c(%rsp),%r9d
  400cde:	74 29                	je     400d09 <__v_printf+0x86b>
  400ce0:	45 85 e4             	test   %r12d,%r12d
  400ce3:	75 05                	jne    400cea <__v_printf+0x84c>
  400ce5:	45 84 c9             	test   %r9b,%r9b
  400ce8:	74 05                	je     400cef <__v_printf+0x851>
  400cea:	48 ff c0             	inc    %rax
  400ced:	eb 10                	jmp    400cff <__v_printf+0x861>
  400cef:	45 31 e4             	xor    %r12d,%r12d
  400cf2:	eb 0b                	jmp    400cff <__v_printf+0x861>
  400cf4:	48 ff c0             	inc    %rax
  400cf7:	80 38 00             	cmpb   $0x0,(%rax)
  400cfa:	74 08                	je     400d04 <__v_printf+0x866>
  400cfc:	41 ff cc             	dec    %r12d
  400cff:	45 85 e4             	test   %r12d,%r12d
  400d02:	75 f0                	jne    400cf4 <__v_printf+0x856>
  400d04:	c6 00 00             	movb   $0x0,(%rax)
  400d07:	eb 15                	jmp    400d1e <__v_printf+0x880>
  400d09:	45 84 c9             	test   %r9b,%r9b
  400d0c:	74 10                	je     400d1e <__v_printf+0x880>
  400d0e:	42 c6 04 3a 2e       	movb   $0x2e,(%rdx,%r15,1)
  400d13:	48 8b 44 24 48       	mov    0x48(%rsp),%rax
  400d18:	42 c6 44 38 01 00    	movb   $0x0,0x1(%rax,%r15,1)
  400d1e:	85 ed                	test   %ebp,%ebp
  400d20:	74 62                	je     400d84 <__v_printf+0x8e6>
  400d22:	48 8b 7c 24 48       	mov    0x48(%rsp),%rdi
  400d27:	be 2e 00 00 00       	mov    $0x2e,%esi
  400d2c:	e8 0b 01 00 00       	callq  400e3c <strchr>
  400d31:	48 85 c0             	test   %rax,%rax
  400d34:	48 89 c5             	mov    %rax,%rbp
  400d37:	74 4b                	je     400d84 <__v_printf+0x8e6>
  400d39:	be 65 00 00 00       	mov    $0x65,%esi
  400d3e:	48 89 c7             	mov    %rax,%rdi
  400d41:	e8 f6 00 00 00       	callq  400e3c <strchr>
  400d46:	80 7d 00 00          	cmpb   $0x0,0x0(%rbp)
  400d4a:	74 05                	je     400d51 <__v_printf+0x8b3>
  400d4c:	48 ff c5             	inc    %rbp
  400d4f:	eb f5                	jmp    400d46 <__v_printf+0x8a8>
  400d51:	48 85 c0             	test   %rax,%rax
  400d54:	48 0f 45 e8          	cmovne %rax,%rbp
  400d58:	8a 4d ff             	mov    -0x1(%rbp),%cl
  400d5b:	48 8d 55 ff          	lea    -0x1(%rbp),%rdx
  400d5f:	80 f9 30             	cmp    $0x30,%cl
  400d62:	75 05                	jne    400d69 <__v_printf+0x8cb>
  400d64:	48 89 d5             	mov    %rdx,%rbp
  400d67:	eb ef                	jmp    400d58 <__v_printf+0x8ba>
  400d69:	80 f9 2e             	cmp    $0x2e,%cl
  400d6c:	48 0f 44 ea          	cmove  %rdx,%rbp
  400d70:	48 85 c0             	test   %rax,%rax
  400d73:	c6 45 00 00          	movb   $0x0,0x0(%rbp)
  400d77:	74 0b                	je     400d84 <__v_printf+0x8e6>
  400d79:	48 89 c6             	mov    %rax,%rsi
  400d7c:	48 89 ef             	mov    %rbp,%rdi
  400d7f:	e8 cd 00 00 00       	callq  400e51 <strcpy>
  400d84:	8a 44 24 38          	mov    0x38(%rsp),%al
  400d88:	0a 44 24 10          	or     0x10(%rsp),%al
  400d8c:	74 2d                	je     400dbb <__v_printf+0x91d>
  400d8e:	0f 57 c0             	xorps  %xmm0,%xmm0
  400d91:	f2 0f 10 54 24 20    	movsd  0x20(%rsp),%xmm2
  400d97:	66 0f 2e d0          	ucomisd %xmm0,%xmm2
  400d9b:	72 1e                	jb     400dbb <__v_printf+0x91d>
  400d9d:	48 8b 54 24 48       	mov    0x48(%rsp),%rdx
  400da2:	80 7c 24 10 01       	cmpb   $0x1,0x10(%rsp)
  400da7:	48 8d 42 ff          	lea    -0x1(%rdx),%rax
  400dab:	48 89 44 24 48       	mov    %rax,0x48(%rsp)
  400db0:	19 c0                	sbb    %eax,%eax
  400db2:	83 e0 f5             	and    $0xfffffff5,%eax
  400db5:	83 c0 2b             	add    $0x2b,%eax
  400db8:	88 42 ff             	mov    %al,-0x1(%rdx)
  400dbb:	48 8b 7c 24 48       	mov    0x48(%rsp),%rdi
  400dc0:	31 c0                	xor    %eax,%eax
  400dc2:	48 83 c9 ff          	or     $0xffffffffffffffff,%rcx
  400dc6:	f2 ae                	repnz scas %es:(%rdi),%al
  400dc8:	44 89 e8             	mov    %r13d,%eax
  400dcb:	48 f7 d1             	not    %rcx
  400dce:	48 8d 69 ff          	lea    -0x1(%rcx),%rbp
  400dd2:	48 39 e8             	cmp    %rbp,%rax
  400dd5:	44 0f 42 ed          	cmovb  %ebp,%r13d
  400dd9:	45 31 d2             	xor    %r10d,%r10d
  400ddc:	45 31 c9             	xor    %r9d,%r9d
  400ddf:	41 b7 30             	mov    $0x30,%r15b
  400de2:	e9 7a fa ff ff       	jmpq   400861 <__v_printf+0x3c3>
  400de7:	8b 44 24 44          	mov    0x44(%rsp),%eax
  400deb:	eb 3d                	jmp    400e2a <__v_printf+0x98c>
  400ded:	83 c8 ff             	or     $0xffffffff,%eax
  400df0:	eb 38                	jmp    400e2a <__v_printf+0x98c>
  400df2:	41 fe cf             	dec    %r15b
  400df5:	0f 8e 69 fd ff ff    	jle    400b64 <__v_printf+0x6c6>
  400dfb:	48 89 ef             	mov    %rbp,%rdi
  400dfe:	48 03 7c 24 48       	add    0x48(%rsp),%rdi
  400e03:	41 83 e0 01          	and    $0x1,%r8d
  400e07:	be 7b 00 00 00       	mov    $0x7b,%esi
  400e0c:	44 89 4c 24 30       	mov    %r9d,0x30(%rsp)
  400e11:	44 89 54 24 20       	mov    %r10d,0x20(%rsp)
  400e16:	e8 f2 05 00 00       	callq  40140d <__lltostr>
  400e1b:	44 8b 54 24 20       	mov    0x20(%rsp),%r10d
  400e20:	44 8b 4c 24 30       	mov    0x30(%rsp),%r9d
  400e25:	e9 67 fd ff ff       	jmpq   400b91 <__v_printf+0x6f3>
  400e2a:	48 81 c4 d8 00 00 00 	add    $0xd8,%rsp
  400e31:	5b                   	pop    %rbx
  400e32:	5d                   	pop    %rbp
  400e33:	41 5c                	pop    %r12
  400e35:	41 5d                	pop    %r13
  400e37:	41 5e                	pop    %r14
  400e39:	41 5f                	pop    %r15
  400e3b:	c3                   	retq   

0000000000400e3c <strchr>:
  400e3c:	48 87 f7             	xchg   %rsi,%rdi
  400e3f:	ac                   	lods   %ds:(%rsi),%al
  400e40:	40 38 c7             	cmp    %al,%dil
  400e43:	74 07                	je     400e4c <strchr+0x10>
  400e45:	08 c0                	or     %al,%al
  400e47:	75 f6                	jne    400e3f <strchr+0x3>
  400e49:	31 c0                	xor    %eax,%eax
  400e4b:	c3                   	retq   
  400e4c:	48 8d 46 ff          	lea    -0x1(%rsi),%rax
  400e50:	c3                   	retq   

0000000000400e51 <strcpy>:
  400e51:	48 89 fa             	mov    %rdi,%rdx
  400e54:	ac                   	lods   %ds:(%rsi),%al
  400e55:	84 c0                	test   %al,%al
  400e57:	aa                   	stos   %al,%es:(%rdi)
  400e58:	75 fa                	jne    400e54 <strcpy+0x3>
  400e5a:	48 89 d0             	mov    %rdx,%rax
  400e5d:	c3                   	retq   

0000000000400e5e <strtol>:
  400e5e:	41 57                	push   %r15
  400e60:	41 89 d7             	mov    %edx,%r15d
  400e63:	41 56                	push   %r14
  400e65:	49 89 fe             	mov    %rdi,%r14
  400e68:	41 55                	push   %r13
  400e6a:	41 54                	push   %r12
  400e6c:	55                   	push   %rbp
  400e6d:	48 89 f5             	mov    %rsi,%rbp
  400e70:	53                   	push   %rbx
  400e71:	48 89 fb             	mov    %rdi,%rbx
  400e74:	51                   	push   %rcx
  400e75:	44 8a 2b             	mov    (%rbx),%r13b
  400e78:	41 0f be fd          	movsbl %r13b,%edi
  400e7c:	e8 a8 06 00 00       	callq  401529 <__isspace_ascii>
  400e81:	85 c0                	test   %eax,%eax
  400e83:	74 05                	je     400e8a <strtol+0x2c>
  400e85:	48 ff c3             	inc    %rbx
  400e88:	eb eb                	jmp    400e75 <strtol+0x17>
  400e8a:	45 31 e4             	xor    %r12d,%r12d
  400e8d:	41 80 fd 2d          	cmp    $0x2d,%r13b
  400e91:	75 14                	jne    400ea7 <strtol+0x49>
  400e93:	0f be 7b 01          	movsbl 0x1(%rbx),%edi
  400e97:	e8 6f 06 00 00       	callq  40150b <isalnum>
  400e9c:	85 c0                	test   %eax,%eax
  400e9e:	74 07                	je     400ea7 <strtol+0x49>
  400ea0:	48 ff c3             	inc    %rbx
  400ea3:	41 83 cc ff          	or     $0xffffffff,%r12d
  400ea7:	44 89 fa             	mov    %r15d,%edx
  400eaa:	48 89 ee             	mov    %rbp,%rsi
  400ead:	48 89 df             	mov    %rbx,%rdi
  400eb0:	e8 81 00 00 00       	callq  400f36 <strtoul>
  400eb5:	48 85 ed             	test   %rbp,%rbp
  400eb8:	49 89 c5             	mov    %rax,%r13
  400ebb:	74 0a                	je     400ec7 <strtol+0x69>
  400ebd:	48 39 5d 00          	cmp    %rbx,0x0(%rbp)
  400ec1:	75 04                	jne    400ec7 <strtol+0x69>
  400ec3:	4c 89 75 00          	mov    %r14,0x0(%rbp)
  400ec7:	4d 85 ed             	test   %r13,%r13
  400eca:	79 4e                	jns    400f1a <strtol+0xbc>
  400ecc:	45 85 e4             	test   %r12d,%r12d
  400ecf:	0f 95 c3             	setne  %bl
  400ed2:	74 1f                	je     400ef3 <strtol+0x95>
  400ed4:	48 b8 00 00 00 00 00 	movabs $0x8000000000000000,%rax
  400edb:	00 00 80 
  400ede:	49 39 c5             	cmp    %rax,%r13
  400ee1:	75 10                	jne    400ef3 <strtol+0x95>
  400ee3:	e8 1d 06 00 00       	callq  401505 <__errno_location>
  400ee8:	c7 00 00 00 00 00    	movl   $0x0,(%rax)
  400eee:	4c 89 e8             	mov    %r13,%rax
  400ef1:	eb 37                	jmp    400f2a <strtol+0xcc>
  400ef3:	e8 0d 06 00 00       	callq  401505 <__errno_location>
  400ef8:	84 db                	test   %bl,%bl
  400efa:	c7 00 22 00 00 00    	movl   $0x22,(%rax)
  400f00:	48 ba ff ff ff ff ff 	movabs $0x7fffffffffffffff,%rdx
  400f07:	ff ff 7f 
  400f0a:	48 b8 00 00 00 00 00 	movabs $0x8000000000000000,%rax
  400f11:	00 00 80 
  400f14:	48 0f 44 c2          	cmove  %rdx,%rax
  400f18:	eb 10                	jmp    400f2a <strtol+0xcc>
  400f1a:	4c 89 ea             	mov    %r13,%rdx
  400f1d:	4c 89 e8             	mov    %r13,%rax
  400f20:	48 f7 da             	neg    %rdx
  400f23:	45 85 e4             	test   %r12d,%r12d
  400f26:	48 0f 45 c2          	cmovne %rdx,%rax
  400f2a:	5a                   	pop    %rdx
  400f2b:	5b                   	pop    %rbx
  400f2c:	5d                   	pop    %rbp
  400f2d:	41 5c                	pop    %r12
  400f2f:	41 5d                	pop    %r13
  400f31:	41 5e                	pop    %r14
  400f33:	41 5f                	pop    %r15
  400f35:	c3                   	retq   

0000000000400f36 <strtoul>:
  400f36:	41 57                	push   %r15
  400f38:	41 56                	push   %r14
  400f3a:	41 55                	push   %r13
  400f3c:	49 89 f5             	mov    %rsi,%r13
  400f3f:	41 54                	push   %r12
  400f41:	49 89 fc             	mov    %rdi,%r12
  400f44:	55                   	push   %rbp
  400f45:	89 d5                	mov    %edx,%ebp
  400f47:	53                   	push   %rbx
  400f48:	48 89 fb             	mov    %rdi,%rbx
  400f4b:	51                   	push   %rcx
  400f4c:	44 8a 33             	mov    (%rbx),%r14b
  400f4f:	41 0f be fe          	movsbl %r14b,%edi
  400f53:	e8 d1 05 00 00       	callq  401529 <__isspace_ascii>
  400f58:	85 c0                	test   %eax,%eax
  400f5a:	74 05                	je     400f61 <strtoul+0x2b>
  400f5c:	48 ff c3             	inc    %rbx
  400f5f:	eb eb                	jmp    400f4c <strtoul+0x16>
  400f61:	41 80 fe 2d          	cmp    $0x2d,%r14b
  400f65:	75 0b                	jne    400f72 <strtoul+0x3c>
  400f67:	48 ff c3             	inc    %rbx
  400f6a:	41 bf 01 00 00 00    	mov    $0x1,%r15d
  400f70:	eb 0f                	jmp    400f81 <strtoul+0x4b>
  400f72:	31 c0                	xor    %eax,%eax
  400f74:	45 31 ff             	xor    %r15d,%r15d
  400f77:	41 80 fe 2b          	cmp    $0x2b,%r14b
  400f7b:	0f 94 c0             	sete   %al
  400f7e:	48 01 c3             	add    %rax,%rbx
  400f81:	83 fd 10             	cmp    $0x10,%ebp
  400f84:	75 07                	jne    400f8d <strtoul+0x57>
  400f86:	80 3b 30             	cmpb   $0x30,(%rbx)
  400f89:	75 06                	jne    400f91 <strtoul+0x5b>
  400f8b:	eb 2a                	jmp    400fb7 <strtoul+0x81>
  400f8d:	85 ed                	test   %ebp,%ebp
  400f8f:	74 1c                	je     400fad <strtoul+0x77>
  400f91:	8d 45 fe             	lea    -0x2(%rbp),%eax
  400f94:	48 89 d9             	mov    %rbx,%rcx
  400f97:	83 f8 22             	cmp    $0x22,%eax
  400f9a:	76 4b                	jbe    400fe7 <strtoul+0xb1>
  400f9c:	c7 05 62 10 20 00 16 	movl   $0x16,0x201062(%rip)        # 602008 <errno>
  400fa3:	00 00 00 
  400fa6:	31 c0                	xor    %eax,%eax
  400fa8:	e9 fc 00 00 00       	jmpq   4010a9 <strtoul+0x173>
  400fad:	80 3b 30             	cmpb   $0x30,(%rbx)
  400fb0:	75 2d                	jne    400fdf <strtoul+0xa9>
  400fb2:	bd 08 00 00 00       	mov    $0x8,%ebp
  400fb7:	8a 43 01             	mov    0x1(%rbx),%al
  400fba:	48 89 d9             	mov    %rbx,%rcx
  400fbd:	83 e0 df             	and    $0xffffffdf,%eax
  400fc0:	3c 58                	cmp    $0x58,%al
  400fc2:	75 23                	jne    400fe7 <strtoul+0xb1>
  400fc4:	0f be 7b 02          	movsbl 0x2(%rbx),%edi
  400fc8:	e8 71 05 00 00       	callq  40153e <__isxdigit_ascii>
  400fcd:	85 c0                	test   %eax,%eax
  400fcf:	48 89 d9             	mov    %rbx,%rcx
  400fd2:	74 13                	je     400fe7 <strtoul+0xb1>
  400fd4:	48 8d 4b 02          	lea    0x2(%rbx),%rcx
  400fd8:	bd 10 00 00 00       	mov    $0x10,%ebp
  400fdd:	eb 08                	jmp    400fe7 <strtoul+0xb1>
  400fdf:	48 89 d9             	mov    %rbx,%rcx
  400fe2:	bd 0a 00 00 00       	mov    $0xa,%ebp
  400fe7:	31 c0                	xor    %eax,%eax
  400fe9:	31 f6                	xor    %esi,%esi
  400feb:	41 b0 ff             	mov    $0xff,%r8b
  400fee:	48 63 fd             	movslq %ebp,%rdi
  400ff1:	49 b9 ff ff ff ff ff 	movabs $0xffffffffffffff,%r9
  400ff8:	ff ff 00 
  400ffb:	41 ba 01 00 00 00    	mov    $0x1,%r10d
  401001:	8a 11                	mov    (%rcx),%dl
  401003:	84 d2                	test   %dl,%dl
  401005:	74 2b                	je     401032 <strtoul+0xfc>
  401007:	80 fa 60             	cmp    $0x60,%dl
  40100a:	76 05                	jbe    401011 <strtoul+0xdb>
  40100c:	83 ea 57             	sub    $0x57,%edx
  40100f:	eb 18                	jmp    401029 <strtoul+0xf3>
  401011:	80 fa 40             	cmp    $0x40,%dl
  401014:	76 05                	jbe    40101b <strtoul+0xe5>
  401016:	83 ea 37             	sub    $0x37,%edx
  401019:	eb 0e                	jmp    401029 <strtoul+0xf3>
  40101b:	44 8d 5a d0          	lea    -0x30(%rdx),%r11d
  40101f:	80 fa 39             	cmp    $0x39,%dl
  401022:	44 88 da             	mov    %r11b,%dl
  401025:	41 0f 47 d0          	cmova  %r8d,%edx
  401029:	44 0f b6 da          	movzbl %dl,%r11d
  40102d:	41 39 eb             	cmp    %ebp,%r11d
  401030:	7c 16                	jl     401048 <strtoul+0x112>
  401032:	48 39 d9             	cmp    %rbx,%rcx
  401035:	75 48                	jne    40107f <strtoul+0x149>
  401037:	c7 05 c7 0f 20 00 16 	movl   $0x16,0x200fc7(%rip)        # 602008 <errno>
  40103e:	00 00 00 
  401041:	4c 89 e1             	mov    %r12,%rcx
  401044:	31 c0                	xor    %eax,%eax
  401046:	eb 37                	jmp    40107f <strtoul+0x149>
  401048:	44 0f b6 d8          	movzbl %al,%r11d
  40104c:	48 c1 e8 08          	shr    $0x8,%rax
  401050:	0f b6 d2             	movzbl %dl,%edx
  401053:	4c 0f af df          	imul   %rdi,%r11
  401057:	48 0f af c7          	imul   %rdi,%rax
  40105b:	49 01 d3             	add    %rdx,%r11
  40105e:	4c 89 da             	mov    %r11,%rdx
  401061:	45 0f b6 db          	movzbl %r11b,%r11d
  401065:	48 c1 ea 08          	shr    $0x8,%rdx
  401069:	48 01 d0             	add    %rdx,%rax
  40106c:	4c 39 c8             	cmp    %r9,%rax
  40106f:	41 0f 47 f2          	cmova  %r10d,%esi
  401073:	48 c1 e0 08          	shl    $0x8,%rax
  401077:	48 ff c1             	inc    %rcx
  40107a:	4c 01 d8             	add    %r11,%rax
  40107d:	eb 82                	jmp    401001 <strtoul+0xcb>
  40107f:	4d 85 ed             	test   %r13,%r13
  401082:	74 04                	je     401088 <strtoul+0x152>
  401084:	49 89 4d 00          	mov    %rcx,0x0(%r13)
  401088:	85 f6                	test   %esi,%esi
  40108a:	74 10                	je     40109c <strtoul+0x166>
  40108c:	c7 05 72 0f 20 00 22 	movl   $0x22,0x200f72(%rip)        # 602008 <errno>
  401093:	00 00 00 
  401096:	48 83 c8 ff          	or     $0xffffffffffffffff,%rax
  40109a:	eb 0d                	jmp    4010a9 <strtoul+0x173>
  40109c:	48 89 c2             	mov    %rax,%rdx
  40109f:	48 f7 da             	neg    %rdx
  4010a2:	45 85 ff             	test   %r15d,%r15d
  4010a5:	48 0f 45 c2          	cmovne %rdx,%rax
  4010a9:	5a                   	pop    %rdx
  4010aa:	5b                   	pop    %rbx
  4010ab:	5d                   	pop    %rbp
  4010ac:	41 5c                	pop    %r12
  4010ae:	41 5d                	pop    %r13
  4010b0:	41 5e                	pop    %r14
  4010b2:	41 5f                	pop    %r15
  4010b4:	c3                   	retq   

00000000004010b5 <_exit>:
  4010b5:	b0 3c                	mov    $0x3c,%al

00000000004010b7 <__unified_syscall>:
  4010b7:	b4 00                	mov    $0x0,%ah

00000000004010b9 <__unified_syscall_16bit>:
  4010b9:	0f b7 c0             	movzwl %ax,%eax
  4010bc:	49 89 ca             	mov    %rcx,%r10
  4010bf:	0f 05                	syscall 

00000000004010c1 <__error_unified_syscall>:
  4010c1:	48 3d 7c ff ff ff    	cmp    $0xffffffffffffff7c,%rax
  4010c7:	76 0f                	jbe    4010d8 <__you_tried_to_link_a_dietlibc_object_against_glibc>
  4010c9:	f7 d8                	neg    %eax
  4010cb:	50                   	push   %rax
  4010cc:	e8 34 04 00 00       	callq  401505 <__errno_location>
  4010d1:	59                   	pop    %rcx
  4010d2:	89 08                	mov    %ecx,(%rax)
  4010d4:	48 83 c8 ff          	or     $0xffffffffffffffff,%rax

00000000004010d8 <__you_tried_to_link_a_dietlibc_object_against_glibc>:
  4010d8:	c3                   	retq   
  4010d9:	31 c9                	xor    %ecx,%ecx
  4010db:	39 ce                	cmp    %ecx,%esi
  4010dd:	89 c8                	mov    %ecx,%eax
  4010df:	7e 10                	jle    4010f1 <__you_tried_to_link_a_dietlibc_object_against_glibc+0x19>
  4010e1:	83 f9 02             	cmp    $0x2,%ecx
  4010e4:	7f 0b                	jg     4010f1 <__you_tried_to_link_a_dietlibc_object_against_glibc+0x19>
  4010e6:	8a 04 0a             	mov    (%rdx,%rcx,1),%al
  4010e9:	88 04 0f             	mov    %al,(%rdi,%rcx,1)
  4010ec:	48 ff c1             	inc    %rcx
  4010ef:	eb ea                	jmp    4010db <__you_tried_to_link_a_dietlibc_object_against_glibc+0x3>
  4010f1:	39 f0                	cmp    %esi,%eax
  4010f3:	7d 09                	jge    4010fe <__you_tried_to_link_a_dietlibc_object_against_glibc+0x26>
  4010f5:	48 63 d0             	movslq %eax,%rdx
  4010f8:	ff c0                	inc    %eax
  4010fa:	c6 04 17 00          	movb   $0x0,(%rdi,%rdx,1)
  4010fe:	c3                   	retq   

00000000004010ff <__dtostr>:
  4010ff:	41 54                	push   %r12
  401101:	55                   	push   %rbp
  401102:	48 89 fd             	mov    %rdi,%rbp
  401105:	53                   	push   %rbx
  401106:	48 83 ec 10          	sub    $0x10,%rsp
  40110a:	f2 0f 10 0d 1e 05 00 	movsd  0x51e(%rip),%xmm1        # 401630 <memmove+0xd6>
  401111:	00 
  401112:	0f 54 c8             	andps  %xmm0,%xmm1
  401115:	66 0f 2e 0d e3 04 00 	ucomisd 0x4e3(%rip),%xmm1        # 401600 <memmove+0xa6>
  40111c:	00 
  40111d:	76 07                	jbe    401126 <__dtostr+0x27>
  40111f:	ba e0 15 40 00       	mov    $0x4015e0,%edx
  401124:	eb 0b                	jmp    401131 <__dtostr+0x32>
  401126:	66 0f 2e c0          	ucomisd %xmm0,%xmm0
  40112a:	7b 12                	jnp    40113e <__dtostr+0x3f>
  40112c:	ba e4 15 40 00       	mov    $0x4015e4,%edx
  401131:	48 83 c4 10          	add    $0x10,%rsp
  401135:	48 89 ef             	mov    %rbp,%rdi
  401138:	5b                   	pop    %rbx
  401139:	5d                   	pop    %rbp
  40113a:	41 5c                	pop    %r12
  40113c:	eb 9b                	jmp    4010d9 <__you_tried_to_link_a_dietlibc_object_against_glibc+0x1>
  40113e:	0f 57 c9             	xorps  %xmm1,%xmm1
  401141:	66 0f d6 44 24 08    	movq   %xmm0,0x8(%rsp)
  401147:	4c 8b 4c 24 08       	mov    0x8(%rsp),%r9
  40114c:	66 0f 2e c1          	ucomisd %xmm1,%xmm0
  401150:	7a 56                	jp     4011a8 <__dtostr+0xa9>
  401152:	75 54                	jne    4011a8 <__dtostr+0xa9>
  401154:	8d 51 02             	lea    0x2(%rcx),%edx
  401157:	85 c9                	test   %ecx,%ecx
  401159:	b8 01 00 00 00       	mov    $0x1,%eax
  40115e:	0f 45 c2             	cmovne %edx,%eax
  401161:	39 f0                	cmp    %esi,%eax
  401163:	77 08                	ja     40116d <__dtostr+0x6e>
  401165:	31 db                	xor    %ebx,%ebx
  401167:	85 c0                	test   %eax,%eax
  401169:	74 14                	je     40117f <__dtostr+0x80>
  40116b:	eb 05                	jmp    401172 <__dtostr+0x73>
  40116d:	b8 08 00 00 00       	mov    $0x8,%eax
  401172:	31 db                	xor    %ebx,%ebx
  401174:	4d 85 c9             	test   %r9,%r9
  401177:	79 06                	jns    40117f <__dtostr+0x80>
  401179:	c6 45 00 2d          	movb   $0x2d,0x0(%rbp)
  40117d:	b3 01                	mov    $0x1,%bl
  40117f:	39 c3                	cmp    %eax,%ebx
  401181:	89 da                	mov    %ebx,%edx
  401183:	73 09                	jae    40118e <__dtostr+0x8f>
  401185:	c6 44 15 00 30       	movb   $0x30,0x0(%rbp,%rdx,1)
  40118a:	ff c3                	inc    %ebx
  40118c:	eb f1                	jmp    40117f <__dtostr+0x80>
  40118e:	31 c0                	xor    %eax,%eax
  401190:	80 7d 00 30          	cmpb   $0x30,0x0(%rbp)
  401194:	0f 95 c0             	setne  %al
  401197:	c6 44 05 01 2e       	movb   $0x2e,0x1(%rbp,%rax,1)
  40119c:	c6 44 15 00 00       	movb   $0x0,0x0(%rbp,%rdx,1)
  4011a1:	89 d8                	mov    %ebx,%eax
  4011a3:	e9 5c 02 00 00       	jmpq   401404 <__dtostr+0x305>
  4011a8:	66 0f 2e c8          	ucomisd %xmm0,%xmm1
  4011ac:	76 17                	jbe    4011c5 <__dtostr+0xc6>
  4011ae:	f2 0f 10 15 8a 04 00 	movsd  0x48a(%rip),%xmm2        # 401640 <memmove+0xe6>
  4011b5:	00 
  4011b6:	c6 45 00 2d          	movb   $0x2d,0x0(%rbp)
  4011ba:	ff ce                	dec    %esi
  4011bc:	48 8d 5d 01          	lea    0x1(%rbp),%rbx
  4011c0:	0f 57 d0             	xorps  %xmm0,%xmm2
  4011c3:	eb 07                	jmp    4011cc <__dtostr+0xcd>
  4011c5:	66 0f 28 d0          	movapd %xmm0,%xmm2
  4011c9:	48 89 eb             	mov    %rbp,%rbx
  4011cc:	f2 0f 10 0d 14 04 00 	movsd  0x414(%rip),%xmm1        # 4015e8 <memmove+0x8e>
  4011d3:	00 
  4011d4:	31 ff                	xor    %edi,%edi
  4011d6:	f2 0f 10 1d 1a 04 00 	movsd  0x41a(%rip),%xmm3        # 4015f8 <memmove+0x9e>
  4011dd:	00 
  4011de:	39 cf                	cmp    %ecx,%edi
  4011e0:	74 08                	je     4011ea <__dtostr+0xeb>
  4011e2:	f2 0f 59 cb          	mulsd  %xmm3,%xmm1
  4011e6:	ff c7                	inc    %edi
  4011e8:	eb f4                	jmp    4011de <__dtostr+0xdf>
  4011ea:	f2 0f 58 d1          	addsd  %xmm1,%xmm2
  4011ee:	f2 0f 10 0d 12 04 00 	movsd  0x412(%rip),%xmm1        # 401608 <memmove+0xae>
  4011f5:	00 
  4011f6:	66 0f 2e ca          	ucomisd %xmm2,%xmm1
  4011fa:	76 08                	jbe    401204 <__dtostr+0x105>
  4011fc:	c6 03 30             	movb   $0x30,(%rbx)
  4011ff:	ff ce                	dec    %esi
  401201:	48 ff c3             	inc    %rbx
  401204:	4c 89 c8             	mov    %r9,%rax
  401207:	48 c1 e8 34          	shr    $0x34,%rax
  40120b:	25 ff 07 00 00       	and    $0x7ff,%eax
  401210:	48 2d ff 03 00 00    	sub    $0x3ff,%rax
  401216:	f2 48 0f 2a c8       	cvtsi2sd %rax,%xmm1
  40121b:	f2 0f 59 0d ed 03 00 	mulsd  0x3ed(%rip),%xmm1        # 401610 <memmove+0xb6>
  401222:	00 
  401223:	f2 4c 0f 2c e1       	cvttsd2si %xmm1,%r12
  401228:	49 ff c4             	inc    %r12
  40122b:	4d 85 e4             	test   %r12,%r12
  40122e:	0f 8e 29 01 00 00    	jle    40135d <__dtostr+0x25e>
  401234:	f2 0f 10 0d b4 03 00 	movsd  0x3b4(%rip),%xmm1        # 4015f0 <memmove+0x96>
  40123b:	00 
  40123c:	44 89 e0             	mov    %r12d,%eax
  40123f:	f2 0f 10 1d d1 03 00 	movsd  0x3d1(%rip),%xmm3        # 401618 <memmove+0xbe>
  401246:	00 
  401247:	66 0f 28 e1          	movapd %xmm1,%xmm4
  40124b:	83 f8 0a             	cmp    $0xa,%eax
  40124e:	76 09                	jbe    401259 <__dtostr+0x15a>
  401250:	f2 0f 59 cb          	mulsd  %xmm3,%xmm1
  401254:	83 e8 0a             	sub    $0xa,%eax
  401257:	eb f2                	jmp    40124b <__dtostr+0x14c>
  401259:	83 f8 01             	cmp    $0x1,%eax
  40125c:	76 08                	jbe    401266 <__dtostr+0x167>
  40125e:	f2 0f 59 cc          	mulsd  %xmm4,%xmm1
  401262:	ff c8                	dec    %eax
  401264:	eb f3                	jmp    401259 <__dtostr+0x15a>
  401266:	f2 0f 10 2d b2 03 00 	movsd  0x3b2(%rip),%xmm5        # 401620 <memmove+0xc6>
  40126d:	00 
  40126e:	b8 01 00 00 00       	mov    $0x1,%eax
  401273:	66 0f 2e cd          	ucomisd %xmm5,%xmm1
  401277:	0f 86 e8 00 00 00    	jbe    401365 <__dtostr+0x266>
  40127d:	66 0f 28 da          	movapd %xmm2,%xmm3
  401281:	f2 0f 5e d9          	divsd  %xmm1,%xmm3
  401285:	f2 0f 2c fb          	cvttsd2si %xmm3,%edi
  401289:	40 84 ff             	test   %dil,%dil
  40128c:	75 08                	jne    401296 <__dtostr+0x197>
  40128e:	85 c0                	test   %eax,%eax
  401290:	0f 85 b9 00 00 00    	jne    40134f <__dtostr+0x250>
  401296:	8d 47 30             	lea    0x30(%rdi),%eax
  401299:	48 ff c3             	inc    %rbx
  40129c:	88 43 ff             	mov    %al,-0x1(%rbx)
  40129f:	85 f6                	test   %esi,%esi
  4012a1:	0f 85 92 00 00 00    	jne    401339 <__dtostr+0x23a>
  4012a7:	f2 0f 5e c1          	divsd  %xmm1,%xmm0
  4012ab:	45 31 c0             	xor    %r8d,%r8d
  4012ae:	48 89 ef             	mov    %rbp,%rdi
  4012b1:	e8 49 fe ff ff       	callq  4010ff <__dtostr>
  4012b6:	85 c0                	test   %eax,%eax
  4012b8:	75 07                	jne    4012c1 <__dtostr+0x1c2>
  4012ba:	31 c0                	xor    %eax,%eax
  4012bc:	e9 43 01 00 00       	jmpq   401404 <__dtostr+0x305>
  4012c1:	48 63 d0             	movslq %eax,%rdx
  4012c4:	f7 d0                	not    %eax
  4012c6:	41 b8 04 00 00 00    	mov    $0x4,%r8d
  4012cc:	48 01 d3             	add    %rdx,%rbx
  4012cf:	89 c6                	mov    %eax,%esi
  4012d1:	41 b9 01 00 00 00    	mov    $0x1,%r9d
  4012d7:	c6 03 65             	movb   $0x65,(%rbx)
  4012da:	bf e8 03 00 00       	mov    $0x3e8,%edi
  4012df:	48 ff c3             	inc    %rbx
  4012e2:	41 ba 0a 00 00 00    	mov    $0xa,%r10d
  4012e8:	48 63 cf             	movslq %edi,%rcx
  4012eb:	49 39 cc             	cmp    %rcx,%r12
  4012ee:	7d 05                	jge    4012f5 <__dtostr+0x1f6>
  4012f0:	45 85 c9             	test   %r9d,%r9d
  4012f3:	75 27                	jne    40131c <__dtostr+0x21d>
  4012f5:	85 f6                	test   %esi,%esi
  4012f7:	74 11                	je     40130a <__dtostr+0x20b>
  4012f9:	4c 89 e0             	mov    %r12,%rax
  4012fc:	48 ff c3             	inc    %rbx
  4012ff:	48 99                	cqto   
  401301:	48 f7 f9             	idiv   %rcx
  401304:	83 c0 30             	add    $0x30,%eax
  401307:	88 43 ff             	mov    %al,-0x1(%rbx)
  40130a:	4c 89 e0             	mov    %r12,%rax
  40130d:	ff ce                	dec    %esi
  40130f:	45 31 c9             	xor    %r9d,%r9d
  401312:	48 99                	cqto   
  401314:	48 f7 f9             	idiv   %rcx
  401317:	49 89 d4             	mov    %rdx,%r12
  40131a:	eb 06                	jmp    401322 <__dtostr+0x223>
  40131c:	41 b9 01 00 00 00    	mov    $0x1,%r9d
  401322:	89 f8                	mov    %edi,%eax
  401324:	99                   	cltd   
  401325:	41 f7 fa             	idiv   %r10d
  401328:	41 ff c8             	dec    %r8d
  40132b:	89 c7                	mov    %eax,%edi
  40132d:	75 b9                	jne    4012e8 <__dtostr+0x1e9>
  40132f:	85 f6                	test   %esi,%esi
  401331:	0f 85 c6 00 00 00    	jne    4013fd <__dtostr+0x2fe>
  401337:	eb 81                	jmp    4012ba <__dtostr+0x1bb>
  401339:	40 0f be ff          	movsbl %dil,%edi
  40133d:	ff ce                	dec    %esi
  40133f:	31 c0                	xor    %eax,%eax
  401341:	f2 0f 2a df          	cvtsi2sd %edi,%xmm3
  401345:	f2 0f 59 d9          	mulsd  %xmm1,%xmm3
  401349:	f2 0f 5c d3          	subsd  %xmm3,%xmm2
  40134d:	eb 05                	jmp    401354 <__dtostr+0x255>
  40134f:	b8 01 00 00 00       	mov    $0x1,%eax
  401354:	f2 0f 5e cc          	divsd  %xmm4,%xmm1
  401358:	e9 16 ff ff ff       	jmpq   401273 <__dtostr+0x174>
  40135d:	f2 0f 10 0d 93 02 00 	movsd  0x293(%rip),%xmm1        # 4015f8 <memmove+0x9e>
  401364:	00 
  401365:	48 39 eb             	cmp    %rbp,%rbx
  401368:	75 10                	jne    40137a <__dtostr+0x27b>
  40136a:	85 f6                	test   %esi,%esi
  40136c:	0f 84 48 ff ff ff    	je     4012ba <__dtostr+0x1bb>
  401372:	c6 03 30             	movb   $0x30,(%rbx)
  401375:	ff ce                	dec    %esi
  401377:	48 ff c3             	inc    %rbx
  40137a:	85 c9                	test   %ecx,%ecx
  40137c:	75 0c                	jne    40138a <__dtostr+0x28b>
  40137e:	48 89 d8             	mov    %rbx,%rax
  401381:	48 29 e8             	sub    %rbp,%rax
  401384:	ff c0                	inc    %eax
  401386:	39 c2                	cmp    %eax,%edx
  401388:	76 73                	jbe    4013fd <__dtostr+0x2fe>
  40138a:	85 f6                	test   %esi,%esi
  40138c:	0f 84 28 ff ff ff    	je     4012ba <__dtostr+0x1bb>
  401392:	ff ce                	dec    %esi
  401394:	45 85 c0             	test   %r8d,%r8d
  401397:	c6 03 2e             	movb   $0x2e,(%rbx)
  40139a:	48 8d 7b 01          	lea    0x1(%rbx),%rdi
  40139e:	74 07                	je     4013a7 <__dtostr+0x2a8>
  4013a0:	85 c9                	test   %ecx,%ecx
  4013a2:	0f 45 d1             	cmovne %ecx,%edx
  4013a5:	eb 04                	jmp    4013ab <__dtostr+0x2ac>
  4013a7:	85 c9                	test   %ecx,%ecx
  4013a9:	75 0a                	jne    4013b5 <__dtostr+0x2b6>
  4013ab:	48 89 e8             	mov    %rbp,%rax
  4013ae:	48 29 f8             	sub    %rdi,%rax
  4013b1:	8d 4c 02 01          	lea    0x1(%rdx,%rax,1),%ecx
  4013b5:	39 f1                	cmp    %esi,%ecx
  4013b7:	0f 87 fd fe ff ff    	ja     4012ba <__dtostr+0x1bb>
  4013bd:	f2 0f 10 1d 2b 02 00 	movsd  0x22b(%rip),%xmm3        # 4015f0 <memmove+0x96>
  4013c4:	00 
  4013c5:	31 c0                	xor    %eax,%eax
  4013c7:	39 c1                	cmp    %eax,%ecx
  4013c9:	74 2c                	je     4013f7 <__dtostr+0x2f8>
  4013cb:	66 0f 28 c2          	movapd %xmm2,%xmm0
  4013cf:	f2 0f 5e c1          	divsd  %xmm1,%xmm0
  4013d3:	f2 0f 2c d0          	cvttsd2si %xmm0,%edx
  4013d7:	8d 72 30             	lea    0x30(%rdx),%esi
  4013da:	0f be d2             	movsbl %dl,%edx
  4013dd:	f2 0f 2a c2          	cvtsi2sd %edx,%xmm0
  4013e1:	40 88 74 03 01       	mov    %sil,0x1(%rbx,%rax,1)
  4013e6:	48 ff c0             	inc    %rax
  4013e9:	f2 0f 59 c1          	mulsd  %xmm1,%xmm0
  4013ed:	f2 0f 5e cb          	divsd  %xmm3,%xmm1
  4013f1:	f2 0f 5c d0          	subsd  %xmm0,%xmm2
  4013f5:	eb d0                	jmp    4013c7 <__dtostr+0x2c8>
  4013f7:	89 c9                	mov    %ecx,%ecx
  4013f9:	48 8d 1c 0f          	lea    (%rdi,%rcx,1),%rbx
  4013fd:	89 d8                	mov    %ebx,%eax
  4013ff:	c6 03 00             	movb   $0x0,(%rbx)
  401402:	29 e8                	sub    %ebp,%eax
  401404:	48 83 c4 10          	add    $0x10,%rsp
  401408:	5b                   	pop    %rbx
  401409:	5d                   	pop    %rbp
  40140a:	41 5c                	pop    %r12
  40140c:	c3                   	retq   

000000000040140d <__lltostr>:
  40140d:	ff ce                	dec    %esi
  40140f:	53                   	push   %rbx
  401410:	49 89 d1             	mov    %rdx,%r9
  401413:	48 63 f6             	movslq %esi,%rsi
  401416:	48 01 fe             	add    %rdi,%rsi
  401419:	83 f9 24             	cmp    $0x24,%ecx
  40141c:	c6 06 00             	movb   $0x0,(%rsi)
  40141f:	7f 04                	jg     401425 <__lltostr+0x18>
  401421:	85 c9                	test   %ecx,%ecx
  401423:	75 05                	jne    40142a <__lltostr+0x1d>
  401425:	b9 0a 00 00 00       	mov    $0xa,%ecx
  40142a:	31 c0                	xor    %eax,%eax
  40142c:	4d 85 c9             	test   %r9,%r9
  40142f:	75 09                	jne    40143a <__lltostr+0x2d>
  401431:	c6 46 ff 30          	movb   $0x30,-0x1(%rsi)
  401435:	b0 01                	mov    $0x1,%al
  401437:	48 ff ce             	dec    %rsi
  40143a:	44 8d 14 30          	lea    (%rax,%rsi,1),%r10d
  40143e:	48 63 c9             	movslq %ecx,%rcx
  401441:	44 89 d3             	mov    %r10d,%ebx
  401444:	29 f3                	sub    %esi,%ebx
  401446:	4d 85 c9             	test   %r9,%r9
  401449:	74 34                	je     40147f <__lltostr+0x72>
  40144b:	48 39 fe             	cmp    %rdi,%rsi
  40144e:	76 2f                	jbe    40147f <__lltostr+0x72>
  401450:	31 d2                	xor    %edx,%edx
  401452:	4c 89 c8             	mov    %r9,%rax
  401455:	48 ff ce             	dec    %rsi
  401458:	48 f7 f1             	div    %rcx
  40145b:	83 c2 30             	add    $0x30,%edx
  40145e:	80 fa 39             	cmp    $0x39,%dl
  401461:	7e 0d                	jle    401470 <__lltostr+0x63>
  401463:	41 80 f8 01          	cmp    $0x1,%r8b
  401467:	19 c0                	sbb    %eax,%eax
  401469:	83 e0 20             	and    $0x20,%eax
  40146c:	8d 54 10 07          	lea    0x7(%rax,%rdx,1),%edx
  401470:	4c 89 c8             	mov    %r9,%rax
  401473:	88 16                	mov    %dl,(%rsi)
  401475:	31 d2                	xor    %edx,%edx
  401477:	48 f7 f1             	div    %rcx
  40147a:	49 89 c1             	mov    %rax,%r9
  40147d:	eb c2                	jmp    401441 <__lltostr+0x34>
  40147f:	8d 53 01             	lea    0x1(%rbx),%edx
  401482:	e8 d3 00 00 00       	callq  40155a <memmove>
  401487:	89 d8                	mov    %ebx,%eax
  401489:	5b                   	pop    %rbx
  40148a:	c3                   	retq   

000000000040148b <__ltostr>:
  40148b:	8d 41 ff             	lea    -0x1(%rcx),%eax
  40148e:	ff ce                	dec    %esi
  401490:	53                   	push   %rbx
  401491:	48 01 fe             	add    %rdi,%rsi
  401494:	49 89 d1             	mov    %rdx,%r9
  401497:	83 f8 24             	cmp    $0x24,%eax
  40149a:	b8 0a 00 00 00       	mov    $0xa,%eax
  40149f:	c6 06 00             	movb   $0x0,(%rsi)
  4014a2:	0f 43 c8             	cmovae %eax,%ecx
  4014a5:	30 c0                	xor    %al,%al
  4014a7:	48 85 d2             	test   %rdx,%rdx
  4014aa:	75 09                	jne    4014b5 <__ltostr+0x2a>
  4014ac:	c6 46 ff 30          	movb   $0x30,-0x1(%rsi)
  4014b0:	b0 01                	mov    $0x1,%al
  4014b2:	48 ff ce             	dec    %rsi
  4014b5:	44 8d 14 30          	lea    (%rax,%rsi,1),%r10d
  4014b9:	89 c9                	mov    %ecx,%ecx
  4014bb:	44 89 d3             	mov    %r10d,%ebx
  4014be:	29 f3                	sub    %esi,%ebx
  4014c0:	4d 85 c9             	test   %r9,%r9
  4014c3:	74 34                	je     4014f9 <__ltostr+0x6e>
  4014c5:	48 39 fe             	cmp    %rdi,%rsi
  4014c8:	76 2f                	jbe    4014f9 <__ltostr+0x6e>
  4014ca:	31 d2                	xor    %edx,%edx
  4014cc:	4c 89 c8             	mov    %r9,%rax
  4014cf:	48 ff ce             	dec    %rsi
  4014d2:	48 f7 f1             	div    %rcx
  4014d5:	83 c2 30             	add    $0x30,%edx
  4014d8:	80 fa 39             	cmp    $0x39,%dl
  4014db:	7e 0d                	jle    4014ea <__ltostr+0x5f>
  4014dd:	41 83 f8 01          	cmp    $0x1,%r8d
  4014e1:	19 c0                	sbb    %eax,%eax
  4014e3:	83 e0 20             	and    $0x20,%eax
  4014e6:	8d 54 10 07          	lea    0x7(%rax,%rdx,1),%edx
  4014ea:	4c 89 c8             	mov    %r9,%rax
  4014ed:	88 16                	mov    %dl,(%rsi)
  4014ef:	31 d2                	xor    %edx,%edx
  4014f1:	48 f7 f1             	div    %rcx
  4014f4:	49 89 c1             	mov    %rax,%r9
  4014f7:	eb c2                	jmp    4014bb <__ltostr+0x30>
  4014f9:	8d 53 01             	lea    0x1(%rbx),%edx
  4014fc:	e8 59 00 00 00       	callq  40155a <memmove>
  401501:	89 d8                	mov    %ebx,%eax
  401503:	5b                   	pop    %rbx
  401504:	c3                   	retq   

0000000000401505 <__errno_location>:
  401505:	b8 08 20 60 00       	mov    $0x602008,%eax
  40150a:	c3                   	retq   

000000000040150b <isalnum>:
  40150b:	89 fa                	mov    %edi,%edx
  40150d:	b8 01 00 00 00       	mov    $0x1,%eax
  401512:	83 ca 20             	or     $0x20,%edx
  401515:	83 ea 61             	sub    $0x61,%edx
  401518:	83 fa 19             	cmp    $0x19,%edx
  40151b:	76 0b                	jbe    401528 <isalnum+0x1d>
  40151d:	83 ef 30             	sub    $0x30,%edi
  401520:	31 c0                	xor    %eax,%eax
  401522:	83 ff 09             	cmp    $0x9,%edi
  401525:	0f 96 c0             	setbe  %al
  401528:	c3                   	retq   

0000000000401529 <__isspace_ascii>:
  401529:	8d 47 f7             	lea    -0x9(%rdi),%eax
  40152c:	83 f8 04             	cmp    $0x4,%eax
  40152f:	0f 96 c0             	setbe  %al
  401532:	83 ff 20             	cmp    $0x20,%edi
  401535:	0f 94 c2             	sete   %dl
  401538:	09 d0                	or     %edx,%eax
  40153a:	0f b6 c0             	movzbl %al,%eax
  40153d:	c3                   	retq   

000000000040153e <__isxdigit_ascii>:
  40153e:	8d 57 d0             	lea    -0x30(%rdi),%edx
  401541:	b8 01 00 00 00       	mov    $0x1,%eax
  401546:	83 fa 09             	cmp    $0x9,%edx
  401549:	76 0e                	jbe    401559 <__isxdigit_ascii+0x1b>
  40154b:	83 cf 20             	or     $0x20,%edi
  40154e:	31 c0                	xor    %eax,%eax
  401550:	83 ef 61             	sub    $0x61,%edi
  401553:	83 ff 05             	cmp    $0x5,%edi
  401556:	0f 96 c0             	setbe  %al
  401559:	c3                   	retq   

000000000040155a <memmove>:
  40155a:	48 39 fe             	cmp    %rdi,%rsi
  40155d:	48 89 f8             	mov    %rdi,%rax
  401560:	74 43                	je     4015a5 <memmove+0x4b>
  401562:	76 15                	jbe    401579 <memmove+0x1f>
  401564:	31 c9                	xor    %ecx,%ecx
  401566:	48 39 d1             	cmp    %rdx,%rcx
  401569:	74 0d                	je     401578 <memmove+0x1e>
  40156b:	40 8a 3c 0e          	mov    (%rsi,%rcx,1),%dil
  40156f:	40 88 3c 08          	mov    %dil,(%rax,%rcx,1)
  401573:	48 ff c1             	inc    %rcx
  401576:	eb ee                	jmp    401566 <memmove+0xc>
  401578:	c3                   	retq   
  401579:	48 8d 7a ff          	lea    -0x1(%rdx),%rdi
  40157d:	48 89 d1             	mov    %rdx,%rcx
  401580:	48 f7 d9             	neg    %rcx
  401583:	4c 8d 04 38          	lea    (%rax,%rdi,1),%r8
  401587:	48 01 fe             	add    %rdi,%rsi
  40158a:	48 01 ce             	add    %rcx,%rsi
  40158d:	4c 01 c1             	add    %r8,%rcx
  401590:	48 ff ca             	dec    %rdx
  401593:	48 83 fa ff          	cmp    $0xffffffffffffffff,%rdx
  401597:	74 0c                	je     4015a5 <memmove+0x4b>
  401599:	40 8a 7c 16 01       	mov    0x1(%rsi,%rdx,1),%dil
  40159e:	40 88 7c 11 01       	mov    %dil,0x1(%rcx,%rdx,1)
  4015a3:	eb eb                	jmp    401590 <memmove+0x36>
  4015a5:	c3                   	retq   
