
collatz_serena:     file format elf64-x86-64


Disassembly of section .text:

0000000000400144 <_start>:
  400144:	48 31 ed             	xor    %rbp,%rbp
  400147:	5f                   	pop    %rdi
  400148:	48 89 e6             	mov    %rsp,%rsi
  40014b:	48 83 e4 f0          	and    $0xfffffffffffffff0,%rsp
  40014f:	e8 4e 00 00 00       	callq  4001a2 <main>
  400154:	48 89 c7             	mov    %rax,%rdi
  400157:	48 c7 c0 3c 00 00 00 	mov    $0x3c,%rax
  40015e:	0f 05                	syscall 
  400160:	f4                   	hlt    

0000000000400161 <step>:
  400161:	55                   	push   %rbp
  400162:	48 89 e5             	mov    %rsp,%rbp
  400165:	53                   	push   %rbx
  400166:	48 89 7d f0          	mov    %rdi,-0x10(%rbp)
  40016a:	48 8b 5d f0          	mov    -0x10(%rbp),%rbx
  40016e:	48 89 d8             	mov    %rbx,%rax
  400171:	83 e0 01             	and    $0x1,%eax
  400174:	48 85 c0             	test   %rax,%rax
  400177:	75 0d                	jne    400186 <step+0x25>
  400179:	48 8b 45 f0          	mov    -0x10(%rbp),%rax
  40017d:	48 d1 e8             	shr    %rax
  400180:	48 89 45 f0          	mov    %rax,-0x10(%rbp)
  400184:	eb 15                	jmp    40019b <step+0x3a>
  400186:	48 8b 55 f0          	mov    -0x10(%rbp),%rdx
  40018a:	48 89 d0             	mov    %rdx,%rax
  40018d:	48 01 c0             	add    %rax,%rax
  400190:	48 01 d0             	add    %rdx,%rax
  400193:	48 83 c0 01          	add    $0x1,%rax
  400197:	48 89 45 f0          	mov    %rax,-0x10(%rbp)
  40019b:	48 8b 45 f0          	mov    -0x10(%rbp),%rax
  40019f:	5b                   	pop    %rbx
  4001a0:	5d                   	pop    %rbp
  4001a1:	c3                   	retq   

00000000004001a2 <main>:
  4001a2:	55                   	push   %rbp
  4001a3:	48 89 e5             	mov    %rsp,%rbp
  4001a6:	41 54                	push   %r12
  4001a8:	53                   	push   %rbx
  4001a9:	48 83 ec 30          	sub    $0x30,%rsp
  4001ad:	89 7d cc             	mov    %edi,-0x34(%rbp)
  4001b0:	48 89 75 c0          	mov    %rsi,-0x40(%rbp)
  4001b4:	83 7d cc 02          	cmpl   $0x2,-0x34(%rbp)
  4001b8:	75 16                	jne    4001d0 <main+0x2e>
  4001ba:	48 8b 45 c0          	mov    -0x40(%rbp),%rax
  4001be:	48 83 c0 08          	add    $0x8,%rax
  4001c2:	48 8b 00             	mov    (%rax),%rax
  4001c5:	48 89 c7             	mov    %rax,%rdi
  4001c8:	e8 97 00 00 00       	callq  400264 <atol>
  4001cd:	89 45 ec             	mov    %eax,-0x14(%rbp)
  4001d0:	8b 45 ec             	mov    -0x14(%rbp),%eax
  4001d3:	89 c7                	mov    %eax,%edi
  4001d5:	e8 e9 00 00 00       	callq  4002c3 <srand>
  4001da:	c7 45 e8 80 96 98 00 	movl   $0x989680,-0x18(%rbp)
  4001e1:	e8 d3 00 00 00       	callq  4002b9 <rand>
  4001e6:	99                   	cltd   
  4001e7:	f7 7d e8             	idivl  -0x18(%rbp)
  4001ea:	89 d0                	mov    %edx,%eax
  4001ec:	48 98                	cltq   
  4001ee:	48 89 45 e0          	mov    %rax,-0x20(%rbp)
  4001f2:	e8 c2 00 00 00       	callq  4002b9 <rand>
  4001f7:	48 98                	cltq   
  4001f9:	8b 55 e8             	mov    -0x18(%rbp),%edx
  4001fc:	48 63 d2             	movslq %edx,%rdx
  4001ff:	48 89 d1             	mov    %rdx,%rcx
  400202:	48 2b 4d e0          	sub    -0x20(%rbp),%rcx
  400206:	ba 00 00 00 00       	mov    $0x0,%edx
  40020b:	48 f7 f1             	div    %rcx
  40020e:	48 8b 45 e0          	mov    -0x20(%rbp),%rax
  400212:	48 01 d0             	add    %rdx,%rax
  400215:	48 89 45 d8          	mov    %rax,-0x28(%rbp)
  400219:	48 8b 55 d8          	mov    -0x28(%rbp),%rdx
  40021d:	48 8b 45 e0          	mov    -0x20(%rbp),%rax
  400221:	48 89 c6             	mov    %rax,%rsi
  400224:	bf 80 15 40 00       	mov    $0x401580,%edi
  400229:	b8 00 00 00 00       	mov    $0x0,%eax
  40022e:	e8 cd 00 00 00       	callq  400300 <printf>
  400233:	48 8b 5d e0          	mov    -0x20(%rbp),%rbx
  400237:	eb 1a                	jmp    400253 <main+0xb1>
  400239:	49 89 dc             	mov    %rbx,%r12
  40023c:	eb 0b                	jmp    400249 <main+0xa7>
  40023e:	4c 89 e7             	mov    %r12,%rdi
  400241:	e8 1b ff ff ff       	callq  400161 <step>
  400246:	49 89 c4             	mov    %rax,%r12
  400249:	49 83 fc 01          	cmp    $0x1,%r12
  40024d:	77 ef                	ja     40023e <main+0x9c>
  40024f:	48 83 c3 01          	add    $0x1,%rbx
  400253:	48 3b 5d d8          	cmp    -0x28(%rbp),%rbx
  400257:	72 e0                	jb     400239 <main+0x97>
  400259:	89 d8                	mov    %ebx,%eax
  40025b:	48 83 c4 30          	add    $0x30,%rsp
  40025f:	5b                   	pop    %rbx
  400260:	41 5c                	pop    %r12
  400262:	5d                   	pop    %rbp
  400263:	c3                   	retq   

0000000000400264 <atol>:
  400264:	8a 07                	mov    (%rdi),%al
  400266:	8d 50 f7             	lea    -0x9(%rax),%edx
  400269:	80 fa 04             	cmp    $0x4,%dl
  40026c:	77 05                	ja     400273 <atol+0xf>
  40026e:	48 ff c7             	inc    %rdi
  400271:	eb f1                	jmp    400264 <atol>
  400273:	3c 20                	cmp    $0x20,%al
  400275:	74 f7                	je     40026e <atol+0xa>
  400277:	3c 2b                	cmp    $0x2b,%al
  400279:	74 09                	je     400284 <atol+0x20>
  40027b:	3c 2d                	cmp    $0x2d,%al
  40027d:	75 0c                	jne    40028b <atol+0x27>
  40027f:	83 ca ff             	or     $0xffffffff,%edx
  400282:	eb 02                	jmp    400286 <atol+0x22>
  400284:	31 d2                	xor    %edx,%edx
  400286:	48 ff c7             	inc    %rdi
  400289:	eb 02                	jmp    40028d <atol+0x29>
  40028b:	31 d2                	xor    %edx,%edx
  40028d:	31 c0                	xor    %eax,%eax
  40028f:	48 0f be 0f          	movsbq (%rdi),%rcx
  400293:	0f be f1             	movsbl %cl,%esi
  400296:	83 ee 30             	sub    $0x30,%esi
  400299:	83 fe 09             	cmp    $0x9,%esi
  40029c:	77 0e                	ja     4002ac <atol+0x48>
  40029e:	48 6b c0 0a          	imul   $0xa,%rax,%rax
  4002a2:	48 ff c7             	inc    %rdi
  4002a5:	48 8d 44 08 d0       	lea    -0x30(%rax,%rcx,1),%rax
  4002aa:	eb e3                	jmp    40028f <atol+0x2b>
  4002ac:	48 89 c1             	mov    %rax,%rcx
  4002af:	48 f7 d9             	neg    %rcx
  4002b2:	85 d2                	test   %edx,%edx
  4002b4:	48 0f 45 c1          	cmovne %rcx,%rax
  4002b8:	c3                   	retq   

00000000004002b9 <rand>:
  4002b9:	bf 00 20 60 00       	mov    $0x602000,%edi
  4002be:	e9 11 00 00 00       	jmpq   4002d4 <rand_r>

00000000004002c3 <srand>:
  4002c3:	b8 17 00 00 00       	mov    $0x17,%eax
  4002c8:	85 ff                	test   %edi,%edi
  4002ca:	0f 45 c7             	cmovne %edi,%eax
  4002cd:	89 05 2d 1d 20 00    	mov    %eax,0x201d2d(%rip)        # 602000 <memmove+0x200ad4>
  4002d3:	c3                   	retq   

00000000004002d4 <rand_r>:
  4002d4:	8b 07                	mov    (%rdi),%eax
  4002d6:	be c8 ad 00 00       	mov    $0xadc8,%esi
  4002db:	99                   	cltd   
  4002dc:	f7 fe                	idiv   %esi
  4002de:	8b 07                	mov    (%rdi),%eax
  4002e0:	be 38 52 ff ff       	mov    $0xffff5238,%esi
  4002e5:	69 ca 8f bc 00 00    	imul   $0xbc8f,%edx,%ecx
  4002eb:	99                   	cltd   
  4002ec:	f7 fe                	idiv   %esi
  4002ee:	69 c0 47 0d 00 00    	imul   $0xd47,%eax,%eax
  4002f4:	01 c8                	add    %ecx,%eax
  4002f6:	79 05                	jns    4002fd <rand_r+0x29>
  4002f8:	05 ff ff ff 7f       	add    $0x7fffffff,%eax
  4002fd:	89 07                	mov    %eax,(%rdi)
  4002ff:	c3                   	retq   

0000000000400300 <printf>:
  400300:	48 81 ec d8 00 00 00 	sub    $0xd8,%rsp
  400307:	84 c0                	test   %al,%al
  400309:	48 89 74 24 28       	mov    %rsi,0x28(%rsp)
  40030e:	48 89 54 24 30       	mov    %rdx,0x30(%rsp)
  400313:	48 89 4c 24 38       	mov    %rcx,0x38(%rsp)
  400318:	4c 89 44 24 40       	mov    %r8,0x40(%rsp)
  40031d:	4c 89 4c 24 48       	mov    %r9,0x48(%rsp)
  400322:	74 37                	je     40035b <printf+0x5b>
  400324:	0f 29 44 24 50       	movaps %xmm0,0x50(%rsp)
  400329:	0f 29 4c 24 60       	movaps %xmm1,0x60(%rsp)
  40032e:	0f 29 54 24 70       	movaps %xmm2,0x70(%rsp)
  400333:	0f 29 9c 24 80 00 00 	movaps %xmm3,0x80(%rsp)
  40033a:	00 
  40033b:	0f 29 a4 24 90 00 00 	movaps %xmm4,0x90(%rsp)
  400342:	00 
  400343:	0f 29 ac 24 a0 00 00 	movaps %xmm5,0xa0(%rsp)
  40034a:	00 
  40034b:	0f 29 b4 24 b0 00 00 	movaps %xmm6,0xb0(%rsp)
  400352:	00 
  400353:	0f 29 bc 24 c0 00 00 	movaps %xmm7,0xc0(%rsp)
  40035a:	00 
  40035b:	48 8d 84 24 e0 00 00 	lea    0xe0(%rsp),%rax
  400362:	00 
  400363:	48 8d 74 24 08       	lea    0x8(%rsp),%rsi
  400368:	48 89 44 24 10       	mov    %rax,0x10(%rsp)
  40036d:	48 8d 44 24 20       	lea    0x20(%rsp),%rax
  400372:	c7 44 24 08 08 00 00 	movl   $0x8,0x8(%rsp)
  400379:	00 
  40037a:	c7 44 24 0c 30 00 00 	movl   $0x30,0xc(%rsp)
  400381:	00 
  400382:	48 89 44 24 18       	mov    %rax,0x18(%rsp)
  400387:	e8 27 00 00 00       	callq  4003b3 <vprintf>
  40038c:	48 81 c4 d8 00 00 00 	add    $0xd8,%rsp
  400393:	c3                   	retq   

0000000000400394 <__stdio_outs>:
  400394:	53                   	push   %rbx
  400395:	48 89 f2             	mov    %rsi,%rdx
  400398:	48 89 f3             	mov    %rsi,%rbx
  40039b:	48 89 fe             	mov    %rdi,%rsi
  40039e:	bf 01 00 00 00       	mov    $0x1,%edi
  4003a3:	e8 33 00 00 00       	callq  4003db <__libc_write>
  4003a8:	48 39 d8             	cmp    %rbx,%rax
  4003ab:	0f 94 c0             	sete   %al
  4003ae:	0f b6 c0             	movzbl %al,%eax
  4003b1:	5b                   	pop    %rbx
  4003b2:	c3                   	retq   

00000000004003b3 <vprintf>:
  4003b3:	48 83 ec 18          	sub    $0x18,%rsp
  4003b7:	48 89 f2             	mov    %rsi,%rdx
  4003ba:	48 89 fe             	mov    %rdi,%rsi
  4003bd:	48 89 e7             	mov    %rsp,%rdi
  4003c0:	48 c7 04 24 00 00 00 	movq   $0x0,(%rsp)
  4003c7:	00 
  4003c8:	48 c7 44 24 08 94 03 	movq   $0x400394,0x8(%rsp)
  4003cf:	40 00 
  4003d1:	e8 9a 00 00 00       	callq  400470 <__v_printf>
  4003d6:	48 83 c4 18          	add    $0x18,%rsp
  4003da:	c3                   	retq   

00000000004003db <__libc_write>:
  4003db:	b0 01                	mov    $0x1,%al
  4003dd:	e9 a7 0c 00 00       	jmpq   401089 <__unified_syscall>
  4003e2:	41 56                	push   %r14
  4003e4:	85 d2                	test   %edx,%edx
  4003e6:	41 55                	push   %r13
  4003e8:	41 54                	push   %r12
  4003ea:	55                   	push   %rbp
  4003eb:	53                   	push   %rbx
  4003ec:	89 d3                	mov    %edx,%ebx
  4003ee:	7e 70                	jle    400460 <__libc_write+0x85>
  4003f0:	89 d0                	mov    %edx,%eax
  4003f2:	03 07                	add    (%rdi),%eax
  4003f4:	49 89 fc             	mov    %rdi,%r12
  4003f7:	72 6b                	jb     400464 <__libc_write+0x89>
  4003f9:	48 89 f5             	mov    %rsi,%rbp
  4003fc:	41 89 ce             	mov    %ecx,%r14d
  4003ff:	41 89 d5             	mov    %edx,%r13d
  400402:	41 83 fd 0f          	cmp    $0xf,%r13d
  400406:	76 27                	jbe    40042f <__libc_write+0x54>
  400408:	31 ff                	xor    %edi,%edi
  40040a:	41 83 fe 30          	cmp    $0x30,%r14d
  40040e:	48 8b 55 00          	mov    0x0(%rbp),%rdx
  400412:	40 0f 94 c7          	sete   %dil
  400416:	be 10 00 00 00       	mov    $0x10,%esi
  40041b:	41 83 ed 10          	sub    $0x10,%r13d
  40041f:	48 c1 e7 04          	shl    $0x4,%rdi
  400423:	48 81 c7 a0 15 40 00 	add    $0x4015a0,%rdi
  40042a:	ff 55 08             	callq  *0x8(%rbp)
  40042d:	eb d3                	jmp    400402 <__libc_write+0x27>
  40042f:	41 89 dd             	mov    %ebx,%r13d
  400432:	41 83 e5 f0          	and    $0xfffffff0,%r13d
  400436:	83 e3 0f             	and    $0xf,%ebx
  400439:	74 21                	je     40045c <__libc_write+0x81>
  40043b:	31 ff                	xor    %edi,%edi
  40043d:	41 83 fe 30          	cmp    $0x30,%r14d
  400441:	89 de                	mov    %ebx,%esi
  400443:	40 0f 94 c7          	sete   %dil
  400447:	41 01 dd             	add    %ebx,%r13d
  40044a:	48 8b 55 00          	mov    0x0(%rbp),%rdx
  40044e:	48 c1 e7 04          	shl    $0x4,%rdi
  400452:	48 81 c7 a0 15 40 00 	add    $0x4015a0,%rdi
  400459:	ff 55 08             	callq  *0x8(%rbp)
  40045c:	45 01 2c 24          	add    %r13d,(%r12)
  400460:	31 c0                	xor    %eax,%eax
  400462:	eb 03                	jmp    400467 <__libc_write+0x8c>
  400464:	83 c8 ff             	or     $0xffffffff,%eax
  400467:	5b                   	pop    %rbx
  400468:	5d                   	pop    %rbp
  400469:	41 5c                	pop    %r12
  40046b:	41 5d                	pop    %r13
  40046d:	41 5e                	pop    %r14
  40046f:	c3                   	retq   

0000000000400470 <__v_printf>:
  400470:	41 57                	push   %r15
  400472:	41 56                	push   %r14
  400474:	41 55                	push   %r13
  400476:	41 54                	push   %r12
  400478:	55                   	push   %rbp
  400479:	53                   	push   %rbx
  40047a:	48 89 d3             	mov    %rdx,%rbx
  40047d:	48 81 ec d8 00 00 00 	sub    $0xd8,%rsp
  400484:	48 8d 44 24 51       	lea    0x51(%rsp),%rax
  400489:	48 89 7c 24 08       	mov    %rdi,0x8(%rsp)
  40048e:	48 89 34 24          	mov    %rsi,(%rsp)
  400492:	c7 44 24 44 00 00 00 	movl   $0x0,0x44(%rsp)
  400499:	00 
  40049a:	48 89 44 24 28       	mov    %rax,0x28(%rsp)
  40049f:	48 8b 04 24          	mov    (%rsp),%rax
  4004a3:	80 38 00             	cmpb   $0x0,(%rax)
  4004a6:	0f 84 0d 09 00 00    	je     400db9 <__v_printf+0x949>
  4004ac:	8a 10                	mov    (%rax),%dl
  4004ae:	49 89 c4             	mov    %rax,%r12
  4004b1:	48 89 c5             	mov    %rax,%rbp
  4004b4:	4c 2b 24 24          	sub    (%rsp),%r12
  4004b8:	48 ff c0             	inc    %rax
  4004bb:	80 fa 25             	cmp    $0x25,%dl
  4004be:	74 04                	je     4004c4 <__v_printf+0x54>
  4004c0:	84 d2                	test   %dl,%dl
  4004c2:	75 e8                	jne    4004ac <__v_printf+0x3c>
  4004c4:	4d 85 e4             	test   %r12,%r12
  4004c7:	74 2e                	je     4004f7 <__v_printf+0x87>
  4004c9:	0f 88 f0 08 00 00    	js     400dbf <__v_printf+0x94f>
  4004cf:	44 89 e0             	mov    %r12d,%eax
  4004d2:	03 44 24 44          	add    0x44(%rsp),%eax
  4004d6:	0f 82 e3 08 00 00    	jb     400dbf <__v_printf+0x94f>
  4004dc:	48 8b 44 24 08       	mov    0x8(%rsp),%rax
  4004e1:	4c 89 e6             	mov    %r12,%rsi
  4004e4:	48 8b 3c 24          	mov    (%rsp),%rdi
  4004e8:	48 8b 10             	mov    (%rax),%rdx
  4004eb:	ff 50 08             	callq  *0x8(%rax)
  4004ee:	44 01 64 24 44       	add    %r12d,0x44(%rsp)
  4004f3:	48 89 2c 24          	mov    %rbp,(%rsp)
  4004f7:	48 8b 04 24          	mov    (%rsp),%rax
  4004fb:	80 38 25             	cmpb   $0x25,(%rax)
  4004fe:	75 9f                	jne    40049f <__v_printf+0x2f>
  400500:	48 89 c7             	mov    %rax,%rdi
  400503:	45 31 e4             	xor    %r12d,%r12d
  400506:	45 31 ed             	xor    %r13d,%r13d
  400509:	48 ff c7             	inc    %rdi
  40050c:	45 31 ff             	xor    %r15d,%r15d
  40050f:	45 31 d2             	xor    %r10d,%r10d
  400512:	c6 44 24 10 00       	movb   $0x0,0x10(%rsp)
  400517:	c6 44 24 38 00       	movb   $0x0,0x38(%rsp)
  40051c:	45 31 c9             	xor    %r9d,%r9d
  40051f:	c6 44 24 1f 00       	movb   $0x0,0x1f(%rsp)
  400524:	c6 44 24 1e 20       	movb   $0x20,0x1e(%rsp)
  400529:	48 8d 47 01          	lea    0x1(%rdi),%rax
  40052d:	48 89 04 24          	mov    %rax,(%rsp)
  400531:	8a 07                	mov    (%rdi),%al
  400533:	3c 63                	cmp    $0x63,%al
  400535:	88 44 24 43          	mov    %al,0x43(%rsp)
  400539:	0f 84 3d 02 00 00    	je     40077c <__v_printf+0x30c>
  40053f:	0f 87 82 00 00 00    	ja     4005c7 <__v_printf+0x157>
  400545:	3c 2d                	cmp    $0x2d,%al
  400547:	75 07                	jne    400550 <__v_printf+0xe0>
  400549:	c6 44 24 1f 01       	movb   $0x1,0x1f(%rsp)
  40054e:	eb 21                	jmp    400571 <__v_printf+0x101>
  400550:	77 42                	ja     400594 <__v_printf+0x124>
  400552:	3c 23                	cmp    $0x23,%al
  400554:	0f 84 e0 00 00 00    	je     40063a <__v_printf+0x1ca>
  40055a:	77 1b                	ja     400577 <__v_printf+0x107>
  40055c:	84 c0                	test   %al,%al
  40055e:	0f 84 5b 08 00 00    	je     400dbf <__v_printf+0x94f>
  400564:	3c 20                	cmp    $0x20,%al
  400566:	0f 85 33 ff ff ff    	jne    40049f <__v_printf+0x2f>
  40056c:	c6 44 24 38 01       	movb   $0x1,0x38(%rsp)
  400571:	48 8b 3c 24          	mov    (%rsp),%rdi
  400575:	eb b2                	jmp    400529 <__v_printf+0xb9>
  400577:	3c 2a                	cmp    $0x2a,%al
  400579:	0f 84 3c 01 00 00    	je     4006bb <__v_printf+0x24b>
  40057f:	3c 2b                	cmp    $0x2b,%al
  400581:	0f 84 c9 00 00 00    	je     400650 <__v_printf+0x1e0>
  400587:	3c 25                	cmp    $0x25,%al
  400589:	0f 85 10 ff ff ff    	jne    40049f <__v_printf+0x2f>
  40058f:	e9 0e 02 00 00       	jmpq   4007a2 <__v_printf+0x332>
  400594:	3c 39                	cmp    $0x39,%al
  400596:	77 15                	ja     4005ad <__v_printf+0x13d>
  400598:	3c 30                	cmp    $0x30,%al
  40059a:	0f 83 ba 00 00 00    	jae    40065a <__v_printf+0x1ea>
  4005a0:	3c 2e                	cmp    $0x2e,%al
  4005a2:	0f 84 55 01 00 00    	je     4006fd <__v_printf+0x28d>
  4005a8:	e9 f2 fe ff ff       	jmpq   40049f <__v_printf+0x2f>
  4005ad:	3c 58                	cmp    $0x58,%al
  4005af:	0f 84 2e 04 00 00    	je     4009e3 <__v_printf+0x573>
  4005b5:	3c 62                	cmp    $0x62,%al
  4005b7:	0f 84 8b 04 00 00    	je     400a48 <__v_printf+0x5d8>
  4005bd:	3c 4c                	cmp    $0x4c,%al
  4005bf:	0f 85 da fe ff ff    	jne    40049f <__v_printf+0x2f>
  4005c5:	eb 7e                	jmp    400645 <__v_printf+0x1d5>
  4005c7:	3c 6c                	cmp    $0x6c,%al
  4005c9:	74 7d                	je     400648 <__v_printf+0x1d8>
  4005cb:	77 2c                	ja     4005f9 <__v_printf+0x189>
  4005cd:	3c 67                	cmp    $0x67,%al
  4005cf:	77 15                	ja     4005e6 <__v_printf+0x176>
  4005d1:	3c 66                	cmp    $0x66,%al
  4005d3:	0f 83 13 06 00 00    	jae    400bec <__v_printf+0x77c>
  4005d9:	3c 64                	cmp    $0x64,%al
  4005db:	0f 84 3b 04 00 00    	je     400a1c <__v_printf+0x5ac>
  4005e1:	e9 b9 fe ff ff       	jmpq   40049f <__v_printf+0x2f>
  4005e6:	3c 69                	cmp    $0x69,%al
  4005e8:	0f 84 2e 04 00 00    	je     400a1c <__v_printf+0x5ac>
  4005ee:	72 4d                	jb     40063d <__v_printf+0x1cd>
  4005f0:	3c 6a                	cmp    $0x6a,%al
  4005f2:	74 54                	je     400648 <__v_printf+0x1d8>
  4005f4:	e9 a6 fe ff ff       	jmpq   40049f <__v_printf+0x2f>
  4005f9:	3c 73                	cmp    $0x73,%al
  4005fb:	0f 84 ca 01 00 00    	je     4007cb <__v_printf+0x35b>
  400601:	77 19                	ja     40061c <__v_printf+0x1ac>
  400603:	3c 70                	cmp    $0x70,%al
  400605:	0f 84 cd 03 00 00    	je     4009d8 <__v_printf+0x568>
  40060b:	3c 71                	cmp    $0x71,%al
  40060d:	74 36                	je     400645 <__v_printf+0x1d5>
  40060f:	3c 6f                	cmp    $0x6f,%al
  400611:	0f 84 12 04 00 00    	je     400a29 <__v_printf+0x5b9>
  400617:	e9 83 fe ff ff       	jmpq   40049f <__v_printf+0x2f>
  40061c:	3c 78                	cmp    $0x78,%al
  40061e:	0f 84 ca 03 00 00    	je     4009ee <__v_printf+0x57e>
  400624:	3c 7a                	cmp    $0x7a,%al
  400626:	74 20                	je     400648 <__v_printf+0x1d8>
  400628:	3c 75                	cmp    $0x75,%al
  40062a:	0f 85 6f fe ff ff    	jne    40049f <__v_printf+0x2f>
  400630:	b9 0a 00 00 00       	mov    $0xa,%ecx
  400635:	e9 1a 04 00 00       	jmpq   400a54 <__v_printf+0x5e4>
  40063a:	41 b1 ff             	mov    $0xff,%r9b
  40063d:	41 ff cf             	dec    %r15d
  400640:	e9 2c ff ff ff       	jmpq   400571 <__v_printf+0x101>
  400645:	41 ff c7             	inc    %r15d
  400648:	41 ff c7             	inc    %r15d
  40064b:	e9 21 ff ff ff       	jmpq   400571 <__v_printf+0x101>
  400650:	c6 44 24 10 01       	movb   $0x1,0x10(%rsp)
  400655:	e9 17 ff ff ff       	jmpq   400571 <__v_printf+0x101>
  40065a:	45 84 d2             	test   %r10b,%r10b
  40065d:	44 89 4c 24 20       	mov    %r9d,0x20(%rsp)
  400662:	44 89 14 24          	mov    %r10d,(%rsp)
  400666:	0f 85 53 07 00 00    	jne    400dbf <__v_printf+0x94f>
  40066c:	48 8d 74 24 48       	lea    0x48(%rsp),%rsi
  400671:	ba 0a 00 00 00       	mov    $0xa,%edx
  400676:	e8 8d 08 00 00       	callq  400f08 <strtoul>
  40067b:	3d 00 28 00 00       	cmp    $0x2800,%eax
  400680:	41 89 c5             	mov    %eax,%r13d
  400683:	0f 87 36 07 00 00    	ja     400dbf <__v_printf+0x94f>
  400689:	80 7c 24 1f 00       	cmpb   $0x0,0x1f(%rsp)
  40068e:	44 8b 14 24          	mov    (%rsp),%r10d
  400692:	44 8b 4c 24 20       	mov    0x20(%rsp),%r9d
  400697:	75 14                	jne    4006ad <__v_printf+0x23d>
  400699:	80 7c 24 43 30       	cmpb   $0x30,0x43(%rsp)
  40069e:	40 8a 74 24 1e       	mov    0x1e(%rsp),%sil
  4006a3:	b0 30                	mov    $0x30,%al
  4006a5:	0f 44 f0             	cmove  %eax,%esi
  4006a8:	40 88 74 24 1e       	mov    %sil,0x1e(%rsp)
  4006ad:	48 8b 44 24 48       	mov    0x48(%rsp),%rax
  4006b2:	48 89 04 24          	mov    %rax,(%rsp)
  4006b6:	e9 b6 fe ff ff       	jmpq   400571 <__v_printf+0x101>
  4006bb:	8b 13                	mov    (%rbx),%edx
  4006bd:	83 fa 30             	cmp    $0x30,%edx
  4006c0:	73 0d                	jae    4006cf <__v_printf+0x25f>
  4006c2:	89 d0                	mov    %edx,%eax
  4006c4:	83 c2 08             	add    $0x8,%edx
  4006c7:	48 03 43 10          	add    0x10(%rbx),%rax
  4006cb:	89 13                	mov    %edx,(%rbx)
  4006cd:	eb 0c                	jmp    4006db <__v_printf+0x26b>
  4006cf:	48 8b 43 08          	mov    0x8(%rbx),%rax
  4006d3:	48 8d 50 08          	lea    0x8(%rax),%rdx
  4006d7:	48 89 53 08          	mov    %rdx,0x8(%rbx)
  4006db:	44 8b 28             	mov    (%rax),%r13d
  4006de:	45 85 ed             	test   %r13d,%r13d
  4006e1:	79 08                	jns    4006eb <__v_printf+0x27b>
  4006e3:	41 f7 dd             	neg    %r13d
  4006e6:	c6 44 24 1f 01       	movb   $0x1,0x1f(%rsp)
  4006eb:	41 81 fd 00 28 00 00 	cmp    $0x2800,%r13d
  4006f2:	0f 86 79 fe ff ff    	jbe    400571 <__v_printf+0x101>
  4006f8:	e9 c2 06 00 00       	jmpq   400dbf <__v_printf+0x94f>
  4006fd:	80 7f 01 2a          	cmpb   $0x2a,0x1(%rdi)
  400701:	75 34                	jne    400737 <__v_printf+0x2c7>
  400703:	8b 13                	mov    (%rbx),%edx
  400705:	83 fa 30             	cmp    $0x30,%edx
  400708:	73 0d                	jae    400717 <__v_printf+0x2a7>
  40070a:	89 d0                	mov    %edx,%eax
  40070c:	83 c2 08             	add    $0x8,%edx
  40070f:	48 03 43 10          	add    0x10(%rbx),%rax
  400713:	89 13                	mov    %edx,(%rbx)
  400715:	eb 0c                	jmp    400723 <__v_printf+0x2b3>
  400717:	48 8b 43 08          	mov    0x8(%rbx),%rax
  40071b:	48 8d 50 08          	lea    0x8(%rax),%rdx
  40071f:	48 89 53 08          	mov    %rdx,0x8(%rbx)
  400723:	45 31 e4             	xor    %r12d,%r12d
  400726:	83 38 00             	cmpl   $0x0,(%rax)
  400729:	44 0f 49 20          	cmovns (%rax),%r12d
  40072d:	48 8d 47 02          	lea    0x2(%rdi),%rax
  400731:	48 89 04 24          	mov    %rax,(%rsp)
  400735:	eb 30                	jmp    400767 <__v_printf+0x2f7>
  400737:	48 8b 3c 24          	mov    (%rsp),%rdi
  40073b:	48 8d 74 24 48       	lea    0x48(%rsp),%rsi
  400740:	ba 0a 00 00 00       	mov    $0xa,%edx
  400745:	44 89 4c 24 20       	mov    %r9d,0x20(%rsp)
  40074a:	45 31 e4             	xor    %r12d,%r12d
  40074d:	e8 de 06 00 00       	callq  400e30 <strtol>
  400752:	48 85 c0             	test   %rax,%rax
  400755:	44 8b 4c 24 20       	mov    0x20(%rsp),%r9d
  40075a:	4c 0f 49 e0          	cmovns %rax,%r12
  40075e:	48 8b 44 24 48       	mov    0x48(%rsp),%rax
  400763:	48 89 04 24          	mov    %rax,(%rsp)
  400767:	41 81 fc 00 28 00 00 	cmp    $0x2800,%r12d
  40076e:	0f 87 4b 06 00 00    	ja     400dbf <__v_printf+0x94f>
  400774:	41 b2 01             	mov    $0x1,%r10b
  400777:	e9 f5 fd ff ff       	jmpq   400571 <__v_printf+0x101>
  40077c:	8b 13                	mov    (%rbx),%edx
  40077e:	83 fa 30             	cmp    $0x30,%edx
  400781:	73 0d                	jae    400790 <__v_printf+0x320>
  400783:	89 d0                	mov    %edx,%eax
  400785:	83 c2 08             	add    $0x8,%edx
  400788:	48 03 43 10          	add    0x10(%rbx),%rax
  40078c:	89 13                	mov    %edx,(%rbx)
  40078e:	eb 0c                	jmp    40079c <__v_printf+0x32c>
  400790:	48 8b 43 08          	mov    0x8(%rbx),%rax
  400794:	48 8d 50 08          	lea    0x8(%rax),%rdx
  400798:	48 89 53 08          	mov    %rdx,0x8(%rbx)
  40079c:	8b 00                	mov    (%rax),%eax
  40079e:	88 44 24 43          	mov    %al,0x43(%rsp)
  4007a2:	83 7c 24 44 ff       	cmpl   $0xffffffff,0x44(%rsp)
  4007a7:	0f 83 12 06 00 00    	jae    400dbf <__v_printf+0x94f>
  4007ad:	48 8b 44 24 08       	mov    0x8(%rsp),%rax
  4007b2:	be 01 00 00 00       	mov    $0x1,%esi
  4007b7:	48 8d 7c 24 43       	lea    0x43(%rsp),%rdi
  4007bc:	48 8b 10             	mov    (%rax),%rdx
  4007bf:	ff 50 08             	callq  *0x8(%rax)
  4007c2:	ff 44 24 44          	incl   0x44(%rsp)
  4007c6:	e9 d4 fc ff ff       	jmpq   40049f <__v_printf+0x2f>
  4007cb:	8b 13                	mov    (%rbx),%edx
  4007cd:	83 fa 30             	cmp    $0x30,%edx
  4007d0:	73 0d                	jae    4007df <__v_printf+0x36f>
  4007d2:	89 d0                	mov    %edx,%eax
  4007d4:	83 c2 08             	add    $0x8,%edx
  4007d7:	48 03 43 10          	add    0x10(%rbx),%rax
  4007db:	89 13                	mov    %edx,(%rbx)
  4007dd:	eb 0c                	jmp    4007eb <__v_printf+0x37b>
  4007df:	48 8b 43 08          	mov    0x8(%rbx),%rax
  4007e3:	48 8d 50 08          	lea    0x8(%rax),%rdx
  4007e7:	48 89 53 08          	mov    %rdx,0x8(%rbx)
  4007eb:	48 8b 00             	mov    (%rax),%rax
  4007ee:	bf 93 15 40 00       	mov    $0x401593,%edi
  4007f3:	48 85 c0             	test   %rax,%rax
  4007f6:	48 0f 45 f8          	cmovne %rax,%rdi
  4007fa:	31 c0                	xor    %eax,%eax
  4007fc:	48 83 c9 ff          	or     $0xffffffffffffffff,%rcx
  400800:	48 89 7c 24 48       	mov    %rdi,0x48(%rsp)
  400805:	f2 ae                	repnz scas %es:(%rdi),%al
  400807:	45 84 d2             	test   %r10b,%r10b
  40080a:	48 f7 d1             	not    %rcx
  40080d:	48 8d 69 ff          	lea    -0x1(%rcx),%rbp
  400811:	74 12                	je     400825 <__v_printf+0x3b5>
  400813:	45 89 e4             	mov    %r12d,%r12d
  400816:	4c 39 e5             	cmp    %r12,%rbp
  400819:	49 0f 47 ec          	cmova  %r12,%rbp
  40081d:	45 31 e4             	xor    %r12d,%r12d
  400820:	45 31 d2             	xor    %r10d,%r10d
  400823:	eb 03                	jmp    400828 <__v_printf+0x3b8>
  400825:	45 31 e4             	xor    %r12d,%r12d
  400828:	45 31 f6             	xor    %r14d,%r14d
  40082b:	41 b7 20             	mov    $0x20,%r15b
  40082e:	c6 44 24 1e 20       	movb   $0x20,0x1e(%rsp)
  400833:	44 89 e0             	mov    %r12d,%eax
  400836:	4c 8b 44 24 48       	mov    0x48(%rsp),%r8
  40083b:	44 09 e8             	or     %r13d,%eax
  40083e:	75 2f                	jne    40086f <__v_printf+0x3ff>
  400840:	48 85 ed             	test   %rbp,%rbp
  400843:	0f 88 76 05 00 00    	js     400dbf <__v_printf+0x94f>
  400849:	89 e8                	mov    %ebp,%eax
  40084b:	03 44 24 44          	add    0x44(%rsp),%eax
  40084f:	0f 82 6a 05 00 00    	jb     400dbf <__v_printf+0x94f>
  400855:	48 8b 44 24 08       	mov    0x8(%rsp),%rax
  40085a:	48 89 ee             	mov    %rbp,%rsi
  40085d:	4c 89 c7             	mov    %r8,%rdi
  400860:	48 8b 10             	mov    (%rax),%rdx
  400863:	ff 50 08             	callq  *0x8(%rax)
  400866:	01 6c 24 44          	add    %ebp,0x44(%rsp)
  40086a:	e9 30 fc ff ff       	jmpq   40049f <__v_printf+0x2f>
  40086f:	45 84 c9             	test   %r9b,%r9b
  400872:	7e 06                	jle    40087a <__v_printf+0x40a>
  400874:	45 0f be c9          	movsbl %r9b,%r9d
  400878:	eb 0b                	jmp    400885 <__v_printf+0x415>
  40087a:	45 31 c9             	xor    %r9d,%r9d
  40087d:	45 84 f6             	test   %r14b,%r14b
  400880:	74 15                	je     400897 <__v_printf+0x427>
  400882:	41 b1 01             	mov    $0x1,%r9b
  400885:	49 63 c1             	movslq %r9d,%rax
  400888:	45 29 cd             	sub    %r9d,%r13d
  40088b:	49 8d 14 00          	lea    (%r8,%rax,1),%rdx
  40088f:	48 29 c5             	sub    %rax,%rbp
  400892:	48 89 54 24 48       	mov    %rdx,0x48(%rsp)
  400897:	45 85 ed             	test   %r13d,%r13d
  40089a:	75 05                	jne    4008a1 <__v_printf+0x431>
  40089c:	45 84 d2             	test   %r10b,%r10b
  40089f:	75 09                	jne    4008aa <__v_printf+0x43a>
  4008a1:	45 84 d2             	test   %r10b,%r10b
  4008a4:	44 0f 44 e5          	cmove  %ebp,%r12d
  4008a8:	eb 03                	jmp    4008ad <__v_printf+0x43d>
  4008aa:	45 89 e5             	mov    %r12d,%r13d
  4008ad:	44 8a 74 24 1f       	mov    0x1f(%rsp),%r14b
  4008b2:	41 80 f6 01          	xor    $0x1,%r14b
  4008b6:	74 07                	je     4008bf <__v_printf+0x44f>
  4008b8:	80 7c 24 1e 20       	cmpb   $0x20,0x1e(%rsp)
  4008bd:	74 07                	je     4008c6 <__v_printf+0x456>
  4008bf:	45 85 c9             	test   %r9d,%r9d
  4008c2:	75 39                	jne    4008fd <__v_printf+0x48d>
  4008c4:	eb 64                	jmp    40092a <__v_printf+0x4ba>
  4008c6:	48 8b 74 24 08       	mov    0x8(%rsp),%rsi
  4008cb:	44 89 ea             	mov    %r13d,%edx
  4008ce:	48 8d 7c 24 44       	lea    0x44(%rsp),%rdi
  4008d3:	44 29 e2             	sub    %r12d,%edx
  4008d6:	b9 20 00 00 00       	mov    $0x20,%ecx
  4008db:	44 89 4c 24 38       	mov    %r9d,0x38(%rsp)
  4008e0:	4c 89 44 24 10       	mov    %r8,0x10(%rsp)
  4008e5:	e8 f8 fa ff ff       	callq  4003e2 <__libc_write+0x7>
  4008ea:	85 c0                	test   %eax,%eax
  4008ec:	4c 8b 44 24 10       	mov    0x10(%rsp),%r8
  4008f1:	44 8b 4c 24 38       	mov    0x38(%rsp),%r9d
  4008f6:	74 c7                	je     4008bf <__v_printf+0x44f>
  4008f8:	e9 c2 04 00 00       	jmpq   400dbf <__v_printf+0x94f>
  4008fd:	44 89 c8             	mov    %r9d,%eax
  400900:	03 44 24 44          	add    0x44(%rsp),%eax
  400904:	0f 82 b5 04 00 00    	jb     400dbf <__v_printf+0x94f>
  40090a:	48 8b 44 24 08       	mov    0x8(%rsp),%rax
  40090f:	49 63 f1             	movslq %r9d,%rsi
  400912:	44 89 4c 24 10       	mov    %r9d,0x10(%rsp)
  400917:	4c 89 c7             	mov    %r8,%rdi
  40091a:	48 8b 10             	mov    (%rax),%rdx
  40091d:	ff 50 08             	callq  *0x8(%rax)
  400920:	44 8b 4c 24 10       	mov    0x10(%rsp),%r9d
  400925:	44 01 4c 24 44       	add    %r9d,0x44(%rsp)
  40092a:	45 84 f6             	test   %r14b,%r14b
  40092d:	74 07                	je     400936 <__v_printf+0x4c6>
  40092f:	80 7c 24 1e 20       	cmpb   $0x20,0x1e(%rsp)
  400934:	75 21                	jne    400957 <__v_printf+0x4e7>
  400936:	48 8b 74 24 08       	mov    0x8(%rsp),%rsi
  40093b:	44 89 e2             	mov    %r12d,%edx
  40093e:	48 8d 7c 24 44       	lea    0x44(%rsp),%rdi
  400943:	29 ea                	sub    %ebp,%edx
  400945:	41 0f b6 cf          	movzbl %r15b,%ecx
  400949:	e8 94 fa ff ff       	callq  4003e2 <__libc_write+0x7>
  40094e:	85 c0                	test   %eax,%eax
  400950:	74 28                	je     40097a <__v_printf+0x50a>
  400952:	e9 68 04 00 00       	jmpq   400dbf <__v_printf+0x94f>
  400957:	0f b6 4c 24 1e       	movzbl 0x1e(%rsp),%ecx
  40095c:	48 8b 74 24 08       	mov    0x8(%rsp),%rsi
  400961:	44 89 ea             	mov    %r13d,%edx
  400964:	48 8d 7c 24 44       	lea    0x44(%rsp),%rdi
  400969:	44 29 e2             	sub    %r12d,%edx
  40096c:	e8 71 fa ff ff       	callq  4003e2 <__libc_write+0x7>
  400971:	85 c0                	test   %eax,%eax
  400973:	74 c1                	je     400936 <__v_printf+0x4c6>
  400975:	e9 45 04 00 00       	jmpq   400dbf <__v_printf+0x94f>
  40097a:	48 85 ed             	test   %rbp,%rbp
  40097d:	0f 88 3c 04 00 00    	js     400dbf <__v_printf+0x94f>
  400983:	89 e8                	mov    %ebp,%eax
  400985:	03 44 24 44          	add    0x44(%rsp),%eax
  400989:	0f 82 30 04 00 00    	jb     400dbf <__v_printf+0x94f>
  40098f:	48 8b 44 24 08       	mov    0x8(%rsp),%rax
  400994:	48 89 ee             	mov    %rbp,%rsi
  400997:	48 8b 7c 24 48       	mov    0x48(%rsp),%rdi
  40099c:	48 8b 10             	mov    (%rax),%rdx
  40099f:	ff 50 08             	callq  *0x8(%rax)
  4009a2:	01 6c 24 44          	add    %ebp,0x44(%rsp)
  4009a6:	80 7c 24 1f 00       	cmpb   $0x0,0x1f(%rsp)
  4009ab:	0f 84 ee fa ff ff    	je     40049f <__v_printf+0x2f>
  4009b1:	0f b6 4c 24 1e       	movzbl 0x1e(%rsp),%ecx
  4009b6:	48 8b 74 24 08       	mov    0x8(%rsp),%rsi
  4009bb:	44 89 ea             	mov    %r13d,%edx
  4009be:	48 8d 7c 24 44       	lea    0x44(%rsp),%rdi
  4009c3:	44 29 e2             	sub    %r12d,%edx
  4009c6:	e8 17 fa ff ff       	callq  4003e2 <__libc_write+0x7>
  4009cb:	85 c0                	test   %eax,%eax
  4009cd:	0f 84 cc fa ff ff    	je     40049f <__v_printf+0x2f>
  4009d3:	e9 e7 03 00 00       	jmpq   400dbf <__v_printf+0x94f>
  4009d8:	c6 44 24 43 78       	movb   $0x78,0x43(%rsp)
  4009dd:	41 b7 01             	mov    $0x1,%r15b
  4009e0:	41 b1 02             	mov    $0x2,%r9b
  4009e3:	80 7c 24 43 58       	cmpb   $0x58,0x43(%rsp)
  4009e8:	41 0f 94 c0          	sete   %r8b
  4009ec:	eb 03                	jmp    4009f1 <__v_printf+0x581>
  4009ee:	45 31 c0             	xor    %r8d,%r8d
  4009f1:	31 ed                	xor    %ebp,%ebp
  4009f3:	45 84 c9             	test   %r9b,%r9b
  4009f6:	74 13                	je     400a0b <__v_printf+0x59b>
  4009f8:	8a 44 24 43          	mov    0x43(%rsp),%al
  4009fc:	c6 44 24 51 30       	movb   $0x30,0x51(%rsp)
  400a01:	41 b1 02             	mov    $0x2,%r9b
  400a04:	40 b5 02             	mov    $0x2,%bpl
  400a07:	88 44 24 52          	mov    %al,0x52(%rsp)
  400a0b:	45 39 e5             	cmp    %r12d,%r13d
  400a0e:	b9 10 00 00 00       	mov    $0x10,%ecx
  400a13:	45 0f 42 ec          	cmovb  %r12d,%r13d
  400a17:	45 31 f6             	xor    %r14d,%r14d
  400a1a:	eb 40                	jmp    400a5c <__v_printf+0x5ec>
  400a1c:	b9 0a 00 00 00       	mov    $0xa,%ecx
  400a21:	45 31 c0             	xor    %r8d,%r8d
  400a24:	41 b6 01             	mov    $0x1,%r14b
  400a27:	eb 31                	jmp    400a5a <__v_printf+0x5ea>
  400a29:	45 84 c9             	test   %r9b,%r9b
  400a2c:	74 21                	je     400a4f <__v_printf+0x5df>
  400a2e:	c6 44 24 51 30       	movb   $0x30,0x51(%rsp)
  400a33:	b9 08 00 00 00       	mov    $0x8,%ecx
  400a38:	41 b1 01             	mov    $0x1,%r9b
  400a3b:	45 31 c0             	xor    %r8d,%r8d
  400a3e:	45 31 f6             	xor    %r14d,%r14d
  400a41:	bd 01 00 00 00       	mov    $0x1,%ebp
  400a46:	eb 14                	jmp    400a5c <__v_printf+0x5ec>
  400a48:	b9 02 00 00 00       	mov    $0x2,%ecx
  400a4d:	eb 05                	jmp    400a54 <__v_printf+0x5e4>
  400a4f:	b9 08 00 00 00       	mov    $0x8,%ecx
  400a54:	45 31 c0             	xor    %r8d,%r8d
  400a57:	45 31 f6             	xor    %r14d,%r14d
  400a5a:	31 ed                	xor    %ebp,%ebp
  400a5c:	48 8b 44 24 28       	mov    0x28(%rsp),%rax
  400a61:	45 84 ff             	test   %r15b,%r15b
  400a64:	48 89 44 24 48       	mov    %rax,0x48(%rsp)
  400a69:	8b 03                	mov    (%rbx),%eax
  400a6b:	7e 50                	jle    400abd <__v_printf+0x64d>
  400a6d:	41 80 ff 01          	cmp    $0x1,%r15b
  400a71:	74 25                	je     400a98 <__v_printf+0x628>
  400a73:	83 f8 30             	cmp    $0x30,%eax
  400a76:	73 0d                	jae    400a85 <__v_printf+0x615>
  400a78:	89 c2                	mov    %eax,%edx
  400a7a:	83 c0 08             	add    $0x8,%eax
  400a7d:	48 03 53 10          	add    0x10(%rbx),%rdx
  400a81:	89 03                	mov    %eax,(%rbx)
  400a83:	eb 0c                	jmp    400a91 <__v_printf+0x621>
  400a85:	48 8b 53 08          	mov    0x8(%rbx),%rdx
  400a89:	48 8d 42 08          	lea    0x8(%rdx),%rax
  400a8d:	48 89 43 08          	mov    %rax,0x8(%rbx)
  400a91:	48 8b 12             	mov    (%rdx),%rdx
  400a94:	31 c0                	xor    %eax,%eax
  400a96:	eb 53                	jmp    400aeb <__v_printf+0x67b>
  400a98:	83 f8 30             	cmp    $0x30,%eax
  400a9b:	73 0d                	jae    400aaa <__v_printf+0x63a>
  400a9d:	89 c2                	mov    %eax,%edx
  400a9f:	83 c0 08             	add    $0x8,%eax
  400aa2:	48 03 53 10          	add    0x10(%rbx),%rdx
  400aa6:	89 03                	mov    %eax,(%rbx)
  400aa8:	eb 0c                	jmp    400ab6 <__v_printf+0x646>
  400aaa:	48 8b 53 08          	mov    0x8(%rbx),%rdx
  400aae:	48 8d 42 08          	lea    0x8(%rdx),%rax
  400ab2:	48 89 43 08          	mov    %rax,0x8(%rbx)
  400ab6:	48 8b 02             	mov    (%rdx),%rax
  400ab9:	31 d2                	xor    %edx,%edx
  400abb:	eb 2e                	jmp    400aeb <__v_printf+0x67b>
  400abd:	83 f8 30             	cmp    $0x30,%eax
  400ac0:	73 0d                	jae    400acf <__v_printf+0x65f>
  400ac2:	89 c2                	mov    %eax,%edx
  400ac4:	83 c0 08             	add    $0x8,%eax
  400ac7:	48 03 53 10          	add    0x10(%rbx),%rdx
  400acb:	89 03                	mov    %eax,(%rbx)
  400acd:	eb 0c                	jmp    400adb <__v_printf+0x66b>
  400acf:	48 8b 53 08          	mov    0x8(%rbx),%rdx
  400ad3:	48 8d 42 08          	lea    0x8(%rdx),%rax
  400ad7:	48 89 43 08          	mov    %rax,0x8(%rbx)
  400adb:	8b 12                	mov    (%rdx),%edx
  400add:	45 84 f6             	test   %r14b,%r14b
  400ae0:	48 63 c2             	movslq %edx,%rax
  400ae3:	75 11                	jne    400af6 <__v_printf+0x686>
  400ae5:	89 d0                	mov    %edx,%eax
  400ae7:	31 d2                	xor    %edx,%edx
  400ae9:	eb 35                	jmp    400b20 <__v_printf+0x6b0>
  400aeb:	45 84 f6             	test   %r14b,%r14b
  400aee:	0f 84 d0 02 00 00    	je     400dc4 <__v_printf+0x954>
  400af4:	eb 02                	jmp    400af8 <__v_printf+0x688>
  400af6:	31 d2                	xor    %edx,%edx
  400af8:	48 89 d6             	mov    %rdx,%rsi
  400afb:	48 c1 ee 3f          	shr    $0x3f,%rsi
  400aff:	74 11                	je     400b12 <__v_printf+0x6a2>
  400b01:	41 80 ff 01          	cmp    $0x1,%r15b
  400b05:	7e 0b                	jle    400b12 <__v_printf+0x6a2>
  400b07:	48 f7 da             	neg    %rdx
  400b0a:	41 b6 02             	mov    $0x2,%r14b
  400b0d:	e9 b2 02 00 00       	jmpq   400dc4 <__v_printf+0x954>
  400b12:	48 85 c0             	test   %rax,%rax
  400b15:	41 b6 01             	mov    $0x1,%r14b
  400b18:	79 06                	jns    400b20 <__v_printf+0x6b0>
  400b1a:	48 f7 d8             	neg    %rax
  400b1d:	41 b6 02             	mov    $0x2,%r14b
  400b20:	45 84 ff             	test   %r15b,%r15b
  400b23:	0f 89 9b 02 00 00    	jns    400dc4 <__v_printf+0x954>
  400b29:	41 fe c7             	inc    %r15b
  400b2c:	74 05                	je     400b33 <__v_printf+0x6c3>
  400b2e:	0f b6 c0             	movzbl %al,%eax
  400b31:	eb 03                	jmp    400b36 <__v_printf+0x6c6>
  400b33:	0f b7 c0             	movzwl %ax,%eax
  400b36:	48 89 ef             	mov    %rbp,%rdi
  400b39:	48 03 7c 24 48       	add    0x48(%rsp),%rdi
  400b3e:	41 83 e0 01          	and    $0x1,%r8d
  400b42:	48 89 c2             	mov    %rax,%rdx
  400b45:	be 7b 00 00 00       	mov    $0x7b,%esi
  400b4a:	44 89 4c 24 30       	mov    %r9d,0x30(%rsp)
  400b4f:	44 89 54 24 20       	mov    %r10d,0x20(%rsp)
  400b54:	e8 04 09 00 00       	callq  40145d <__ltostr>
  400b59:	44 8b 4c 24 30       	mov    0x30(%rsp),%r9d
  400b5e:	44 8b 54 24 20       	mov    0x20(%rsp),%r10d
  400b63:	83 f8 01             	cmp    $0x1,%eax
  400b66:	48 8b 54 24 48       	mov    0x48(%rsp),%rdx
  400b6b:	75 1a                	jne    400b87 <__v_printf+0x717>
  400b6d:	45 84 d2             	test   %r10b,%r10b
  400b70:	74 15                	je     400b87 <__v_printf+0x717>
  400b72:	80 3c 2a 30          	cmpb   $0x30,(%rdx,%rbp,1)
  400b76:	75 0f                	jne    400b87 <__v_printf+0x717>
  400b78:	45 84 c9             	test   %r9b,%r9b
  400b7b:	41 b1 00             	mov    $0x0,%r9b
  400b7e:	7f 0e                	jg     400b8e <__v_printf+0x71e>
  400b80:	45 85 e4             	test   %r12d,%r12d
  400b83:	74 09                	je     400b8e <__v_printf+0x71e>
  400b85:	eb 09                	jmp    400b90 <__v_printf+0x720>
  400b87:	48 98                	cltq   
  400b89:	48 01 c5             	add    %rax,%rbp
  400b8c:	eb 02                	jmp    400b90 <__v_printf+0x720>
  400b8e:	31 ed                	xor    %ebp,%ebp
  400b90:	41 80 fe 02          	cmp    $0x2,%r14b
  400b94:	75 15                	jne    400bab <__v_printf+0x73b>
  400b96:	48 8d 42 ff          	lea    -0x1(%rdx),%rax
  400b9a:	48 ff c5             	inc    %rbp
  400b9d:	48 89 44 24 48       	mov    %rax,0x48(%rsp)
  400ba2:	c6 42 ff 2d          	movb   $0x2d,-0x1(%rdx)
  400ba6:	e9 06 02 00 00       	jmpq   400db1 <__v_printf+0x941>
  400bab:	45 84 f6             	test   %r14b,%r14b
  400bae:	41 b7 30             	mov    $0x30,%r15b
  400bb1:	0f 84 7c fc ff ff    	je     400833 <__v_printf+0x3c3>
  400bb7:	45 31 f6             	xor    %r14d,%r14d
  400bba:	8a 44 24 38          	mov    0x38(%rsp),%al
  400bbe:	0a 44 24 10          	or     0x10(%rsp),%al
  400bc2:	0f 84 6b fc ff ff    	je     400833 <__v_printf+0x3c3>
  400bc8:	80 7c 24 10 01       	cmpb   $0x1,0x10(%rsp)
  400bcd:	48 8d 42 ff          	lea    -0x1(%rdx),%rax
  400bd1:	41 b6 01             	mov    $0x1,%r14b
  400bd4:	48 89 44 24 48       	mov    %rax,0x48(%rsp)
  400bd9:	19 c0                	sbb    %eax,%eax
  400bdb:	48 ff c5             	inc    %rbp
  400bde:	83 e0 f5             	and    $0xfffffff5,%eax
  400be1:	83 c0 2b             	add    $0x2b,%eax
  400be4:	88 42 ff             	mov    %al,-0x1(%rdx)
  400be7:	e9 47 fc ff ff       	jmpq   400833 <__v_printf+0x3c3>
  400bec:	8b 53 04             	mov    0x4(%rbx),%edx
  400bef:	31 ed                	xor    %ebp,%ebp
  400bf1:	3c 67                	cmp    $0x67,%al
  400bf3:	40 0f 94 c5          	sete   %bpl
  400bf7:	81 fa b0 00 00 00    	cmp    $0xb0,%edx
  400bfd:	73 0e                	jae    400c0d <__v_printf+0x79d>
  400bff:	89 d0                	mov    %edx,%eax
  400c01:	83 c2 10             	add    $0x10,%edx
  400c04:	48 03 43 10          	add    0x10(%rbx),%rax
  400c08:	89 53 04             	mov    %edx,0x4(%rbx)
  400c0b:	eb 0c                	jmp    400c19 <__v_printf+0x7a9>
  400c0d:	48 8b 43 08          	mov    0x8(%rbx),%rax
  400c11:	48 8d 50 08          	lea    0x8(%rax),%rdx
  400c15:	48 89 53 08          	mov    %rdx,0x8(%rbx)
  400c19:	f2 0f 10 08          	movsd  (%rax),%xmm1
  400c1d:	48 8b 44 24 28       	mov    0x28(%rsp),%rax
  400c22:	45 85 ed             	test   %r13d,%r13d
  400c25:	41 b6 01             	mov    $0x1,%r14b
  400c28:	f2 0f 11 4c 24 20    	movsd  %xmm1,0x20(%rsp)
  400c2e:	48 89 44 24 48       	mov    %rax,0x48(%rsp)
  400c33:	b8 01 00 00 00       	mov    $0x1,%eax
  400c38:	44 0f 44 e8          	cmove  %eax,%r13d
  400c3c:	45 84 d2             	test   %r10b,%r10b
  400c3f:	b0 06                	mov    $0x6,%al
  400c41:	44 0f 44 e0          	cmove  %eax,%r12d
  400c45:	80 7c 24 10 00       	cmpb   $0x0,0x10(%rsp)
  400c4a:	75 0b                	jne    400c57 <__v_printf+0x7e7>
  400c4c:	0f 57 c0             	xorps  %xmm0,%xmm0
  400c4f:	66 0f 2e c1          	ucomisd %xmm1,%xmm0
  400c53:	41 0f 97 c6          	seta   %r14b
  400c57:	48 8d 7c 24 51       	lea    0x51(%rsp),%rdi
  400c5c:	f2 0f 10 44 24 20    	movsd  0x20(%rsp),%xmm0
  400c62:	41 89 e8             	mov    %ebp,%r8d
  400c65:	44 89 e1             	mov    %r12d,%ecx
  400c68:	44 89 ea             	mov    %r13d,%edx
  400c6b:	be 7f 00 00 00       	mov    $0x7f,%esi
  400c70:	44 89 54 24 30       	mov    %r10d,0x30(%rsp)
  400c75:	44 89 4c 24 3c       	mov    %r9d,0x3c(%rsp)
  400c7a:	e8 52 04 00 00       	callq  4010d1 <__dtostr>
  400c7f:	44 8b 54 24 30       	mov    0x30(%rsp),%r10d
  400c84:	4c 63 f8             	movslq %eax,%r15
  400c87:	45 84 d2             	test   %r10b,%r10b
  400c8a:	74 64                	je     400cf0 <__v_printf+0x880>
  400c8c:	48 8b 54 24 48       	mov    0x48(%rsp),%rdx
  400c91:	be 2e 00 00 00       	mov    $0x2e,%esi
  400c96:	48 89 d7             	mov    %rdx,%rdi
  400c99:	48 89 54 24 30       	mov    %rdx,0x30(%rsp)
  400c9e:	e8 6b 01 00 00       	callq  400e0e <strchr>
  400ca3:	48 85 c0             	test   %rax,%rax
  400ca6:	48 8b 54 24 30       	mov    0x30(%rsp),%rdx
  400cab:	44 8b 4c 24 3c       	mov    0x3c(%rsp),%r9d
  400cb0:	74 29                	je     400cdb <__v_printf+0x86b>
  400cb2:	45 85 e4             	test   %r12d,%r12d
  400cb5:	75 05                	jne    400cbc <__v_printf+0x84c>
  400cb7:	45 84 c9             	test   %r9b,%r9b
  400cba:	74 05                	je     400cc1 <__v_printf+0x851>
  400cbc:	48 ff c0             	inc    %rax
  400cbf:	eb 10                	jmp    400cd1 <__v_printf+0x861>
  400cc1:	45 31 e4             	xor    %r12d,%r12d
  400cc4:	eb 0b                	jmp    400cd1 <__v_printf+0x861>
  400cc6:	48 ff c0             	inc    %rax
  400cc9:	80 38 00             	cmpb   $0x0,(%rax)
  400ccc:	74 08                	je     400cd6 <__v_printf+0x866>
  400cce:	41 ff cc             	dec    %r12d
  400cd1:	45 85 e4             	test   %r12d,%r12d
  400cd4:	75 f0                	jne    400cc6 <__v_printf+0x856>
  400cd6:	c6 00 00             	movb   $0x0,(%rax)
  400cd9:	eb 15                	jmp    400cf0 <__v_printf+0x880>
  400cdb:	45 84 c9             	test   %r9b,%r9b
  400cde:	74 10                	je     400cf0 <__v_printf+0x880>
  400ce0:	42 c6 04 3a 2e       	movb   $0x2e,(%rdx,%r15,1)
  400ce5:	48 8b 44 24 48       	mov    0x48(%rsp),%rax
  400cea:	42 c6 44 38 01 00    	movb   $0x0,0x1(%rax,%r15,1)
  400cf0:	85 ed                	test   %ebp,%ebp
  400cf2:	74 62                	je     400d56 <__v_printf+0x8e6>
  400cf4:	48 8b 7c 24 48       	mov    0x48(%rsp),%rdi
  400cf9:	be 2e 00 00 00       	mov    $0x2e,%esi
  400cfe:	e8 0b 01 00 00       	callq  400e0e <strchr>
  400d03:	48 85 c0             	test   %rax,%rax
  400d06:	48 89 c5             	mov    %rax,%rbp
  400d09:	74 4b                	je     400d56 <__v_printf+0x8e6>
  400d0b:	be 65 00 00 00       	mov    $0x65,%esi
  400d10:	48 89 c7             	mov    %rax,%rdi
  400d13:	e8 f6 00 00 00       	callq  400e0e <strchr>
  400d18:	80 7d 00 00          	cmpb   $0x0,0x0(%rbp)
  400d1c:	74 05                	je     400d23 <__v_printf+0x8b3>
  400d1e:	48 ff c5             	inc    %rbp
  400d21:	eb f5                	jmp    400d18 <__v_printf+0x8a8>
  400d23:	48 85 c0             	test   %rax,%rax
  400d26:	48 0f 45 e8          	cmovne %rax,%rbp
  400d2a:	8a 4d ff             	mov    -0x1(%rbp),%cl
  400d2d:	48 8d 55 ff          	lea    -0x1(%rbp),%rdx
  400d31:	80 f9 30             	cmp    $0x30,%cl
  400d34:	75 05                	jne    400d3b <__v_printf+0x8cb>
  400d36:	48 89 d5             	mov    %rdx,%rbp
  400d39:	eb ef                	jmp    400d2a <__v_printf+0x8ba>
  400d3b:	80 f9 2e             	cmp    $0x2e,%cl
  400d3e:	48 0f 44 ea          	cmove  %rdx,%rbp
  400d42:	48 85 c0             	test   %rax,%rax
  400d45:	c6 45 00 00          	movb   $0x0,0x0(%rbp)
  400d49:	74 0b                	je     400d56 <__v_printf+0x8e6>
  400d4b:	48 89 c6             	mov    %rax,%rsi
  400d4e:	48 89 ef             	mov    %rbp,%rdi
  400d51:	e8 cd 00 00 00       	callq  400e23 <strcpy>
  400d56:	8a 44 24 38          	mov    0x38(%rsp),%al
  400d5a:	0a 44 24 10          	or     0x10(%rsp),%al
  400d5e:	74 2d                	je     400d8d <__v_printf+0x91d>
  400d60:	0f 57 c0             	xorps  %xmm0,%xmm0
  400d63:	f2 0f 10 54 24 20    	movsd  0x20(%rsp),%xmm2
  400d69:	66 0f 2e d0          	ucomisd %xmm0,%xmm2
  400d6d:	72 1e                	jb     400d8d <__v_printf+0x91d>
  400d6f:	48 8b 54 24 48       	mov    0x48(%rsp),%rdx
  400d74:	80 7c 24 10 01       	cmpb   $0x1,0x10(%rsp)
  400d79:	48 8d 42 ff          	lea    -0x1(%rdx),%rax
  400d7d:	48 89 44 24 48       	mov    %rax,0x48(%rsp)
  400d82:	19 c0                	sbb    %eax,%eax
  400d84:	83 e0 f5             	and    $0xfffffff5,%eax
  400d87:	83 c0 2b             	add    $0x2b,%eax
  400d8a:	88 42 ff             	mov    %al,-0x1(%rdx)
  400d8d:	48 8b 7c 24 48       	mov    0x48(%rsp),%rdi
  400d92:	31 c0                	xor    %eax,%eax
  400d94:	48 83 c9 ff          	or     $0xffffffffffffffff,%rcx
  400d98:	f2 ae                	repnz scas %es:(%rdi),%al
  400d9a:	44 89 e8             	mov    %r13d,%eax
  400d9d:	48 f7 d1             	not    %rcx
  400da0:	48 8d 69 ff          	lea    -0x1(%rcx),%rbp
  400da4:	48 39 e8             	cmp    %rbp,%rax
  400da7:	44 0f 42 ed          	cmovb  %ebp,%r13d
  400dab:	45 31 d2             	xor    %r10d,%r10d
  400dae:	45 31 c9             	xor    %r9d,%r9d
  400db1:	41 b7 30             	mov    $0x30,%r15b
  400db4:	e9 7a fa ff ff       	jmpq   400833 <__v_printf+0x3c3>
  400db9:	8b 44 24 44          	mov    0x44(%rsp),%eax
  400dbd:	eb 3d                	jmp    400dfc <__v_printf+0x98c>
  400dbf:	83 c8 ff             	or     $0xffffffff,%eax
  400dc2:	eb 38                	jmp    400dfc <__v_printf+0x98c>
  400dc4:	41 fe cf             	dec    %r15b
  400dc7:	0f 8e 69 fd ff ff    	jle    400b36 <__v_printf+0x6c6>
  400dcd:	48 89 ef             	mov    %rbp,%rdi
  400dd0:	48 03 7c 24 48       	add    0x48(%rsp),%rdi
  400dd5:	41 83 e0 01          	and    $0x1,%r8d
  400dd9:	be 7b 00 00 00       	mov    $0x7b,%esi
  400dde:	44 89 4c 24 30       	mov    %r9d,0x30(%rsp)
  400de3:	44 89 54 24 20       	mov    %r10d,0x20(%rsp)
  400de8:	e8 f2 05 00 00       	callq  4013df <__lltostr>
  400ded:	44 8b 54 24 20       	mov    0x20(%rsp),%r10d
  400df2:	44 8b 4c 24 30       	mov    0x30(%rsp),%r9d
  400df7:	e9 67 fd ff ff       	jmpq   400b63 <__v_printf+0x6f3>
  400dfc:	48 81 c4 d8 00 00 00 	add    $0xd8,%rsp
  400e03:	5b                   	pop    %rbx
  400e04:	5d                   	pop    %rbp
  400e05:	41 5c                	pop    %r12
  400e07:	41 5d                	pop    %r13
  400e09:	41 5e                	pop    %r14
  400e0b:	41 5f                	pop    %r15
  400e0d:	c3                   	retq   

0000000000400e0e <strchr>:
  400e0e:	48 87 f7             	xchg   %rsi,%rdi
  400e11:	ac                   	lods   %ds:(%rsi),%al
  400e12:	40 38 c7             	cmp    %al,%dil
  400e15:	74 07                	je     400e1e <strchr+0x10>
  400e17:	08 c0                	or     %al,%al
  400e19:	75 f6                	jne    400e11 <strchr+0x3>
  400e1b:	31 c0                	xor    %eax,%eax
  400e1d:	c3                   	retq   
  400e1e:	48 8d 46 ff          	lea    -0x1(%rsi),%rax
  400e22:	c3                   	retq   

0000000000400e23 <strcpy>:
  400e23:	48 89 fa             	mov    %rdi,%rdx
  400e26:	ac                   	lods   %ds:(%rsi),%al
  400e27:	84 c0                	test   %al,%al
  400e29:	aa                   	stos   %al,%es:(%rdi)
  400e2a:	75 fa                	jne    400e26 <strcpy+0x3>
  400e2c:	48 89 d0             	mov    %rdx,%rax
  400e2f:	c3                   	retq   

0000000000400e30 <strtol>:
  400e30:	41 57                	push   %r15
  400e32:	41 89 d7             	mov    %edx,%r15d
  400e35:	41 56                	push   %r14
  400e37:	49 89 fe             	mov    %rdi,%r14
  400e3a:	41 55                	push   %r13
  400e3c:	41 54                	push   %r12
  400e3e:	55                   	push   %rbp
  400e3f:	48 89 f5             	mov    %rsi,%rbp
  400e42:	53                   	push   %rbx
  400e43:	48 89 fb             	mov    %rdi,%rbx
  400e46:	51                   	push   %rcx
  400e47:	44 8a 2b             	mov    (%rbx),%r13b
  400e4a:	41 0f be fd          	movsbl %r13b,%edi
  400e4e:	e8 a8 06 00 00       	callq  4014fb <__isspace_ascii>
  400e53:	85 c0                	test   %eax,%eax
  400e55:	74 05                	je     400e5c <strtol+0x2c>
  400e57:	48 ff c3             	inc    %rbx
  400e5a:	eb eb                	jmp    400e47 <strtol+0x17>
  400e5c:	45 31 e4             	xor    %r12d,%r12d
  400e5f:	41 80 fd 2d          	cmp    $0x2d,%r13b
  400e63:	75 14                	jne    400e79 <strtol+0x49>
  400e65:	0f be 7b 01          	movsbl 0x1(%rbx),%edi
  400e69:	e8 6f 06 00 00       	callq  4014dd <isalnum>
  400e6e:	85 c0                	test   %eax,%eax
  400e70:	74 07                	je     400e79 <strtol+0x49>
  400e72:	48 ff c3             	inc    %rbx
  400e75:	41 83 cc ff          	or     $0xffffffff,%r12d
  400e79:	44 89 fa             	mov    %r15d,%edx
  400e7c:	48 89 ee             	mov    %rbp,%rsi
  400e7f:	48 89 df             	mov    %rbx,%rdi
  400e82:	e8 81 00 00 00       	callq  400f08 <strtoul>
  400e87:	48 85 ed             	test   %rbp,%rbp
  400e8a:	49 89 c5             	mov    %rax,%r13
  400e8d:	74 0a                	je     400e99 <strtol+0x69>
  400e8f:	48 39 5d 00          	cmp    %rbx,0x0(%rbp)
  400e93:	75 04                	jne    400e99 <strtol+0x69>
  400e95:	4c 89 75 00          	mov    %r14,0x0(%rbp)
  400e99:	4d 85 ed             	test   %r13,%r13
  400e9c:	79 4e                	jns    400eec <strtol+0xbc>
  400e9e:	45 85 e4             	test   %r12d,%r12d
  400ea1:	0f 95 c3             	setne  %bl
  400ea4:	74 1f                	je     400ec5 <strtol+0x95>
  400ea6:	48 b8 00 00 00 00 00 	movabs $0x8000000000000000,%rax
  400ead:	00 00 80 
  400eb0:	49 39 c5             	cmp    %rax,%r13
  400eb3:	75 10                	jne    400ec5 <strtol+0x95>
  400eb5:	e8 1d 06 00 00       	callq  4014d7 <__errno_location>
  400eba:	c7 00 00 00 00 00    	movl   $0x0,(%rax)
  400ec0:	4c 89 e8             	mov    %r13,%rax
  400ec3:	eb 37                	jmp    400efc <strtol+0xcc>
  400ec5:	e8 0d 06 00 00       	callq  4014d7 <__errno_location>
  400eca:	84 db                	test   %bl,%bl
  400ecc:	c7 00 22 00 00 00    	movl   $0x22,(%rax)
  400ed2:	48 ba ff ff ff ff ff 	movabs $0x7fffffffffffffff,%rdx
  400ed9:	ff ff 7f 
  400edc:	48 b8 00 00 00 00 00 	movabs $0x8000000000000000,%rax
  400ee3:	00 00 80 
  400ee6:	48 0f 44 c2          	cmove  %rdx,%rax
  400eea:	eb 10                	jmp    400efc <strtol+0xcc>
  400eec:	4c 89 ea             	mov    %r13,%rdx
  400eef:	4c 89 e8             	mov    %r13,%rax
  400ef2:	48 f7 da             	neg    %rdx
  400ef5:	45 85 e4             	test   %r12d,%r12d
  400ef8:	48 0f 45 c2          	cmovne %rdx,%rax
  400efc:	5a                   	pop    %rdx
  400efd:	5b                   	pop    %rbx
  400efe:	5d                   	pop    %rbp
  400eff:	41 5c                	pop    %r12
  400f01:	41 5d                	pop    %r13
  400f03:	41 5e                	pop    %r14
  400f05:	41 5f                	pop    %r15
  400f07:	c3                   	retq   

0000000000400f08 <strtoul>:
  400f08:	41 57                	push   %r15
  400f0a:	41 56                	push   %r14
  400f0c:	41 55                	push   %r13
  400f0e:	49 89 f5             	mov    %rsi,%r13
  400f11:	41 54                	push   %r12
  400f13:	49 89 fc             	mov    %rdi,%r12
  400f16:	55                   	push   %rbp
  400f17:	89 d5                	mov    %edx,%ebp
  400f19:	53                   	push   %rbx
  400f1a:	48 89 fb             	mov    %rdi,%rbx
  400f1d:	51                   	push   %rcx
  400f1e:	44 8a 33             	mov    (%rbx),%r14b
  400f21:	41 0f be fe          	movsbl %r14b,%edi
  400f25:	e8 d1 05 00 00       	callq  4014fb <__isspace_ascii>
  400f2a:	85 c0                	test   %eax,%eax
  400f2c:	74 05                	je     400f33 <strtoul+0x2b>
  400f2e:	48 ff c3             	inc    %rbx
  400f31:	eb eb                	jmp    400f1e <strtoul+0x16>
  400f33:	41 80 fe 2d          	cmp    $0x2d,%r14b
  400f37:	75 0b                	jne    400f44 <strtoul+0x3c>
  400f39:	48 ff c3             	inc    %rbx
  400f3c:	41 bf 01 00 00 00    	mov    $0x1,%r15d
  400f42:	eb 0f                	jmp    400f53 <strtoul+0x4b>
  400f44:	31 c0                	xor    %eax,%eax
  400f46:	45 31 ff             	xor    %r15d,%r15d
  400f49:	41 80 fe 2b          	cmp    $0x2b,%r14b
  400f4d:	0f 94 c0             	sete   %al
  400f50:	48 01 c3             	add    %rax,%rbx
  400f53:	83 fd 10             	cmp    $0x10,%ebp
  400f56:	75 07                	jne    400f5f <strtoul+0x57>
  400f58:	80 3b 30             	cmpb   $0x30,(%rbx)
  400f5b:	75 06                	jne    400f63 <strtoul+0x5b>
  400f5d:	eb 2a                	jmp    400f89 <strtoul+0x81>
  400f5f:	85 ed                	test   %ebp,%ebp
  400f61:	74 1c                	je     400f7f <strtoul+0x77>
  400f63:	8d 45 fe             	lea    -0x2(%rbp),%eax
  400f66:	48 89 d9             	mov    %rbx,%rcx
  400f69:	83 f8 22             	cmp    $0x22,%eax
  400f6c:	76 4b                	jbe    400fb9 <strtoul+0xb1>
  400f6e:	c7 05 90 10 20 00 16 	movl   $0x16,0x201090(%rip)        # 602008 <errno>
  400f75:	00 00 00 
  400f78:	31 c0                	xor    %eax,%eax
  400f7a:	e9 fc 00 00 00       	jmpq   40107b <strtoul+0x173>
  400f7f:	80 3b 30             	cmpb   $0x30,(%rbx)
  400f82:	75 2d                	jne    400fb1 <strtoul+0xa9>
  400f84:	bd 08 00 00 00       	mov    $0x8,%ebp
  400f89:	8a 43 01             	mov    0x1(%rbx),%al
  400f8c:	48 89 d9             	mov    %rbx,%rcx
  400f8f:	83 e0 df             	and    $0xffffffdf,%eax
  400f92:	3c 58                	cmp    $0x58,%al
  400f94:	75 23                	jne    400fb9 <strtoul+0xb1>
  400f96:	0f be 7b 02          	movsbl 0x2(%rbx),%edi
  400f9a:	e8 71 05 00 00       	callq  401510 <__isxdigit_ascii>
  400f9f:	85 c0                	test   %eax,%eax
  400fa1:	48 89 d9             	mov    %rbx,%rcx
  400fa4:	74 13                	je     400fb9 <strtoul+0xb1>
  400fa6:	48 8d 4b 02          	lea    0x2(%rbx),%rcx
  400faa:	bd 10 00 00 00       	mov    $0x10,%ebp
  400faf:	eb 08                	jmp    400fb9 <strtoul+0xb1>
  400fb1:	48 89 d9             	mov    %rbx,%rcx
  400fb4:	bd 0a 00 00 00       	mov    $0xa,%ebp
  400fb9:	31 c0                	xor    %eax,%eax
  400fbb:	31 f6                	xor    %esi,%esi
  400fbd:	41 b0 ff             	mov    $0xff,%r8b
  400fc0:	48 63 fd             	movslq %ebp,%rdi
  400fc3:	49 b9 ff ff ff ff ff 	movabs $0xffffffffffffff,%r9
  400fca:	ff ff 00 
  400fcd:	41 ba 01 00 00 00    	mov    $0x1,%r10d
  400fd3:	8a 11                	mov    (%rcx),%dl
  400fd5:	84 d2                	test   %dl,%dl
  400fd7:	74 2b                	je     401004 <strtoul+0xfc>
  400fd9:	80 fa 60             	cmp    $0x60,%dl
  400fdc:	76 05                	jbe    400fe3 <strtoul+0xdb>
  400fde:	83 ea 57             	sub    $0x57,%edx
  400fe1:	eb 18                	jmp    400ffb <strtoul+0xf3>
  400fe3:	80 fa 40             	cmp    $0x40,%dl
  400fe6:	76 05                	jbe    400fed <strtoul+0xe5>
  400fe8:	83 ea 37             	sub    $0x37,%edx
  400feb:	eb 0e                	jmp    400ffb <strtoul+0xf3>
  400fed:	44 8d 5a d0          	lea    -0x30(%rdx),%r11d
  400ff1:	80 fa 39             	cmp    $0x39,%dl
  400ff4:	44 88 da             	mov    %r11b,%dl
  400ff7:	41 0f 47 d0          	cmova  %r8d,%edx
  400ffb:	44 0f b6 da          	movzbl %dl,%r11d
  400fff:	41 39 eb             	cmp    %ebp,%r11d
  401002:	7c 16                	jl     40101a <strtoul+0x112>
  401004:	48 39 d9             	cmp    %rbx,%rcx
  401007:	75 48                	jne    401051 <strtoul+0x149>
  401009:	c7 05 f5 0f 20 00 16 	movl   $0x16,0x200ff5(%rip)        # 602008 <errno>
  401010:	00 00 00 
  401013:	4c 89 e1             	mov    %r12,%rcx
  401016:	31 c0                	xor    %eax,%eax
  401018:	eb 37                	jmp    401051 <strtoul+0x149>
  40101a:	44 0f b6 d8          	movzbl %al,%r11d
  40101e:	48 c1 e8 08          	shr    $0x8,%rax
  401022:	0f b6 d2             	movzbl %dl,%edx
  401025:	4c 0f af df          	imul   %rdi,%r11
  401029:	48 0f af c7          	imul   %rdi,%rax
  40102d:	49 01 d3             	add    %rdx,%r11
  401030:	4c 89 da             	mov    %r11,%rdx
  401033:	45 0f b6 db          	movzbl %r11b,%r11d
  401037:	48 c1 ea 08          	shr    $0x8,%rdx
  40103b:	48 01 d0             	add    %rdx,%rax
  40103e:	4c 39 c8             	cmp    %r9,%rax
  401041:	41 0f 47 f2          	cmova  %r10d,%esi
  401045:	48 c1 e0 08          	shl    $0x8,%rax
  401049:	48 ff c1             	inc    %rcx
  40104c:	4c 01 d8             	add    %r11,%rax
  40104f:	eb 82                	jmp    400fd3 <strtoul+0xcb>
  401051:	4d 85 ed             	test   %r13,%r13
  401054:	74 04                	je     40105a <strtoul+0x152>
  401056:	49 89 4d 00          	mov    %rcx,0x0(%r13)
  40105a:	85 f6                	test   %esi,%esi
  40105c:	74 10                	je     40106e <strtoul+0x166>
  40105e:	c7 05 a0 0f 20 00 22 	movl   $0x22,0x200fa0(%rip)        # 602008 <errno>
  401065:	00 00 00 
  401068:	48 83 c8 ff          	or     $0xffffffffffffffff,%rax
  40106c:	eb 0d                	jmp    40107b <strtoul+0x173>
  40106e:	48 89 c2             	mov    %rax,%rdx
  401071:	48 f7 da             	neg    %rdx
  401074:	45 85 ff             	test   %r15d,%r15d
  401077:	48 0f 45 c2          	cmovne %rdx,%rax
  40107b:	5a                   	pop    %rdx
  40107c:	5b                   	pop    %rbx
  40107d:	5d                   	pop    %rbp
  40107e:	41 5c                	pop    %r12
  401080:	41 5d                	pop    %r13
  401082:	41 5e                	pop    %r14
  401084:	41 5f                	pop    %r15
  401086:	c3                   	retq   

0000000000401087 <_exit>:
  401087:	b0 3c                	mov    $0x3c,%al

0000000000401089 <__unified_syscall>:
  401089:	b4 00                	mov    $0x0,%ah

000000000040108b <__unified_syscall_16bit>:
  40108b:	0f b7 c0             	movzwl %ax,%eax
  40108e:	49 89 ca             	mov    %rcx,%r10
  401091:	0f 05                	syscall 

0000000000401093 <__error_unified_syscall>:
  401093:	48 3d 7c ff ff ff    	cmp    $0xffffffffffffff7c,%rax
  401099:	76 0f                	jbe    4010aa <__you_tried_to_link_a_dietlibc_object_against_glibc>
  40109b:	f7 d8                	neg    %eax
  40109d:	50                   	push   %rax
  40109e:	e8 34 04 00 00       	callq  4014d7 <__errno_location>
  4010a3:	59                   	pop    %rcx
  4010a4:	89 08                	mov    %ecx,(%rax)
  4010a6:	48 83 c8 ff          	or     $0xffffffffffffffff,%rax

00000000004010aa <__you_tried_to_link_a_dietlibc_object_against_glibc>:
  4010aa:	c3                   	retq   
  4010ab:	31 c9                	xor    %ecx,%ecx
  4010ad:	39 ce                	cmp    %ecx,%esi
  4010af:	89 c8                	mov    %ecx,%eax
  4010b1:	7e 10                	jle    4010c3 <__you_tried_to_link_a_dietlibc_object_against_glibc+0x19>
  4010b3:	83 f9 02             	cmp    $0x2,%ecx
  4010b6:	7f 0b                	jg     4010c3 <__you_tried_to_link_a_dietlibc_object_against_glibc+0x19>
  4010b8:	8a 04 0a             	mov    (%rdx,%rcx,1),%al
  4010bb:	88 04 0f             	mov    %al,(%rdi,%rcx,1)
  4010be:	48 ff c1             	inc    %rcx
  4010c1:	eb ea                	jmp    4010ad <__you_tried_to_link_a_dietlibc_object_against_glibc+0x3>
  4010c3:	39 f0                	cmp    %esi,%eax
  4010c5:	7d 09                	jge    4010d0 <__you_tried_to_link_a_dietlibc_object_against_glibc+0x26>
  4010c7:	48 63 d0             	movslq %eax,%rdx
  4010ca:	ff c0                	inc    %eax
  4010cc:	c6 04 17 00          	movb   $0x0,(%rdi,%rdx,1)
  4010d0:	c3                   	retq   

00000000004010d1 <__dtostr>:
  4010d1:	41 54                	push   %r12
  4010d3:	55                   	push   %rbp
  4010d4:	48 89 fd             	mov    %rdi,%rbp
  4010d7:	53                   	push   %rbx
  4010d8:	48 83 ec 10          	sub    $0x10,%rsp
  4010dc:	f2 0f 10 0d 2c 05 00 	movsd  0x52c(%rip),%xmm1        # 401610 <memmove+0xe4>
  4010e3:	00 
  4010e4:	0f 54 c8             	andps  %xmm0,%xmm1
  4010e7:	66 0f 2e 0d f1 04 00 	ucomisd 0x4f1(%rip),%xmm1        # 4015e0 <memmove+0xb4>
  4010ee:	00 
  4010ef:	76 07                	jbe    4010f8 <__dtostr+0x27>
  4010f1:	ba c0 15 40 00       	mov    $0x4015c0,%edx
  4010f6:	eb 0b                	jmp    401103 <__dtostr+0x32>
  4010f8:	66 0f 2e c0          	ucomisd %xmm0,%xmm0
  4010fc:	7b 12                	jnp    401110 <__dtostr+0x3f>
  4010fe:	ba c4 15 40 00       	mov    $0x4015c4,%edx
  401103:	48 83 c4 10          	add    $0x10,%rsp
  401107:	48 89 ef             	mov    %rbp,%rdi
  40110a:	5b                   	pop    %rbx
  40110b:	5d                   	pop    %rbp
  40110c:	41 5c                	pop    %r12
  40110e:	eb 9b                	jmp    4010ab <__you_tried_to_link_a_dietlibc_object_against_glibc+0x1>
  401110:	0f 57 c9             	xorps  %xmm1,%xmm1
  401113:	66 0f d6 44 24 08    	movq   %xmm0,0x8(%rsp)
  401119:	4c 8b 4c 24 08       	mov    0x8(%rsp),%r9
  40111e:	66 0f 2e c1          	ucomisd %xmm1,%xmm0
  401122:	7a 56                	jp     40117a <__dtostr+0xa9>
  401124:	75 54                	jne    40117a <__dtostr+0xa9>
  401126:	8d 51 02             	lea    0x2(%rcx),%edx
  401129:	85 c9                	test   %ecx,%ecx
  40112b:	b8 01 00 00 00       	mov    $0x1,%eax
  401130:	0f 45 c2             	cmovne %edx,%eax
  401133:	39 f0                	cmp    %esi,%eax
  401135:	77 08                	ja     40113f <__dtostr+0x6e>
  401137:	31 db                	xor    %ebx,%ebx
  401139:	85 c0                	test   %eax,%eax
  40113b:	74 14                	je     401151 <__dtostr+0x80>
  40113d:	eb 05                	jmp    401144 <__dtostr+0x73>
  40113f:	b8 08 00 00 00       	mov    $0x8,%eax
  401144:	31 db                	xor    %ebx,%ebx
  401146:	4d 85 c9             	test   %r9,%r9
  401149:	79 06                	jns    401151 <__dtostr+0x80>
  40114b:	c6 45 00 2d          	movb   $0x2d,0x0(%rbp)
  40114f:	b3 01                	mov    $0x1,%bl
  401151:	39 c3                	cmp    %eax,%ebx
  401153:	89 da                	mov    %ebx,%edx
  401155:	73 09                	jae    401160 <__dtostr+0x8f>
  401157:	c6 44 15 00 30       	movb   $0x30,0x0(%rbp,%rdx,1)
  40115c:	ff c3                	inc    %ebx
  40115e:	eb f1                	jmp    401151 <__dtostr+0x80>
  401160:	31 c0                	xor    %eax,%eax
  401162:	80 7d 00 30          	cmpb   $0x30,0x0(%rbp)
  401166:	0f 95 c0             	setne  %al
  401169:	c6 44 05 01 2e       	movb   $0x2e,0x1(%rbp,%rax,1)
  40116e:	c6 44 15 00 00       	movb   $0x0,0x0(%rbp,%rdx,1)
  401173:	89 d8                	mov    %ebx,%eax
  401175:	e9 5c 02 00 00       	jmpq   4013d6 <__dtostr+0x305>
  40117a:	66 0f 2e c8          	ucomisd %xmm0,%xmm1
  40117e:	76 17                	jbe    401197 <__dtostr+0xc6>
  401180:	f2 0f 10 15 98 04 00 	movsd  0x498(%rip),%xmm2        # 401620 <memmove+0xf4>
  401187:	00 
  401188:	c6 45 00 2d          	movb   $0x2d,0x0(%rbp)
  40118c:	ff ce                	dec    %esi
  40118e:	48 8d 5d 01          	lea    0x1(%rbp),%rbx
  401192:	0f 57 d0             	xorps  %xmm0,%xmm2
  401195:	eb 07                	jmp    40119e <__dtostr+0xcd>
  401197:	66 0f 28 d0          	movapd %xmm0,%xmm2
  40119b:	48 89 eb             	mov    %rbp,%rbx
  40119e:	f2 0f 10 0d 22 04 00 	movsd  0x422(%rip),%xmm1        # 4015c8 <memmove+0x9c>
  4011a5:	00 
  4011a6:	31 ff                	xor    %edi,%edi
  4011a8:	f2 0f 10 1d 28 04 00 	movsd  0x428(%rip),%xmm3        # 4015d8 <memmove+0xac>
  4011af:	00 
  4011b0:	39 cf                	cmp    %ecx,%edi
  4011b2:	74 08                	je     4011bc <__dtostr+0xeb>
  4011b4:	f2 0f 59 cb          	mulsd  %xmm3,%xmm1
  4011b8:	ff c7                	inc    %edi
  4011ba:	eb f4                	jmp    4011b0 <__dtostr+0xdf>
  4011bc:	f2 0f 58 d1          	addsd  %xmm1,%xmm2
  4011c0:	f2 0f 10 0d 20 04 00 	movsd  0x420(%rip),%xmm1        # 4015e8 <memmove+0xbc>
  4011c7:	00 
  4011c8:	66 0f 2e ca          	ucomisd %xmm2,%xmm1
  4011cc:	76 08                	jbe    4011d6 <__dtostr+0x105>
  4011ce:	c6 03 30             	movb   $0x30,(%rbx)
  4011d1:	ff ce                	dec    %esi
  4011d3:	48 ff c3             	inc    %rbx
  4011d6:	4c 89 c8             	mov    %r9,%rax
  4011d9:	48 c1 e8 34          	shr    $0x34,%rax
  4011dd:	25 ff 07 00 00       	and    $0x7ff,%eax
  4011e2:	48 2d ff 03 00 00    	sub    $0x3ff,%rax
  4011e8:	f2 48 0f 2a c8       	cvtsi2sd %rax,%xmm1
  4011ed:	f2 0f 59 0d fb 03 00 	mulsd  0x3fb(%rip),%xmm1        # 4015f0 <memmove+0xc4>
  4011f4:	00 
  4011f5:	f2 4c 0f 2c e1       	cvttsd2si %xmm1,%r12
  4011fa:	49 ff c4             	inc    %r12
  4011fd:	4d 85 e4             	test   %r12,%r12
  401200:	0f 8e 29 01 00 00    	jle    40132f <__dtostr+0x25e>
  401206:	f2 0f 10 0d c2 03 00 	movsd  0x3c2(%rip),%xmm1        # 4015d0 <memmove+0xa4>
  40120d:	00 
  40120e:	44 89 e0             	mov    %r12d,%eax
  401211:	f2 0f 10 1d df 03 00 	movsd  0x3df(%rip),%xmm3        # 4015f8 <memmove+0xcc>
  401218:	00 
  401219:	66 0f 28 e1          	movapd %xmm1,%xmm4
  40121d:	83 f8 0a             	cmp    $0xa,%eax
  401220:	76 09                	jbe    40122b <__dtostr+0x15a>
  401222:	f2 0f 59 cb          	mulsd  %xmm3,%xmm1
  401226:	83 e8 0a             	sub    $0xa,%eax
  401229:	eb f2                	jmp    40121d <__dtostr+0x14c>
  40122b:	83 f8 01             	cmp    $0x1,%eax
  40122e:	76 08                	jbe    401238 <__dtostr+0x167>
  401230:	f2 0f 59 cc          	mulsd  %xmm4,%xmm1
  401234:	ff c8                	dec    %eax
  401236:	eb f3                	jmp    40122b <__dtostr+0x15a>
  401238:	f2 0f 10 2d c0 03 00 	movsd  0x3c0(%rip),%xmm5        # 401600 <memmove+0xd4>
  40123f:	00 
  401240:	b8 01 00 00 00       	mov    $0x1,%eax
  401245:	66 0f 2e cd          	ucomisd %xmm5,%xmm1
  401249:	0f 86 e8 00 00 00    	jbe    401337 <__dtostr+0x266>
  40124f:	66 0f 28 da          	movapd %xmm2,%xmm3
  401253:	f2 0f 5e d9          	divsd  %xmm1,%xmm3
  401257:	f2 0f 2c fb          	cvttsd2si %xmm3,%edi
  40125b:	40 84 ff             	test   %dil,%dil
  40125e:	75 08                	jne    401268 <__dtostr+0x197>
  401260:	85 c0                	test   %eax,%eax
  401262:	0f 85 b9 00 00 00    	jne    401321 <__dtostr+0x250>
  401268:	8d 47 30             	lea    0x30(%rdi),%eax
  40126b:	48 ff c3             	inc    %rbx
  40126e:	88 43 ff             	mov    %al,-0x1(%rbx)
  401271:	85 f6                	test   %esi,%esi
  401273:	0f 85 92 00 00 00    	jne    40130b <__dtostr+0x23a>
  401279:	f2 0f 5e c1          	divsd  %xmm1,%xmm0
  40127d:	45 31 c0             	xor    %r8d,%r8d
  401280:	48 89 ef             	mov    %rbp,%rdi
  401283:	e8 49 fe ff ff       	callq  4010d1 <__dtostr>
  401288:	85 c0                	test   %eax,%eax
  40128a:	75 07                	jne    401293 <__dtostr+0x1c2>
  40128c:	31 c0                	xor    %eax,%eax
  40128e:	e9 43 01 00 00       	jmpq   4013d6 <__dtostr+0x305>
  401293:	48 63 d0             	movslq %eax,%rdx
  401296:	f7 d0                	not    %eax
  401298:	41 b8 04 00 00 00    	mov    $0x4,%r8d
  40129e:	48 01 d3             	add    %rdx,%rbx
  4012a1:	89 c6                	mov    %eax,%esi
  4012a3:	41 b9 01 00 00 00    	mov    $0x1,%r9d
  4012a9:	c6 03 65             	movb   $0x65,(%rbx)
  4012ac:	bf e8 03 00 00       	mov    $0x3e8,%edi
  4012b1:	48 ff c3             	inc    %rbx
  4012b4:	41 ba 0a 00 00 00    	mov    $0xa,%r10d
  4012ba:	48 63 cf             	movslq %edi,%rcx
  4012bd:	49 39 cc             	cmp    %rcx,%r12
  4012c0:	7d 05                	jge    4012c7 <__dtostr+0x1f6>
  4012c2:	45 85 c9             	test   %r9d,%r9d
  4012c5:	75 27                	jne    4012ee <__dtostr+0x21d>
  4012c7:	85 f6                	test   %esi,%esi
  4012c9:	74 11                	je     4012dc <__dtostr+0x20b>
  4012cb:	4c 89 e0             	mov    %r12,%rax
  4012ce:	48 ff c3             	inc    %rbx
  4012d1:	48 99                	cqto   
  4012d3:	48 f7 f9             	idiv   %rcx
  4012d6:	83 c0 30             	add    $0x30,%eax
  4012d9:	88 43 ff             	mov    %al,-0x1(%rbx)
  4012dc:	4c 89 e0             	mov    %r12,%rax
  4012df:	ff ce                	dec    %esi
  4012e1:	45 31 c9             	xor    %r9d,%r9d
  4012e4:	48 99                	cqto   
  4012e6:	48 f7 f9             	idiv   %rcx
  4012e9:	49 89 d4             	mov    %rdx,%r12
  4012ec:	eb 06                	jmp    4012f4 <__dtostr+0x223>
  4012ee:	41 b9 01 00 00 00    	mov    $0x1,%r9d
  4012f4:	89 f8                	mov    %edi,%eax
  4012f6:	99                   	cltd   
  4012f7:	41 f7 fa             	idiv   %r10d
  4012fa:	41 ff c8             	dec    %r8d
  4012fd:	89 c7                	mov    %eax,%edi
  4012ff:	75 b9                	jne    4012ba <__dtostr+0x1e9>
  401301:	85 f6                	test   %esi,%esi
  401303:	0f 85 c6 00 00 00    	jne    4013cf <__dtostr+0x2fe>
  401309:	eb 81                	jmp    40128c <__dtostr+0x1bb>
  40130b:	40 0f be ff          	movsbl %dil,%edi
  40130f:	ff ce                	dec    %esi
  401311:	31 c0                	xor    %eax,%eax
  401313:	f2 0f 2a df          	cvtsi2sd %edi,%xmm3
  401317:	f2 0f 59 d9          	mulsd  %xmm1,%xmm3
  40131b:	f2 0f 5c d3          	subsd  %xmm3,%xmm2
  40131f:	eb 05                	jmp    401326 <__dtostr+0x255>
  401321:	b8 01 00 00 00       	mov    $0x1,%eax
  401326:	f2 0f 5e cc          	divsd  %xmm4,%xmm1
  40132a:	e9 16 ff ff ff       	jmpq   401245 <__dtostr+0x174>
  40132f:	f2 0f 10 0d a1 02 00 	movsd  0x2a1(%rip),%xmm1        # 4015d8 <memmove+0xac>
  401336:	00 
  401337:	48 39 eb             	cmp    %rbp,%rbx
  40133a:	75 10                	jne    40134c <__dtostr+0x27b>
  40133c:	85 f6                	test   %esi,%esi
  40133e:	0f 84 48 ff ff ff    	je     40128c <__dtostr+0x1bb>
  401344:	c6 03 30             	movb   $0x30,(%rbx)
  401347:	ff ce                	dec    %esi
  401349:	48 ff c3             	inc    %rbx
  40134c:	85 c9                	test   %ecx,%ecx
  40134e:	75 0c                	jne    40135c <__dtostr+0x28b>
  401350:	48 89 d8             	mov    %rbx,%rax
  401353:	48 29 e8             	sub    %rbp,%rax
  401356:	ff c0                	inc    %eax
  401358:	39 c2                	cmp    %eax,%edx
  40135a:	76 73                	jbe    4013cf <__dtostr+0x2fe>
  40135c:	85 f6                	test   %esi,%esi
  40135e:	0f 84 28 ff ff ff    	je     40128c <__dtostr+0x1bb>
  401364:	ff ce                	dec    %esi
  401366:	45 85 c0             	test   %r8d,%r8d
  401369:	c6 03 2e             	movb   $0x2e,(%rbx)
  40136c:	48 8d 7b 01          	lea    0x1(%rbx),%rdi
  401370:	74 07                	je     401379 <__dtostr+0x2a8>
  401372:	85 c9                	test   %ecx,%ecx
  401374:	0f 45 d1             	cmovne %ecx,%edx
  401377:	eb 04                	jmp    40137d <__dtostr+0x2ac>
  401379:	85 c9                	test   %ecx,%ecx
  40137b:	75 0a                	jne    401387 <__dtostr+0x2b6>
  40137d:	48 89 e8             	mov    %rbp,%rax
  401380:	48 29 f8             	sub    %rdi,%rax
  401383:	8d 4c 02 01          	lea    0x1(%rdx,%rax,1),%ecx
  401387:	39 f1                	cmp    %esi,%ecx
  401389:	0f 87 fd fe ff ff    	ja     40128c <__dtostr+0x1bb>
  40138f:	f2 0f 10 1d 39 02 00 	movsd  0x239(%rip),%xmm3        # 4015d0 <memmove+0xa4>
  401396:	00 
  401397:	31 c0                	xor    %eax,%eax
  401399:	39 c1                	cmp    %eax,%ecx
  40139b:	74 2c                	je     4013c9 <__dtostr+0x2f8>
  40139d:	66 0f 28 c2          	movapd %xmm2,%xmm0
  4013a1:	f2 0f 5e c1          	divsd  %xmm1,%xmm0
  4013a5:	f2 0f 2c d0          	cvttsd2si %xmm0,%edx
  4013a9:	8d 72 30             	lea    0x30(%rdx),%esi
  4013ac:	0f be d2             	movsbl %dl,%edx
  4013af:	f2 0f 2a c2          	cvtsi2sd %edx,%xmm0
  4013b3:	40 88 74 03 01       	mov    %sil,0x1(%rbx,%rax,1)
  4013b8:	48 ff c0             	inc    %rax
  4013bb:	f2 0f 59 c1          	mulsd  %xmm1,%xmm0
  4013bf:	f2 0f 5e cb          	divsd  %xmm3,%xmm1
  4013c3:	f2 0f 5c d0          	subsd  %xmm0,%xmm2
  4013c7:	eb d0                	jmp    401399 <__dtostr+0x2c8>
  4013c9:	89 c9                	mov    %ecx,%ecx
  4013cb:	48 8d 1c 0f          	lea    (%rdi,%rcx,1),%rbx
  4013cf:	89 d8                	mov    %ebx,%eax
  4013d1:	c6 03 00             	movb   $0x0,(%rbx)
  4013d4:	29 e8                	sub    %ebp,%eax
  4013d6:	48 83 c4 10          	add    $0x10,%rsp
  4013da:	5b                   	pop    %rbx
  4013db:	5d                   	pop    %rbp
  4013dc:	41 5c                	pop    %r12
  4013de:	c3                   	retq   

00000000004013df <__lltostr>:
  4013df:	ff ce                	dec    %esi
  4013e1:	53                   	push   %rbx
  4013e2:	49 89 d1             	mov    %rdx,%r9
  4013e5:	48 63 f6             	movslq %esi,%rsi
  4013e8:	48 01 fe             	add    %rdi,%rsi
  4013eb:	83 f9 24             	cmp    $0x24,%ecx
  4013ee:	c6 06 00             	movb   $0x0,(%rsi)
  4013f1:	7f 04                	jg     4013f7 <__lltostr+0x18>
  4013f3:	85 c9                	test   %ecx,%ecx
  4013f5:	75 05                	jne    4013fc <__lltostr+0x1d>
  4013f7:	b9 0a 00 00 00       	mov    $0xa,%ecx
  4013fc:	31 c0                	xor    %eax,%eax
  4013fe:	4d 85 c9             	test   %r9,%r9
  401401:	75 09                	jne    40140c <__lltostr+0x2d>
  401403:	c6 46 ff 30          	movb   $0x30,-0x1(%rsi)
  401407:	b0 01                	mov    $0x1,%al
  401409:	48 ff ce             	dec    %rsi
  40140c:	44 8d 14 30          	lea    (%rax,%rsi,1),%r10d
  401410:	48 63 c9             	movslq %ecx,%rcx
  401413:	44 89 d3             	mov    %r10d,%ebx
  401416:	29 f3                	sub    %esi,%ebx
  401418:	4d 85 c9             	test   %r9,%r9
  40141b:	74 34                	je     401451 <__lltostr+0x72>
  40141d:	48 39 fe             	cmp    %rdi,%rsi
  401420:	76 2f                	jbe    401451 <__lltostr+0x72>
  401422:	31 d2                	xor    %edx,%edx
  401424:	4c 89 c8             	mov    %r9,%rax
  401427:	48 ff ce             	dec    %rsi
  40142a:	48 f7 f1             	div    %rcx
  40142d:	83 c2 30             	add    $0x30,%edx
  401430:	80 fa 39             	cmp    $0x39,%dl
  401433:	7e 0d                	jle    401442 <__lltostr+0x63>
  401435:	41 80 f8 01          	cmp    $0x1,%r8b
  401439:	19 c0                	sbb    %eax,%eax
  40143b:	83 e0 20             	and    $0x20,%eax
  40143e:	8d 54 10 07          	lea    0x7(%rax,%rdx,1),%edx
  401442:	4c 89 c8             	mov    %r9,%rax
  401445:	88 16                	mov    %dl,(%rsi)
  401447:	31 d2                	xor    %edx,%edx
  401449:	48 f7 f1             	div    %rcx
  40144c:	49 89 c1             	mov    %rax,%r9
  40144f:	eb c2                	jmp    401413 <__lltostr+0x34>
  401451:	8d 53 01             	lea    0x1(%rbx),%edx
  401454:	e8 d3 00 00 00       	callq  40152c <memmove>
  401459:	89 d8                	mov    %ebx,%eax
  40145b:	5b                   	pop    %rbx
  40145c:	c3                   	retq   

000000000040145d <__ltostr>:
  40145d:	8d 41 ff             	lea    -0x1(%rcx),%eax
  401460:	ff ce                	dec    %esi
  401462:	53                   	push   %rbx
  401463:	48 01 fe             	add    %rdi,%rsi
  401466:	49 89 d1             	mov    %rdx,%r9
  401469:	83 f8 24             	cmp    $0x24,%eax
  40146c:	b8 0a 00 00 00       	mov    $0xa,%eax
  401471:	c6 06 00             	movb   $0x0,(%rsi)
  401474:	0f 43 c8             	cmovae %eax,%ecx
  401477:	30 c0                	xor    %al,%al
  401479:	48 85 d2             	test   %rdx,%rdx
  40147c:	75 09                	jne    401487 <__ltostr+0x2a>
  40147e:	c6 46 ff 30          	movb   $0x30,-0x1(%rsi)
  401482:	b0 01                	mov    $0x1,%al
  401484:	48 ff ce             	dec    %rsi
  401487:	44 8d 14 30          	lea    (%rax,%rsi,1),%r10d
  40148b:	89 c9                	mov    %ecx,%ecx
  40148d:	44 89 d3             	mov    %r10d,%ebx
  401490:	29 f3                	sub    %esi,%ebx
  401492:	4d 85 c9             	test   %r9,%r9
  401495:	74 34                	je     4014cb <__ltostr+0x6e>
  401497:	48 39 fe             	cmp    %rdi,%rsi
  40149a:	76 2f                	jbe    4014cb <__ltostr+0x6e>
  40149c:	31 d2                	xor    %edx,%edx
  40149e:	4c 89 c8             	mov    %r9,%rax
  4014a1:	48 ff ce             	dec    %rsi
  4014a4:	48 f7 f1             	div    %rcx
  4014a7:	83 c2 30             	add    $0x30,%edx
  4014aa:	80 fa 39             	cmp    $0x39,%dl
  4014ad:	7e 0d                	jle    4014bc <__ltostr+0x5f>
  4014af:	41 83 f8 01          	cmp    $0x1,%r8d
  4014b3:	19 c0                	sbb    %eax,%eax
  4014b5:	83 e0 20             	and    $0x20,%eax
  4014b8:	8d 54 10 07          	lea    0x7(%rax,%rdx,1),%edx
  4014bc:	4c 89 c8             	mov    %r9,%rax
  4014bf:	88 16                	mov    %dl,(%rsi)
  4014c1:	31 d2                	xor    %edx,%edx
  4014c3:	48 f7 f1             	div    %rcx
  4014c6:	49 89 c1             	mov    %rax,%r9
  4014c9:	eb c2                	jmp    40148d <__ltostr+0x30>
  4014cb:	8d 53 01             	lea    0x1(%rbx),%edx
  4014ce:	e8 59 00 00 00       	callq  40152c <memmove>
  4014d3:	89 d8                	mov    %ebx,%eax
  4014d5:	5b                   	pop    %rbx
  4014d6:	c3                   	retq   

00000000004014d7 <__errno_location>:
  4014d7:	b8 08 20 60 00       	mov    $0x602008,%eax
  4014dc:	c3                   	retq   

00000000004014dd <isalnum>:
  4014dd:	89 fa                	mov    %edi,%edx
  4014df:	b8 01 00 00 00       	mov    $0x1,%eax
  4014e4:	83 ca 20             	or     $0x20,%edx
  4014e7:	83 ea 61             	sub    $0x61,%edx
  4014ea:	83 fa 19             	cmp    $0x19,%edx
  4014ed:	76 0b                	jbe    4014fa <isalnum+0x1d>
  4014ef:	83 ef 30             	sub    $0x30,%edi
  4014f2:	31 c0                	xor    %eax,%eax
  4014f4:	83 ff 09             	cmp    $0x9,%edi
  4014f7:	0f 96 c0             	setbe  %al
  4014fa:	c3                   	retq   

00000000004014fb <__isspace_ascii>:
  4014fb:	8d 47 f7             	lea    -0x9(%rdi),%eax
  4014fe:	83 f8 04             	cmp    $0x4,%eax
  401501:	0f 96 c0             	setbe  %al
  401504:	83 ff 20             	cmp    $0x20,%edi
  401507:	0f 94 c2             	sete   %dl
  40150a:	09 d0                	or     %edx,%eax
  40150c:	0f b6 c0             	movzbl %al,%eax
  40150f:	c3                   	retq   

0000000000401510 <__isxdigit_ascii>:
  401510:	8d 57 d0             	lea    -0x30(%rdi),%edx
  401513:	b8 01 00 00 00       	mov    $0x1,%eax
  401518:	83 fa 09             	cmp    $0x9,%edx
  40151b:	76 0e                	jbe    40152b <__isxdigit_ascii+0x1b>
  40151d:	83 cf 20             	or     $0x20,%edi
  401520:	31 c0                	xor    %eax,%eax
  401522:	83 ef 61             	sub    $0x61,%edi
  401525:	83 ff 05             	cmp    $0x5,%edi
  401528:	0f 96 c0             	setbe  %al
  40152b:	c3                   	retq   

000000000040152c <memmove>:
  40152c:	48 39 fe             	cmp    %rdi,%rsi
  40152f:	48 89 f8             	mov    %rdi,%rax
  401532:	74 43                	je     401577 <memmove+0x4b>
  401534:	76 15                	jbe    40154b <memmove+0x1f>
  401536:	31 c9                	xor    %ecx,%ecx
  401538:	48 39 d1             	cmp    %rdx,%rcx
  40153b:	74 0d                	je     40154a <memmove+0x1e>
  40153d:	40 8a 3c 0e          	mov    (%rsi,%rcx,1),%dil
  401541:	40 88 3c 08          	mov    %dil,(%rax,%rcx,1)
  401545:	48 ff c1             	inc    %rcx
  401548:	eb ee                	jmp    401538 <memmove+0xc>
  40154a:	c3                   	retq   
  40154b:	48 8d 7a ff          	lea    -0x1(%rdx),%rdi
  40154f:	48 89 d1             	mov    %rdx,%rcx
  401552:	48 f7 d9             	neg    %rcx
  401555:	4c 8d 04 38          	lea    (%rax,%rdi,1),%r8
  401559:	48 01 fe             	add    %rdi,%rsi
  40155c:	48 01 ce             	add    %rcx,%rsi
  40155f:	4c 01 c1             	add    %r8,%rcx
  401562:	48 ff ca             	dec    %rdx
  401565:	48 83 fa ff          	cmp    $0xffffffffffffffff,%rdx
  401569:	74 0c                	je     401577 <memmove+0x4b>
  40156b:	40 8a 7c 16 01       	mov    0x1(%rsi,%rdx,1),%dil
  401570:	40 88 7c 11 01       	mov    %dil,0x1(%rcx,%rdx,1)
  401575:	eb eb                	jmp    401562 <memmove+0x36>
  401577:	c3                   	retq   
